<?xml version="1.0" encoding="UTF-8"?>
<testng-results skipped="0" failed="10" ignored="0" total="65" passed="55">
  <reporter-output>
  </reporter-output>
  <suite name="TestAllHome" duration-ms="109363" started-at="2019-04-11T13:35:12Z" finished-at="2019-04-11T13:37:01Z">
    <groups>
    </groups>
    <test name="HomePageComponents" duration-ms="109363" started-at="2019-04-11T13:35:12Z" finished-at="2019-04-11T13:37:01Z">
      <class name="Peugeot.ProdHomePageComponentsPeugeotItalyTest">
        <test-method status="PASS" signature="ThePeugeotLogoIsDisplayed()[pri:2, instance:Peugeot.ProdHomePageComponentsPeugeotItalyTest@77f99a05]" name="ThePeugeotLogoIsDisplayed" duration-ms="196" started-at="2019-04-11T13:35:12Z" finished-at="2019-04-11T13:35:12Z">
          <reporter-output>
          </reporter-output>
        </test-method> <!-- ThePeugeotLogoIsDisplayed -->
        <test-method status="PASS" signature="TheTextUnderThePageTitleIsCorrect()[pri:7, instance:Peugeot.ProdHomePageComponentsPeugeotItalyTest@77f99a05]" name="TheTextUnderThePageTitleIsCorrect" duration-ms="86" started-at="2019-04-11T13:35:24Z" finished-at="2019-04-11T13:35:24Z">
          <reporter-output>
          </reporter-output>
        </test-method> <!-- TheTextUnderThePageTitleIsCorrect -->
        <test-method status="PASS" signature="GotToHomePageWhenClickingOnThePeugeotLogo()[pri:8, instance:Peugeot.ProdHomePageComponentsPeugeotItalyTest@77f99a05]" name="GotToHomePageWhenClickingOnThePeugeotLogo" duration-ms="2757" started-at="2019-04-11T13:35:28Z" finished-at="2019-04-11T13:35:30Z">
          <reporter-output>
          </reporter-output>
        </test-method> <!-- GotToHomePageWhenClickingOnThePeugeotLogo -->
        <test-method status="PASS" signature="TheTwiterIconeIsPresent()[pri:10, instance:Peugeot.ProdHomePageComponentsPeugeotItalyTest@77f99a05]" name="TheTwiterIconeIsPresent" duration-ms="93" started-at="2019-04-11T13:35:43Z" finished-at="2019-04-11T13:35:43Z">
          <reporter-output>
          </reporter-output>
        </test-method> <!-- TheTwiterIconeIsPresent -->
        <test-method status="PASS" signature="TheFacebookIconeIsPresent()[pri:11, instance:Peugeot.ProdHomePageComponentsPeugeotItalyTest@77f99a05]" name="TheFacebookIconeIsPresent" duration-ms="51" started-at="2019-04-11T13:35:43Z" finished-at="2019-04-11T13:35:43Z">
          <reporter-output>
          </reporter-output>
        </test-method> <!-- TheFacebookIconeIsPresent -->
        <test-method status="PASS" signature="TheYoutubeIconeIsPresent()[pri:12, instance:Peugeot.ProdHomePageComponentsPeugeotItalyTest@77f99a05]" name="TheYoutubeIconeIsPresent" duration-ms="42" started-at="2019-04-11T13:35:43Z" finished-at="2019-04-11T13:35:43Z">
          <reporter-output>
          </reporter-output>
        </test-method> <!-- TheYoutubeIconeIsPresent -->
        <test-method status="PASS" signature="GotTwiterPageWhenClickingTheTwiterIcone()[pri:13, instance:Peugeot.ProdHomePageComponentsPeugeotItalyTest@77f99a05]" name="GotTwiterPageWhenClickingTheTwiterIcone" duration-ms="4329" started-at="2019-04-11T13:35:48Z" finished-at="2019-04-11T13:35:52Z">
          <reporter-output>
          </reporter-output>
        </test-method> <!-- GotTwiterPageWhenClickingTheTwiterIcone -->
        <test-method status="PASS" signature="GotFacebookPageWhenClickingTheFacebookIcone()[pri:14, instance:Peugeot.ProdHomePageComponentsPeugeotItalyTest@77f99a05]" name="GotFacebookPageWhenClickingTheFacebookIcone" duration-ms="3495" started-at="2019-04-11T13:35:56Z" finished-at="2019-04-11T13:36:00Z">
          <reporter-output>
          </reporter-output>
        </test-method> <!-- GotFacebookPageWhenClickingTheFacebookIcone -->
        <test-method status="PASS" signature="GotYoutubePageWhenClickingTheyoutubeIcone()[pri:15, instance:Peugeot.ProdHomePageComponentsPeugeotItalyTest@77f99a05]" name="GotYoutubePageWhenClickingTheyoutubeIcone" duration-ms="4360" started-at="2019-04-11T13:36:08Z" finished-at="2019-04-11T13:36:13Z">
          <reporter-output>
          </reporter-output>
        </test-method> <!-- GotYoutubePageWhenClickingTheyoutubeIcone -->
        <test-method status="PASS" signature="TheUserGeneralConditionsTextIsPresent()[pri:16, instance:Peugeot.ProdHomePageComponentsPeugeotItalyTest@77f99a05]" name="TheUserGeneralConditionsTextIsPresent" duration-ms="115" started-at="2019-04-11T13:36:18Z" finished-at="2019-04-11T13:36:18Z">
          <reporter-output>
          </reporter-output>
        </test-method> <!-- TheUserGeneralConditionsTextIsPresent -->
        <test-method status="PASS" signature="TheCookiesTextIsPresent()[pri:18, instance:Peugeot.ProdHomePageComponentsPeugeotItalyTest@77f99a05]" name="TheCookiesTextIsPresent" duration-ms="38" started-at="2019-04-11T13:36:19Z" finished-at="2019-04-11T13:36:19Z">
          <reporter-output>
          </reporter-output>
        </test-method> <!-- TheCookiesTextIsPresent -->
        <test-method status="PASS" signature="GotTheGeneralInformationPage()[pri:19, instance:Peugeot.ProdHomePageComponentsPeugeotItalyTest@77f99a05]" name="GotTheGeneralInformationPage" duration-ms="3479" started-at="2019-04-11T13:36:22Z" finished-at="2019-04-11T13:36:26Z">
          <reporter-output>
          </reporter-output>
        </test-method> <!-- GotTheGeneralInformationPage -->
        <test-method status="PASS" signature="GotTheCookiesPopUp()[pri:21, instance:Peugeot.ProdHomePageComponentsPeugeotItalyTest@77f99a05]" name="GotTheCookiesPopUp" duration-ms="3976" started-at="2019-04-11T13:36:40Z" finished-at="2019-04-11T13:36:44Z">
          <reporter-output>
          </reporter-output>
        </test-method> <!-- GotTheCookiesPopUp -->
      </class> <!-- Peugeot.ProdHomePageComponentsPeugeotItalyTest -->
      <class name="Peugeot.ProdHomePageComponentsPeugeotBelgiumFRTest">
        <test-method status="PASS" signature="BeforeTest()[pri:0, instance:Peugeot.ProdHomePageComponentsPeugeotBelgiumFRTest@3aeaafa6]" name="BeforeTest" is-config="true" duration-ms="8746" started-at="2019-04-11T13:33:44Z" finished-at="2019-04-11T13:33:53Z">
          <reporter-output>
          </reporter-output>
        </test-method> <!-- BeforeTest -->
        <test-method status="PASS" signature="BeforeTest()[pri:0, instance:Peugeot.ProdHomePageComponentsPeugeotBelgiumNLTest@76a3e297]" name="BeforeTest" is-config="true" duration-ms="19363" started-at="2019-04-11T13:33:53Z" finished-at="2019-04-11T13:34:12Z">
          <reporter-output>
          </reporter-output>
        </test-method> <!-- BeforeTest -->
        <test-method status="PASS" signature="BeforeTest()[pri:0, instance:Peugeot.ProdHomePageComponentsPeugeotFranceTest@a38d7a3]" name="BeforeTest" is-config="true" duration-ms="15766" started-at="2019-04-11T13:34:12Z" finished-at="2019-04-11T13:34:28Z">
          <reporter-output>
          </reporter-output>
        </test-method> <!-- BeforeTest -->
        <test-method status="PASS" signature="BeforeTest()[pri:0, instance:Peugeot.ProdHomePageComponentsPeugeotItalyTest@77f99a05]" name="BeforeTest" is-config="true" duration-ms="26973" started-at="2019-04-11T13:34:28Z" finished-at="2019-04-11T13:34:55Z">
          <reporter-output>
          </reporter-output>
        </test-method> <!-- BeforeTest -->
        <test-method status="PASS" signature="BeforeTest()[pri:0, instance:Peugeot.ProdHomePageComponentsPeugeotSpainTest@63440df3]" name="BeforeTest" is-config="true" duration-ms="16924" started-at="2019-04-11T13:34:55Z" finished-at="2019-04-11T13:35:12Z">
          <reporter-output>
          </reporter-output>
        </test-method> <!-- BeforeTest -->
        <test-method status="PASS" signature="ThePeugeotLogoIsDisplayed()[pri:2, instance:Peugeot.ProdHomePageComponentsPeugeotBelgiumFRTest@3aeaafa6]" name="ThePeugeotLogoIsDisplayed" duration-ms="57" started-at="2019-04-11T13:35:13Z" finished-at="2019-04-11T13:35:13Z">
          <reporter-output>
          </reporter-output>
        </test-method> <!-- ThePeugeotLogoIsDisplayed -->
        <test-method status="FAIL" signature="TheTextUnderThePageTitleIsCorrect()[pri:7, instance:Peugeot.ProdHomePageComponentsPeugeotBelgiumFRTest@3aeaafa6]" name="TheTextUnderThePageTitleIsCorrect" duration-ms="49" started-at="2019-04-11T13:35:24Z" finished-at="2019-04-11T13:35:24Z">
          <exception class="java.lang.AssertionError">
            <full-stacktrace>
              <![CDATA[java.lang.AssertionError
at Peugeot.ProdHomePageComponentsPeugeotBelgiumFRTest.TheTextUnderThePageTitleIsCorrect(ProdHomePageComponentsPeugeotBelgiumFRTest.java:41)
at sun.reflect.NativeMethodAccessorImpl.invoke0(Native Method)
at sun.reflect.NativeMethodAccessorImpl.invoke(NativeMethodAccessorImpl.java:62)
at sun.reflect.DelegatingMethodAccessorImpl.invoke(DelegatingMethodAccessorImpl.java:43)
at java.lang.reflect.Method.invoke(Method.java:498)
at org.testng.internal.MethodInvocationHelper.invokeMethod(MethodInvocationHelper.java:124)
at org.testng.internal.Invoker.invokeMethod(Invoker.java:580)
at org.testng.internal.Invoker.invokeTestMethod(Invoker.java:716)
at org.testng.internal.Invoker.invokeTestMethods(Invoker.java:988)
at org.testng.internal.TestMethodWorker.invokeTestMethods(TestMethodWorker.java:125)
at org.testng.internal.TestMethodWorker.run(TestMethodWorker.java:109)
at java.util.concurrent.ThreadPoolExecutor.runWorker(ThreadPoolExecutor.java:1149)
at java.util.concurrent.ThreadPoolExecutor$Worker.run(ThreadPoolExecutor.java:624)
at java.lang.Thread.run(Thread.java:748)
]]>
            </full-stacktrace>
          </exception> <!-- java.lang.AssertionError -->
          <reporter-output>
          </reporter-output>
        </test-method> <!-- TheTextUnderThePageTitleIsCorrect -->
        <test-method status="PASS" signature="GotToHomePageWhenClickingOnThePeugeotLogo()[pri:8, instance:Peugeot.ProdHomePageComponentsPeugeotBelgiumFRTest@3aeaafa6]" name="GotToHomePageWhenClickingOnThePeugeotLogo" duration-ms="2045" started-at="2019-04-11T13:35:34Z" finished-at="2019-04-11T13:35:36Z">
          <reporter-output>
          </reporter-output>
        </test-method> <!-- GotToHomePageWhenClickingOnThePeugeotLogo -->
        <test-method status="PASS" signature="TheFacebookIconeIsPresent()[pri:11, instance:Peugeot.ProdHomePageComponentsPeugeotBelgiumFRTest@3aeaafa6]" name="TheFacebookIconeIsPresent" duration-ms="59" started-at="2019-04-11T13:35:43Z" finished-at="2019-04-11T13:35:43Z">
          <reporter-output>
          </reporter-output>
        </test-method> <!-- TheFacebookIconeIsPresent -->
        <test-method status="PASS" signature="TheYoutubeIconeIsPresent()[pri:12, instance:Peugeot.ProdHomePageComponentsPeugeotBelgiumFRTest@3aeaafa6]" name="TheYoutubeIconeIsPresent" duration-ms="50" started-at="2019-04-11T13:35:43Z" finished-at="2019-04-11T13:35:44Z">
          <reporter-output>
          </reporter-output>
        </test-method> <!-- TheYoutubeIconeIsPresent -->
        <test-method status="PASS" signature="GotFacebookPageWhenClickingTheFacebookIcone()[pri:14, instance:Peugeot.ProdHomePageComponentsPeugeotBelgiumFRTest@3aeaafa6]" name="GotFacebookPageWhenClickingTheFacebookIcone" duration-ms="3485" started-at="2019-04-11T13:36:00Z" finished-at="2019-04-11T13:36:03Z">
          <reporter-output>
          </reporter-output>
        </test-method> <!-- GotFacebookPageWhenClickingTheFacebookIcone -->
        <test-method status="PASS" signature="GotYoutubePageWhenClickingTheyoutubeIcone()[pri:15, instance:Peugeot.ProdHomePageComponentsPeugeotBelgiumFRTest@3aeaafa6]" name="GotYoutubePageWhenClickingTheyoutubeIcone" duration-ms="5160" started-at="2019-04-11T13:36:13Z" finished-at="2019-04-11T13:36:18Z">
          <reporter-output>
          </reporter-output>
        </test-method> <!-- GotYoutubePageWhenClickingTheyoutubeIcone -->
        <test-method status="PASS" signature="TheUserGeneralConditionsTextIsPresent()[pri:16, instance:Peugeot.ProdHomePageComponentsPeugeotBelgiumFRTest@3aeaafa6]" name="TheUserGeneralConditionsTextIsPresent" duration-ms="81" started-at="2019-04-11T13:36:18Z" finished-at="2019-04-11T13:36:18Z">
          <reporter-output>
          </reporter-output>
        </test-method> <!-- TheUserGeneralConditionsTextIsPresent -->
        <test-method status="PASS" signature="TheCookiesTextIsPresent()[pri:18, instance:Peugeot.ProdHomePageComponentsPeugeotBelgiumFRTest@3aeaafa6]" name="TheCookiesTextIsPresent" duration-ms="41" started-at="2019-04-11T13:36:19Z" finished-at="2019-04-11T13:36:19Z">
          <reporter-output>
          </reporter-output>
        </test-method> <!-- TheCookiesTextIsPresent -->
        <test-method status="PASS" signature="GotTheUserGeneralConditionsPage()[pri:19, instance:Peugeot.ProdHomePageComponentsPeugeotBelgiumFRTest@3aeaafa6]" name="GotTheUserGeneralConditionsPage" duration-ms="3458" started-at="2019-04-11T13:36:29Z" finished-at="2019-04-11T13:36:33Z">
          <reporter-output>
          </reporter-output>
        </test-method> <!-- GotTheUserGeneralConditionsPage -->
        <test-method status="FAIL" signature="GotTheCookiesPopUp()[pri:21, instance:Peugeot.ProdHomePageComponentsPeugeotBelgiumFRTest@3aeaafa6]" name="GotTheCookiesPopUp" duration-ms="3244" started-at="2019-04-11T13:36:58Z" finished-at="2019-04-11T13:37:01Z">
          <exception class="org.openqa.selenium.NoSuchElementException">
            <message>
              <![CDATA[no such element: Unable to locate element: {"method":"xpath","selector":"//p[@id='_psaihm_title']"}
  (Session info: chrome=73.0.3683.103)
  (Driver info: chromedriver=73.0.3683.68 (47787ec04b6e38e22703e856e101e840b65afe72),platform=Windows NT 10.0.14393 x86_64) (WARNING: The server did not provide any stacktrace information)
Command duration or timeout: 0 milliseconds
For documentation on this error, please visit: http://seleniumhq.org/exceptions/no_such_element.html
Build info: version: '3.9.1', revision: '63f7b50', time: '2018-02-07T22:42:28.403Z'
System info: host: 'B1009809', ip: '10.82.56.205', os.name: 'Windows 10', os.arch: 'amd64', os.version: '10.0', java.version: '1.8.0_181'
Driver info: org.openqa.selenium.chrome.ChromeDriver
Capabilities {acceptInsecureCerts: false, acceptSslCerts: false, applicationCacheEnabled: false, browserConnectionEnabled: false, browserName: chrome, chrome: {chromedriverVersion: 73.0.3683.68 (47787ec04b6e3..., userDataDir: C:\Users\E562418\AppData\Lo...}, cssSelectorsEnabled: true, databaseEnabled: false, goog:chromeOptions: {debuggerAddress: localhost:56408}, handlesAlerts: true, hasTouchScreen: false, javascriptEnabled: true, locationContextEnabled: true, mobileEmulationEnabled: false, nativeEvents: true, networkConnectionEnabled: false, pageLoadStrategy: normal, platform: XP, platformName: XP, proxy: Proxy(), rotatable: false, setWindowRect: true, strictFileInteractability: false, takesHeapSnapshot: true, takesScreenshot: true, timeouts: {implicit: 0, pageLoad: 300000, script: 30000}, unexpectedAlertBehaviour: ignore, unhandledPromptBehavior: ignore, version: 73.0.3683.103, webStorageEnabled: true}
Session ID: 82ec8d797c44779e4bf9195ef6f6366e
*** Element info: {Using=xpath, value=//p[@id='_psaihm_title']}]]>
            </message>
            <full-stacktrace>
              <![CDATA[org.openqa.selenium.NoSuchElementException: no such element: Unable to locate element: {"method":"xpath","selector":"//p[@id='_psaihm_title']"}
  (Session info: chrome=73.0.3683.103)
  (Driver info: chromedriver=73.0.3683.68 (47787ec04b6e38e22703e856e101e840b65afe72),platform=Windows NT 10.0.14393 x86_64) (WARNING: The server did not provide any stacktrace information)
Command duration or timeout: 0 milliseconds
For documentation on this error, please visit: http://seleniumhq.org/exceptions/no_such_element.html
Build info: version: '3.9.1', revision: '63f7b50', time: '2018-02-07T22:42:28.403Z'
System info: host: 'B1009809', ip: '10.82.56.205', os.name: 'Windows 10', os.arch: 'amd64', os.version: '10.0', java.version: '1.8.0_181'
Driver info: org.openqa.selenium.chrome.ChromeDriver
Capabilities {acceptInsecureCerts: false, acceptSslCerts: false, applicationCacheEnabled: false, browserConnectionEnabled: false, browserName: chrome, chrome: {chromedriverVersion: 73.0.3683.68 (47787ec04b6e3..., userDataDir: C:\Users\E562418\AppData\Lo...}, cssSelectorsEnabled: true, databaseEnabled: false, goog:chromeOptions: {debuggerAddress: localhost:56408}, handlesAlerts: true, hasTouchScreen: false, javascriptEnabled: true, locationContextEnabled: true, mobileEmulationEnabled: false, nativeEvents: true, networkConnectionEnabled: false, pageLoadStrategy: normal, platform: XP, platformName: XP, proxy: Proxy(), rotatable: false, setWindowRect: true, strictFileInteractability: false, takesHeapSnapshot: true, takesScreenshot: true, timeouts: {implicit: 0, pageLoad: 300000, script: 30000}, unexpectedAlertBehaviour: ignore, unhandledPromptBehavior: ignore, version: 73.0.3683.103, webStorageEnabled: true}
Session ID: 82ec8d797c44779e4bf9195ef6f6366e
*** Element info: {Using=xpath, value=//p[@id='_psaihm_title']}
at sun.reflect.NativeConstructorAccessorImpl.newInstance0(Native Method)
at sun.reflect.NativeConstructorAccessorImpl.newInstance(NativeConstructorAccessorImpl.java:62)
at sun.reflect.DelegatingConstructorAccessorImpl.newInstance(DelegatingConstructorAccessorImpl.java:45)
at java.lang.reflect.Constructor.newInstance(Constructor.java:423)
at org.openqa.selenium.remote.ErrorHandler.createThrowable(ErrorHandler.java:214)
at org.openqa.selenium.remote.ErrorHandler.throwIfResponseFailed(ErrorHandler.java:166)
at org.openqa.selenium.remote.http.JsonHttpResponseCodec.reconstructValue(JsonHttpResponseCodec.java:40)
at org.openqa.selenium.remote.http.AbstractHttpResponseCodec.decode(AbstractHttpResponseCodec.java:80)
at org.openqa.selenium.remote.http.AbstractHttpResponseCodec.decode(AbstractHttpResponseCodec.java:44)
at org.openqa.selenium.remote.HttpCommandExecutor.execute(HttpCommandExecutor.java:160)
at org.openqa.selenium.remote.service.DriverCommandExecutor.execute(DriverCommandExecutor.java:83)
at org.openqa.selenium.remote.RemoteWebDriver.execute(RemoteWebDriver.java:601)
at org.openqa.selenium.remote.RemoteWebDriver.findElement(RemoteWebDriver.java:371)
at org.openqa.selenium.remote.RemoteWebDriver.findElementByXPath(RemoteWebDriver.java:473)
at org.openqa.selenium.By$ByXPath.findElement(By.java:361)
at org.openqa.selenium.remote.RemoteWebDriver.findElement(RemoteWebDriver.java:363)
at Peugeot.HomePagePEComposants.CheckClickOnCookies(HomePagePEComposants.java:163)
at Peugeot.ProdHomePageComponentsPeugeotBelgiumFRTest.GotTheCookiesPopUp(ProdHomePageComponentsPeugeotBelgiumFRTest.java:98)
at sun.reflect.NativeMethodAccessorImpl.invoke0(Native Method)
at sun.reflect.NativeMethodAccessorImpl.invoke(NativeMethodAccessorImpl.java:62)
at sun.reflect.DelegatingMethodAccessorImpl.invoke(DelegatingMethodAccessorImpl.java:43)
at java.lang.reflect.Method.invoke(Method.java:498)
at org.testng.internal.MethodInvocationHelper.invokeMethod(MethodInvocationHelper.java:124)
at org.testng.internal.Invoker.invokeMethod(Invoker.java:580)
at org.testng.internal.Invoker.invokeTestMethod(Invoker.java:716)
at org.testng.internal.Invoker.invokeTestMethods(Invoker.java:988)
at org.testng.internal.TestMethodWorker.invokeTestMethods(TestMethodWorker.java:125)
at org.testng.internal.TestMethodWorker.run(TestMethodWorker.java:109)
at java.util.concurrent.ThreadPoolExecutor.runWorker(ThreadPoolExecutor.java:1149)
at java.util.concurrent.ThreadPoolExecutor$Worker.run(ThreadPoolExecutor.java:624)
at java.lang.Thread.run(Thread.java:748)
]]>
            </full-stacktrace>
          </exception> <!-- org.openqa.selenium.NoSuchElementException -->
          <reporter-output>
          </reporter-output>
        </test-method> <!-- GotTheCookiesPopUp -->
        <test-method status="PASS" signature="AfterTest()[pri:0, instance:Peugeot.ProdHomePageComponentsPeugeotBelgiumFRTest@3aeaafa6]" name="AfterTest" is-config="true" duration-ms="276" started-at="2019-04-11T13:37:01Z" finished-at="2019-04-11T13:37:02Z">
          <reporter-output>
          </reporter-output>
        </test-method> <!-- AfterTest -->
        <test-method status="PASS" signature="AfterTest()[pri:0, instance:Peugeot.ProdHomePageComponentsPeugeotBelgiumNLTest@76a3e297]" name="AfterTest" is-config="true" duration-ms="342" started-at="2019-04-11T13:37:02Z" finished-at="2019-04-11T13:37:02Z">
          <reporter-output>
          </reporter-output>
        </test-method> <!-- AfterTest -->
        <test-method status="PASS" signature="AfterTest()[pri:0, instance:Peugeot.ProdHomePageComponentsPeugeotFranceTest@a38d7a3]" name="AfterTest" is-config="true" duration-ms="2194" started-at="2019-04-11T13:37:02Z" finished-at="2019-04-11T13:37:04Z">
          <reporter-output>
          </reporter-output>
        </test-method> <!-- AfterTest -->
        <test-method status="PASS" signature="AfterTest()[pri:0, instance:Peugeot.ProdHomePageComponentsPeugeotItalyTest@77f99a05]" name="AfterTest" is-config="true" duration-ms="309" started-at="2019-04-11T13:37:04Z" finished-at="2019-04-11T13:37:04Z">
          <reporter-output>
          </reporter-output>
        </test-method> <!-- AfterTest -->
        <test-method status="PASS" signature="AfterTest()[pri:0, instance:Peugeot.ProdHomePageComponentsPeugeotSpainTest@63440df3]" name="AfterTest" is-config="true" duration-ms="285" started-at="2019-04-11T13:37:04Z" finished-at="2019-04-11T13:37:05Z">
          <reporter-output>
          </reporter-output>
        </test-method> <!-- AfterTest -->
      </class> <!-- Peugeot.ProdHomePageComponentsPeugeotBelgiumFRTest -->
      <class name="Peugeot.ProdHomePageComponentsPeugeotBelgiumNLTest">
        <test-method status="PASS" signature="ThePageTitleisCorrect()[pri:1, instance:Peugeot.ProdHomePageComponentsPeugeotBelgiumNLTest@76a3e297]" name="ThePageTitleisCorrect" duration-ms="147" started-at="2019-04-11T13:35:12Z" finished-at="2019-04-11T13:35:12Z">
          <reporter-output>
          </reporter-output>
        </test-method> <!-- ThePageTitleisCorrect -->
        <test-method status="PASS" signature="ThePeugeotLogoIsDisplayed()[pri:2, instance:Peugeot.ProdHomePageComponentsPeugeotBelgiumNLTest@76a3e297]" name="ThePeugeotLogoIsDisplayed" duration-ms="59" started-at="2019-04-11T13:35:13Z" finished-at="2019-04-11T13:35:14Z">
          <reporter-output>
          </reporter-output>
        </test-method> <!-- ThePeugeotLogoIsDisplayed -->
        <test-method status="PASS" signature="TheTextUnderThePageTitleIsCorrect()[pri:3, instance:Peugeot.ProdHomePageComponentsPeugeotBelgiumNLTest@76a3e297]" name="TheTextUnderThePageTitleIsCorrect" duration-ms="65" started-at="2019-04-11T13:35:14Z" finished-at="2019-04-11T13:35:14Z">
          <reporter-output>
          </reporter-output>
        </test-method> <!-- TheTextUnderThePageTitleIsCorrect -->
        <test-method status="FAIL" signature="GotToHomePageWhenClickingOnThePeugeotLogo()[pri:4, instance:Peugeot.ProdHomePageComponentsPeugeotBelgiumNLTest@76a3e297]" name="GotToHomePageWhenClickingOnThePeugeotLogo" duration-ms="4335" started-at="2019-04-11T13:35:14Z" finished-at="2019-04-11T13:35:18Z">
          <exception class="java.lang.AssertionError">
            <full-stacktrace>
              <![CDATA[java.lang.AssertionError
at Peugeot.ProdHomePageComponentsPeugeotBelgiumNLTest.GotToHomePageWhenClickingOnThePeugeotLogo(ProdHomePageComponentsPeugeotBelgiumNLTest.java:47)
at sun.reflect.NativeMethodAccessorImpl.invoke0(Native Method)
at sun.reflect.NativeMethodAccessorImpl.invoke(NativeMethodAccessorImpl.java:62)
at sun.reflect.DelegatingMethodAccessorImpl.invoke(DelegatingMethodAccessorImpl.java:43)
at java.lang.reflect.Method.invoke(Method.java:498)
at org.testng.internal.MethodInvocationHelper.invokeMethod(MethodInvocationHelper.java:124)
at org.testng.internal.Invoker.invokeMethod(Invoker.java:580)
at org.testng.internal.Invoker.invokeTestMethod(Invoker.java:716)
at org.testng.internal.Invoker.invokeTestMethods(Invoker.java:988)
at org.testng.internal.TestMethodWorker.invokeTestMethods(TestMethodWorker.java:125)
at org.testng.internal.TestMethodWorker.run(TestMethodWorker.java:109)
at java.util.concurrent.ThreadPoolExecutor.runWorker(ThreadPoolExecutor.java:1149)
at java.util.concurrent.ThreadPoolExecutor$Worker.run(ThreadPoolExecutor.java:624)
at java.lang.Thread.run(Thread.java:748)
]]>
            </full-stacktrace>
          </exception> <!-- java.lang.AssertionError -->
          <reporter-output>
          </reporter-output>
        </test-method> <!-- GotToHomePageWhenClickingOnThePeugeotLogo -->
        <test-method status="PASS" signature="TheYoutubeIconeIsPresent()[pri:5, instance:Peugeot.ProdHomePageComponentsPeugeotBelgiumNLTest@76a3e297]" name="TheYoutubeIconeIsPresent" duration-ms="53" started-at="2019-04-11T13:35:18Z" finished-at="2019-04-11T13:35:18Z">
          <reporter-output>
          </reporter-output>
        </test-method> <!-- TheYoutubeIconeIsPresent -->
        <test-method status="PASS" signature="GotYoutubePageWhenClickingTheyoutubeIcone()[pri:6, instance:Peugeot.ProdHomePageComponentsPeugeotBelgiumNLTest@76a3e297]" name="GotYoutubePageWhenClickingTheyoutubeIcone" duration-ms="5323" started-at="2019-04-11T13:35:18Z" finished-at="2019-04-11T13:35:24Z">
          <reporter-output>
          </reporter-output>
        </test-method> <!-- GotYoutubePageWhenClickingTheyoutubeIcone -->
        <test-method status="PASS" signature="TheUserGeneralConditionsTextIsPresent()[pri:7, instance:Peugeot.ProdHomePageComponentsPeugeotBelgiumNLTest@76a3e297]" name="TheUserGeneralConditionsTextIsPresent" duration-ms="52" started-at="2019-04-11T13:35:24Z" finished-at="2019-04-11T13:35:24Z">
          <reporter-output>
          </reporter-output>
        </test-method> <!-- TheUserGeneralConditionsTextIsPresent -->
        <test-method status="PASS" signature="GotTheUserGeneralConditionsPage()[pri:8, instance:Peugeot.ProdHomePageComponentsPeugeotBelgiumNLTest@76a3e297]" name="GotTheUserGeneralConditionsPage" duration-ms="3530" started-at="2019-04-11T13:35:36Z" finished-at="2019-04-11T13:35:39Z">
          <reporter-output>
          </reporter-output>
        </test-method> <!-- GotTheUserGeneralConditionsPage -->
      </class> <!-- Peugeot.ProdHomePageComponentsPeugeotBelgiumNLTest -->
      <class name="Peugeot.ProdHomePageComponentsPeugeotFranceTest">
        <test-method status="PASS" signature="ThePeugeotLogoIsDisplayed()[pri:2, instance:Peugeot.ProdHomePageComponentsPeugeotFranceTest@a38d7a3]" name="ThePeugeotLogoIsDisplayed" duration-ms="120" started-at="2019-04-11T13:35:12Z" finished-at="2019-04-11T13:35:12Z">
          <reporter-output>
          </reporter-output>
        </test-method> <!-- ThePeugeotLogoIsDisplayed -->
        <test-method status="PASS" signature="TheMySaveIconIsDisplayed()[pri:3, instance:Peugeot.ProdHomePageComponentsPeugeotFranceTest@a38d7a3]" name="TheMySaveIconIsDisplayed" duration-ms="65" started-at="2019-04-11T13:35:14Z" finished-at="2019-04-11T13:35:14Z">
          <reporter-output>
          </reporter-output>
        </test-method> <!-- TheMySaveIconIsDisplayed -->
        <test-method status="PASS" signature="TheMySaveTextIsDisplayed()[pri:4, instance:Peugeot.ProdHomePageComponentsPeugeotFranceTest@a38d7a3]" name="TheMySaveTextIsDisplayed" duration-ms="63" started-at="2019-04-11T13:35:14Z" finished-at="2019-04-11T13:35:14Z">
          <reporter-output>
          </reporter-output>
        </test-method> <!-- TheMySaveTextIsDisplayed -->
        <test-method status="PASS" signature="TheNeedHelpIconeIsDisplayed()[pri:5, instance:Peugeot.ProdHomePageComponentsPeugeotFranceTest@a38d7a3]" name="TheNeedHelpIconeIsDisplayed" duration-ms="53" started-at="2019-04-11T13:35:18Z" finished-at="2019-04-11T13:35:18Z">
          <reporter-output>
          </reporter-output>
        </test-method> <!-- TheNeedHelpIconeIsDisplayed -->
        <test-method status="PASS" signature="TheNeedHelpTextIsDisplayed()[pri:6, instance:Peugeot.ProdHomePageComponentsPeugeotFranceTest@a38d7a3]" name="TheNeedHelpTextIsDisplayed" duration-ms="54" started-at="2019-04-11T13:35:18Z" finished-at="2019-04-11T13:35:18Z">
          <reporter-output>
          </reporter-output>
        </test-method> <!-- TheNeedHelpTextIsDisplayed -->
        <test-method status="PASS" signature="TheTextUnderThePageTitleIsCorrect()[pri:7, instance:Peugeot.ProdHomePageComponentsPeugeotFranceTest@a38d7a3]" name="TheTextUnderThePageTitleIsCorrect" duration-ms="83" started-at="2019-04-11T13:35:24Z" finished-at="2019-04-11T13:35:24Z">
          <reporter-output>
          </reporter-output>
        </test-method> <!-- TheTextUnderThePageTitleIsCorrect -->
        <test-method status="PASS" signature="GotToHomePageWhenClickingOnThePeugeotLogo()[pri:8, instance:Peugeot.ProdHomePageComponentsPeugeotFranceTest@a38d7a3]" name="GotToHomePageWhenClickingOnThePeugeotLogo" duration-ms="3817" started-at="2019-04-11T13:35:24Z" finished-at="2019-04-11T13:35:28Z">
          <reporter-output>
          </reporter-output>
        </test-method> <!-- GotToHomePageWhenClickingOnThePeugeotLogo -->
        <test-method status="PASS" signature="GotAPopupWhenClickingOnNeedHelpBotton()[pri:9, instance:Peugeot.ProdHomePageComponentsPeugeotFranceTest@a38d7a3]" name="GotAPopupWhenClickingOnNeedHelpBotton" duration-ms="3467" started-at="2019-04-11T13:35:39Z" finished-at="2019-04-11T13:35:43Z">
          <reporter-output>
          </reporter-output>
        </test-method> <!-- GotAPopupWhenClickingOnNeedHelpBotton -->
        <test-method status="PASS" signature="TheTwiterIconeIsPresent()[pri:10, instance:Peugeot.ProdHomePageComponentsPeugeotFranceTest@a38d7a3]" name="TheTwiterIconeIsPresent" duration-ms="79" started-at="2019-04-11T13:35:43Z" finished-at="2019-04-11T13:35:43Z">
          <reporter-output>
          </reporter-output>
        </test-method> <!-- TheTwiterIconeIsPresent -->
        <test-method status="PASS" signature="TheFacebookIconeIsPresent()[pri:11, instance:Peugeot.ProdHomePageComponentsPeugeotFranceTest@a38d7a3]" name="TheFacebookIconeIsPresent" duration-ms="53" started-at="2019-04-11T13:35:43Z" finished-at="2019-04-11T13:35:43Z">
          <reporter-output>
          </reporter-output>
        </test-method> <!-- TheFacebookIconeIsPresent -->
        <test-method status="PASS" signature="TheYoutubeIconeIsPresent()[pri:12, instance:Peugeot.ProdHomePageComponentsPeugeotFranceTest@a38d7a3]" name="TheYoutubeIconeIsPresent" duration-ms="66" started-at="2019-04-11T13:35:43Z" finished-at="2019-04-11T13:35:43Z">
          <reporter-output>
          </reporter-output>
        </test-method> <!-- TheYoutubeIconeIsPresent -->
        <test-method status="PASS" signature="GotTwiterPageWhenClickingTheTwiterIcone()[pri:13, instance:Peugeot.ProdHomePageComponentsPeugeotFranceTest@a38d7a3]" name="GotTwiterPageWhenClickingTheTwiterIcone" duration-ms="4514" started-at="2019-04-11T13:35:44Z" finished-at="2019-04-11T13:35:48Z">
          <reporter-output>
          </reporter-output>
        </test-method> <!-- GotTwiterPageWhenClickingTheTwiterIcone -->
        <test-method status="PASS" signature="GotFacebookPageWhenClickingTheFacebookIcone()[pri:14, instance:Peugeot.ProdHomePageComponentsPeugeotFranceTest@a38d7a3]" name="GotFacebookPageWhenClickingTheFacebookIcone" duration-ms="3848" started-at="2019-04-11T13:35:52Z" finished-at="2019-04-11T13:35:56Z">
          <reporter-output>
          </reporter-output>
        </test-method> <!-- GotFacebookPageWhenClickingTheFacebookIcone -->
        <test-method status="PASS" signature="GotYoutubePageWhenClickingTheyoutubeIcone()[pri:15, instance:Peugeot.ProdHomePageComponentsPeugeotFranceTest@a38d7a3]" name="GotYoutubePageWhenClickingTheyoutubeIcone" duration-ms="5045" started-at="2019-04-11T13:36:03Z" finished-at="2019-04-11T13:36:08Z">
          <reporter-output>
          </reporter-output>
        </test-method> <!-- GotYoutubePageWhenClickingTheyoutubeIcone -->
        <test-method status="PASS" signature="TheUserGeneralConditionsTextIsPresent()[pri:16, instance:Peugeot.ProdHomePageComponentsPeugeotFranceTest@a38d7a3]" name="TheUserGeneralConditionsTextIsPresent" duration-ms="105" started-at="2019-04-11T13:36:18Z" finished-at="2019-04-11T13:36:18Z">
          <reporter-output>
          </reporter-output>
        </test-method> <!-- TheUserGeneralConditionsTextIsPresent -->
        <test-method status="PASS" signature="TheSellGeneralConditionsTextIsPresent()[pri:17, instance:Peugeot.ProdHomePageComponentsPeugeotFranceTest@a38d7a3]" name="TheSellGeneralConditionsTextIsPresent" duration-ms="46" started-at="2019-04-11T13:36:18Z" finished-at="2019-04-11T13:36:18Z">
          <reporter-output>
          </reporter-output>
        </test-method> <!-- TheSellGeneralConditionsTextIsPresent -->
        <test-method status="PASS" signature="TheCookiesTextIsPresent()[pri:18, instance:Peugeot.ProdHomePageComponentsPeugeotFranceTest@a38d7a3]" name="TheCookiesTextIsPresent" duration-ms="56" started-at="2019-04-11T13:36:18Z" finished-at="2019-04-11T13:36:19Z">
          <reporter-output>
          </reporter-output>
        </test-method> <!-- TheCookiesTextIsPresent -->
        <test-method status="PASS" signature="GotTheUserGeneralConditionsPDF()[pri:19, instance:Peugeot.ProdHomePageComponentsPeugeotFranceTest@a38d7a3]" name="GotTheUserGeneralConditionsPDF" duration-ms="3485" started-at="2019-04-11T13:36:19Z" finished-at="2019-04-11T13:36:22Z">
          <reporter-output>
          </reporter-output>
        </test-method> <!-- GotTheUserGeneralConditionsPDF -->
        <test-method status="PASS" signature="GotTheSellGeneralConditionsPDF()[pri:20, instance:Peugeot.ProdHomePageComponentsPeugeotFranceTest@a38d7a3]" name="GotTheSellGeneralConditionsPDF" duration-ms="3498" started-at="2019-04-11T13:36:33Z" finished-at="2019-04-11T13:36:36Z">
          <reporter-output>
          </reporter-output>
        </test-method> <!-- GotTheSellGeneralConditionsPDF -->
        <test-method status="PASS" signature="GotTheCookiesPopUp()[pri:21, instance:Peugeot.ProdHomePageComponentsPeugeotFranceTest@a38d7a3]" name="GotTheCookiesPopUp" duration-ms="4294" started-at="2019-04-11T13:36:36Z" finished-at="2019-04-11T13:36:40Z">
          <reporter-output>
          </reporter-output>
        </test-method> <!-- GotTheCookiesPopUp -->
      </class> <!-- Peugeot.ProdHomePageComponentsPeugeotFranceTest -->
      <class name="Peugeot.ProdHomePageComponentsPeugeotSpainTest">
        <test-method status="PASS" signature="ThePeugeotLogoIsDisplayed()[pri:2, instance:Peugeot.ProdHomePageComponentsPeugeotSpainTest@63440df3]" name="ThePeugeotLogoIsDisplayed" duration-ms="1133" started-at="2019-04-11T13:35:12Z" finished-at="2019-04-11T13:35:13Z">
          <reporter-output>
          </reporter-output>
        </test-method> <!-- ThePeugeotLogoIsDisplayed -->
        <test-method status="PASS" signature="TheTextUnderThePageTitleIsCorrect()[pri:7, instance:Peugeot.ProdHomePageComponentsPeugeotSpainTest@63440df3]" name="TheTextUnderThePageTitleIsCorrect" duration-ms="68" started-at="2019-04-11T13:35:24Z" finished-at="2019-04-11T13:35:24Z">
          <reporter-output>
          </reporter-output>
        </test-method> <!-- TheTextUnderThePageTitleIsCorrect -->
        <test-method status="PASS" signature="GotToHomePageWhenClickingOnThePeugeotLogo()[pri:8, instance:Peugeot.ProdHomePageComponentsPeugeotSpainTest@63440df3]" name="GotToHomePageWhenClickingOnThePeugeotLogo" duration-ms="3407" started-at="2019-04-11T13:35:30Z" finished-at="2019-04-11T13:35:34Z">
          <reporter-output>
          </reporter-output>
        </test-method> <!-- GotToHomePageWhenClickingOnThePeugeotLogo -->
        <test-method status="FAIL" signature="TheTwiterIconeIsPresent()[pri:10, instance:Peugeot.ProdHomePageComponentsPeugeotSpainTest@63440df3]" name="TheTwiterIconeIsPresent" duration-ms="51" started-at="2019-04-11T13:35:43Z" finished-at="2019-04-11T13:35:43Z">
          <exception class="org.openqa.selenium.NoSuchElementException">
            <message>
              <![CDATA[no such element: Unable to locate element: {"method":"xpath","selector":"//div[@class='ico-tweeter']"}
  (Session info: chrome=73.0.3683.103)
  (Driver info: chromedriver=73.0.3683.68 (47787ec04b6e38e22703e856e101e840b65afe72),platform=Windows NT 10.0.14393 x86_64) (WARNING: The server did not provide any stacktrace information)
Command duration or timeout: 0 milliseconds
For documentation on this error, please visit: http://seleniumhq.org/exceptions/no_such_element.html
Build info: version: '3.9.1', revision: '63f7b50', time: '2018-02-07T22:42:28.403Z'
System info: host: 'B1009809', ip: '10.82.56.205', os.name: 'Windows 10', os.arch: 'amd64', os.version: '10.0', java.version: '1.8.0_181'
Driver info: org.openqa.selenium.chrome.ChromeDriver
Capabilities {acceptInsecureCerts: false, acceptSslCerts: false, applicationCacheEnabled: false, browserConnectionEnabled: false, browserName: chrome, chrome: {chromedriverVersion: 73.0.3683.68 (47787ec04b6e3..., userDataDir: C:\Users\E562418\AppData\Lo...}, cssSelectorsEnabled: true, databaseEnabled: false, goog:chromeOptions: {debuggerAddress: localhost:56711}, handlesAlerts: true, hasTouchScreen: false, javascriptEnabled: true, locationContextEnabled: true, mobileEmulationEnabled: false, nativeEvents: true, networkConnectionEnabled: false, pageLoadStrategy: normal, platform: XP, platformName: XP, proxy: Proxy(), rotatable: false, setWindowRect: true, strictFileInteractability: false, takesHeapSnapshot: true, takesScreenshot: true, timeouts: {implicit: 0, pageLoad: 300000, script: 30000}, unexpectedAlertBehaviour: ignore, unhandledPromptBehavior: ignore, version: 73.0.3683.103, webStorageEnabled: true}
Session ID: 65304484b2420aca5ec887a8de1f278c
*** Element info: {Using=xpath, value=//div[@class='ico-tweeter']}]]>
            </message>
            <full-stacktrace>
              <![CDATA[org.openqa.selenium.NoSuchElementException: no such element: Unable to locate element: {"method":"xpath","selector":"//div[@class='ico-tweeter']"}
  (Session info: chrome=73.0.3683.103)
  (Driver info: chromedriver=73.0.3683.68 (47787ec04b6e38e22703e856e101e840b65afe72),platform=Windows NT 10.0.14393 x86_64) (WARNING: The server did not provide any stacktrace information)
Command duration or timeout: 0 milliseconds
For documentation on this error, please visit: http://seleniumhq.org/exceptions/no_such_element.html
Build info: version: '3.9.1', revision: '63f7b50', time: '2018-02-07T22:42:28.403Z'
System info: host: 'B1009809', ip: '10.82.56.205', os.name: 'Windows 10', os.arch: 'amd64', os.version: '10.0', java.version: '1.8.0_181'
Driver info: org.openqa.selenium.chrome.ChromeDriver
Capabilities {acceptInsecureCerts: false, acceptSslCerts: false, applicationCacheEnabled: false, browserConnectionEnabled: false, browserName: chrome, chrome: {chromedriverVersion: 73.0.3683.68 (47787ec04b6e3..., userDataDir: C:\Users\E562418\AppData\Lo...}, cssSelectorsEnabled: true, databaseEnabled: false, goog:chromeOptions: {debuggerAddress: localhost:56711}, handlesAlerts: true, hasTouchScreen: false, javascriptEnabled: true, locationContextEnabled: true, mobileEmulationEnabled: false, nativeEvents: true, networkConnectionEnabled: false, pageLoadStrategy: normal, platform: XP, platformName: XP, proxy: Proxy(), rotatable: false, setWindowRect: true, strictFileInteractability: false, takesHeapSnapshot: true, takesScreenshot: true, timeouts: {implicit: 0, pageLoad: 300000, script: 30000}, unexpectedAlertBehaviour: ignore, unhandledPromptBehavior: ignore, version: 73.0.3683.103, webStorageEnabled: true}
Session ID: 65304484b2420aca5ec887a8de1f278c
*** Element info: {Using=xpath, value=//div[@class='ico-tweeter']}
at sun.reflect.NativeConstructorAccessorImpl.newInstance0(Native Method)
at sun.reflect.NativeConstructorAccessorImpl.newInstance(NativeConstructorAccessorImpl.java:62)
at sun.reflect.DelegatingConstructorAccessorImpl.newInstance(DelegatingConstructorAccessorImpl.java:45)
at java.lang.reflect.Constructor.newInstance(Constructor.java:423)
at org.openqa.selenium.remote.ErrorHandler.createThrowable(ErrorHandler.java:214)
at org.openqa.selenium.remote.ErrorHandler.throwIfResponseFailed(ErrorHandler.java:166)
at org.openqa.selenium.remote.http.JsonHttpResponseCodec.reconstructValue(JsonHttpResponseCodec.java:40)
at org.openqa.selenium.remote.http.AbstractHttpResponseCodec.decode(AbstractHttpResponseCodec.java:80)
at org.openqa.selenium.remote.http.AbstractHttpResponseCodec.decode(AbstractHttpResponseCodec.java:44)
at org.openqa.selenium.remote.HttpCommandExecutor.execute(HttpCommandExecutor.java:160)
at org.openqa.selenium.remote.service.DriverCommandExecutor.execute(DriverCommandExecutor.java:83)
at org.openqa.selenium.remote.RemoteWebDriver.execute(RemoteWebDriver.java:601)
at org.openqa.selenium.remote.RemoteWebDriver.findElement(RemoteWebDriver.java:371)
at org.openqa.selenium.remote.RemoteWebDriver.findElementByXPath(RemoteWebDriver.java:473)
at org.openqa.selenium.By$ByXPath.findElement(By.java:361)
at org.openqa.selenium.remote.RemoteWebDriver.findElement(RemoteWebDriver.java:363)
at Peugeot.HomePagePEComposants.CheckTheTwiterIconePresence(HomePagePEComposants.java:74)
at Peugeot.ProdHomePageComponentsPeugeotSpainTest.TheTwiterIconeIsPresent(ProdHomePageComponentsPeugeotSpainTest.java:54)
at sun.reflect.NativeMethodAccessorImpl.invoke0(Native Method)
at sun.reflect.NativeMethodAccessorImpl.invoke(NativeMethodAccessorImpl.java:62)
at sun.reflect.DelegatingMethodAccessorImpl.invoke(DelegatingMethodAccessorImpl.java:43)
at java.lang.reflect.Method.invoke(Method.java:498)
at org.testng.internal.MethodInvocationHelper.invokeMethod(MethodInvocationHelper.java:124)
at org.testng.internal.Invoker.invokeMethod(Invoker.java:580)
at org.testng.internal.Invoker.invokeTestMethod(Invoker.java:716)
at org.testng.internal.Invoker.invokeTestMethods(Invoker.java:988)
at org.testng.internal.TestMethodWorker.invokeTestMethods(TestMethodWorker.java:125)
at org.testng.internal.TestMethodWorker.run(TestMethodWorker.java:109)
at java.util.concurrent.ThreadPoolExecutor.runWorker(ThreadPoolExecutor.java:1149)
at java.util.concurrent.ThreadPoolExecutor$Worker.run(ThreadPoolExecutor.java:624)
at java.lang.Thread.run(Thread.java:748)
]]>
            </full-stacktrace>
          </exception> <!-- org.openqa.selenium.NoSuchElementException -->
          <reporter-output>
          </reporter-output>
        </test-method> <!-- TheTwiterIconeIsPresent -->
        <test-method status="FAIL" signature="TheFacebookIconeIsPresent()[pri:11, instance:Peugeot.ProdHomePageComponentsPeugeotSpainTest@63440df3]" name="TheFacebookIconeIsPresent" duration-ms="22" started-at="2019-04-11T13:35:43Z" finished-at="2019-04-11T13:35:43Z">
          <exception class="org.openqa.selenium.NoSuchElementException">
            <message>
              <![CDATA[no such element: Unable to locate element: {"method":"xpath","selector":"//div[@class='ico-facebook']"}
  (Session info: chrome=73.0.3683.103)
  (Driver info: chromedriver=73.0.3683.68 (47787ec04b6e38e22703e856e101e840b65afe72),platform=Windows NT 10.0.14393 x86_64) (WARNING: The server did not provide any stacktrace information)
Command duration or timeout: 0 milliseconds
For documentation on this error, please visit: http://seleniumhq.org/exceptions/no_such_element.html
Build info: version: '3.9.1', revision: '63f7b50', time: '2018-02-07T22:42:28.403Z'
System info: host: 'B1009809', ip: '10.82.56.205', os.name: 'Windows 10', os.arch: 'amd64', os.version: '10.0', java.version: '1.8.0_181'
Driver info: org.openqa.selenium.chrome.ChromeDriver
Capabilities {acceptInsecureCerts: false, acceptSslCerts: false, applicationCacheEnabled: false, browserConnectionEnabled: false, browserName: chrome, chrome: {chromedriverVersion: 73.0.3683.68 (47787ec04b6e3..., userDataDir: C:\Users\E562418\AppData\Lo...}, cssSelectorsEnabled: true, databaseEnabled: false, goog:chromeOptions: {debuggerAddress: localhost:56711}, handlesAlerts: true, hasTouchScreen: false, javascriptEnabled: true, locationContextEnabled: true, mobileEmulationEnabled: false, nativeEvents: true, networkConnectionEnabled: false, pageLoadStrategy: normal, platform: XP, platformName: XP, proxy: Proxy(), rotatable: false, setWindowRect: true, strictFileInteractability: false, takesHeapSnapshot: true, takesScreenshot: true, timeouts: {implicit: 0, pageLoad: 300000, script: 30000}, unexpectedAlertBehaviour: ignore, unhandledPromptBehavior: ignore, version: 73.0.3683.103, webStorageEnabled: true}
Session ID: 65304484b2420aca5ec887a8de1f278c
*** Element info: {Using=xpath, value=//div[@class='ico-facebook']}]]>
            </message>
            <full-stacktrace>
              <![CDATA[org.openqa.selenium.NoSuchElementException: no such element: Unable to locate element: {"method":"xpath","selector":"//div[@class='ico-facebook']"}
  (Session info: chrome=73.0.3683.103)
  (Driver info: chromedriver=73.0.3683.68 (47787ec04b6e38e22703e856e101e840b65afe72),platform=Windows NT 10.0.14393 x86_64) (WARNING: The server did not provide any stacktrace information)
Command duration or timeout: 0 milliseconds
For documentation on this error, please visit: http://seleniumhq.org/exceptions/no_such_element.html
Build info: version: '3.9.1', revision: '63f7b50', time: '2018-02-07T22:42:28.403Z'
System info: host: 'B1009809', ip: '10.82.56.205', os.name: 'Windows 10', os.arch: 'amd64', os.version: '10.0', java.version: '1.8.0_181'
Driver info: org.openqa.selenium.chrome.ChromeDriver
Capabilities {acceptInsecureCerts: false, acceptSslCerts: false, applicationCacheEnabled: false, browserConnectionEnabled: false, browserName: chrome, chrome: {chromedriverVersion: 73.0.3683.68 (47787ec04b6e3..., userDataDir: C:\Users\E562418\AppData\Lo...}, cssSelectorsEnabled: true, databaseEnabled: false, goog:chromeOptions: {debuggerAddress: localhost:56711}, handlesAlerts: true, hasTouchScreen: false, javascriptEnabled: true, locationContextEnabled: true, mobileEmulationEnabled: false, nativeEvents: true, networkConnectionEnabled: false, pageLoadStrategy: normal, platform: XP, platformName: XP, proxy: Proxy(), rotatable: false, setWindowRect: true, strictFileInteractability: false, takesHeapSnapshot: true, takesScreenshot: true, timeouts: {implicit: 0, pageLoad: 300000, script: 30000}, unexpectedAlertBehaviour: ignore, unhandledPromptBehavior: ignore, version: 73.0.3683.103, webStorageEnabled: true}
Session ID: 65304484b2420aca5ec887a8de1f278c
*** Element info: {Using=xpath, value=//div[@class='ico-facebook']}
at sun.reflect.NativeConstructorAccessorImpl.newInstance0(Native Method)
at sun.reflect.NativeConstructorAccessorImpl.newInstance(NativeConstructorAccessorImpl.java:62)
at sun.reflect.DelegatingConstructorAccessorImpl.newInstance(DelegatingConstructorAccessorImpl.java:45)
at java.lang.reflect.Constructor.newInstance(Constructor.java:423)
at org.openqa.selenium.remote.ErrorHandler.createThrowable(ErrorHandler.java:214)
at org.openqa.selenium.remote.ErrorHandler.throwIfResponseFailed(ErrorHandler.java:166)
at org.openqa.selenium.remote.http.JsonHttpResponseCodec.reconstructValue(JsonHttpResponseCodec.java:40)
at org.openqa.selenium.remote.http.AbstractHttpResponseCodec.decode(AbstractHttpResponseCodec.java:80)
at org.openqa.selenium.remote.http.AbstractHttpResponseCodec.decode(AbstractHttpResponseCodec.java:44)
at org.openqa.selenium.remote.HttpCommandExecutor.execute(HttpCommandExecutor.java:160)
at org.openqa.selenium.remote.service.DriverCommandExecutor.execute(DriverCommandExecutor.java:83)
at org.openqa.selenium.remote.RemoteWebDriver.execute(RemoteWebDriver.java:601)
at org.openqa.selenium.remote.RemoteWebDriver.findElement(RemoteWebDriver.java:371)
at org.openqa.selenium.remote.RemoteWebDriver.findElementByXPath(RemoteWebDriver.java:473)
at org.openqa.selenium.By$ByXPath.findElement(By.java:361)
at org.openqa.selenium.remote.RemoteWebDriver.findElement(RemoteWebDriver.java:363)
at Peugeot.HomePagePEComposants.CheckTheFacebookIconePresence(HomePagePEComposants.java:79)
at Peugeot.ProdHomePageComponentsPeugeotSpainTest.TheFacebookIconeIsPresent(ProdHomePageComponentsPeugeotSpainTest.java:60)
at sun.reflect.NativeMethodAccessorImpl.invoke0(Native Method)
at sun.reflect.NativeMethodAccessorImpl.invoke(NativeMethodAccessorImpl.java:62)
at sun.reflect.DelegatingMethodAccessorImpl.invoke(DelegatingMethodAccessorImpl.java:43)
at java.lang.reflect.Method.invoke(Method.java:498)
at org.testng.internal.MethodInvocationHelper.invokeMethod(MethodInvocationHelper.java:124)
at org.testng.internal.Invoker.invokeMethod(Invoker.java:580)
at org.testng.internal.Invoker.invokeTestMethod(Invoker.java:716)
at org.testng.internal.Invoker.invokeTestMethods(Invoker.java:988)
at org.testng.internal.TestMethodWorker.invokeTestMethods(TestMethodWorker.java:125)
at org.testng.internal.TestMethodWorker.run(TestMethodWorker.java:109)
at java.util.concurrent.ThreadPoolExecutor.runWorker(ThreadPoolExecutor.java:1149)
at java.util.concurrent.ThreadPoolExecutor$Worker.run(ThreadPoolExecutor.java:624)
at java.lang.Thread.run(Thread.java:748)
]]>
            </full-stacktrace>
          </exception> <!-- org.openqa.selenium.NoSuchElementException -->
          <reporter-output>
          </reporter-output>
        </test-method> <!-- TheFacebookIconeIsPresent -->
        <test-method status="FAIL" signature="TheYoutubeIconeIsPresent()[pri:12, instance:Peugeot.ProdHomePageComponentsPeugeotSpainTest@63440df3]" name="TheYoutubeIconeIsPresent" duration-ms="29" started-at="2019-04-11T13:35:43Z" finished-at="2019-04-11T13:35:43Z">
          <exception class="org.openqa.selenium.NoSuchElementException">
            <message>
              <![CDATA[no such element: Unable to locate element: {"method":"xpath","selector":"//div[@class='ico-youtube']"}
  (Session info: chrome=73.0.3683.103)
  (Driver info: chromedriver=73.0.3683.68 (47787ec04b6e38e22703e856e101e840b65afe72),platform=Windows NT 10.0.14393 x86_64) (WARNING: The server did not provide any stacktrace information)
Command duration or timeout: 0 milliseconds
For documentation on this error, please visit: http://seleniumhq.org/exceptions/no_such_element.html
Build info: version: '3.9.1', revision: '63f7b50', time: '2018-02-07T22:42:28.403Z'
System info: host: 'B1009809', ip: '10.82.56.205', os.name: 'Windows 10', os.arch: 'amd64', os.version: '10.0', java.version: '1.8.0_181'
Driver info: org.openqa.selenium.chrome.ChromeDriver
Capabilities {acceptInsecureCerts: false, acceptSslCerts: false, applicationCacheEnabled: false, browserConnectionEnabled: false, browserName: chrome, chrome: {chromedriverVersion: 73.0.3683.68 (47787ec04b6e3..., userDataDir: C:\Users\E562418\AppData\Lo...}, cssSelectorsEnabled: true, databaseEnabled: false, goog:chromeOptions: {debuggerAddress: localhost:56711}, handlesAlerts: true, hasTouchScreen: false, javascriptEnabled: true, locationContextEnabled: true, mobileEmulationEnabled: false, nativeEvents: true, networkConnectionEnabled: false, pageLoadStrategy: normal, platform: XP, platformName: XP, proxy: Proxy(), rotatable: false, setWindowRect: true, strictFileInteractability: false, takesHeapSnapshot: true, takesScreenshot: true, timeouts: {implicit: 0, pageLoad: 300000, script: 30000}, unexpectedAlertBehaviour: ignore, unhandledPromptBehavior: ignore, version: 73.0.3683.103, webStorageEnabled: true}
Session ID: 65304484b2420aca5ec887a8de1f278c
*** Element info: {Using=xpath, value=//div[@class='ico-youtube']}]]>
            </message>
            <full-stacktrace>
              <![CDATA[org.openqa.selenium.NoSuchElementException: no such element: Unable to locate element: {"method":"xpath","selector":"//div[@class='ico-youtube']"}
  (Session info: chrome=73.0.3683.103)
  (Driver info: chromedriver=73.0.3683.68 (47787ec04b6e38e22703e856e101e840b65afe72),platform=Windows NT 10.0.14393 x86_64) (WARNING: The server did not provide any stacktrace information)
Command duration or timeout: 0 milliseconds
For documentation on this error, please visit: http://seleniumhq.org/exceptions/no_such_element.html
Build info: version: '3.9.1', revision: '63f7b50', time: '2018-02-07T22:42:28.403Z'
System info: host: 'B1009809', ip: '10.82.56.205', os.name: 'Windows 10', os.arch: 'amd64', os.version: '10.0', java.version: '1.8.0_181'
Driver info: org.openqa.selenium.chrome.ChromeDriver
Capabilities {acceptInsecureCerts: false, acceptSslCerts: false, applicationCacheEnabled: false, browserConnectionEnabled: false, browserName: chrome, chrome: {chromedriverVersion: 73.0.3683.68 (47787ec04b6e3..., userDataDir: C:\Users\E562418\AppData\Lo...}, cssSelectorsEnabled: true, databaseEnabled: false, goog:chromeOptions: {debuggerAddress: localhost:56711}, handlesAlerts: true, hasTouchScreen: false, javascriptEnabled: true, locationContextEnabled: true, mobileEmulationEnabled: false, nativeEvents: true, networkConnectionEnabled: false, pageLoadStrategy: normal, platform: XP, platformName: XP, proxy: Proxy(), rotatable: false, setWindowRect: true, strictFileInteractability: false, takesHeapSnapshot: true, takesScreenshot: true, timeouts: {implicit: 0, pageLoad: 300000, script: 30000}, unexpectedAlertBehaviour: ignore, unhandledPromptBehavior: ignore, version: 73.0.3683.103, webStorageEnabled: true}
Session ID: 65304484b2420aca5ec887a8de1f278c
*** Element info: {Using=xpath, value=//div[@class='ico-youtube']}
at sun.reflect.NativeConstructorAccessorImpl.newInstance0(Native Method)
at sun.reflect.NativeConstructorAccessorImpl.newInstance(NativeConstructorAccessorImpl.java:62)
at sun.reflect.DelegatingConstructorAccessorImpl.newInstance(DelegatingConstructorAccessorImpl.java:45)
at java.lang.reflect.Constructor.newInstance(Constructor.java:423)
at org.openqa.selenium.remote.ErrorHandler.createThrowable(ErrorHandler.java:214)
at org.openqa.selenium.remote.ErrorHandler.throwIfResponseFailed(ErrorHandler.java:166)
at org.openqa.selenium.remote.http.JsonHttpResponseCodec.reconstructValue(JsonHttpResponseCodec.java:40)
at org.openqa.selenium.remote.http.AbstractHttpResponseCodec.decode(AbstractHttpResponseCodec.java:80)
at org.openqa.selenium.remote.http.AbstractHttpResponseCodec.decode(AbstractHttpResponseCodec.java:44)
at org.openqa.selenium.remote.HttpCommandExecutor.execute(HttpCommandExecutor.java:160)
at org.openqa.selenium.remote.service.DriverCommandExecutor.execute(DriverCommandExecutor.java:83)
at org.openqa.selenium.remote.RemoteWebDriver.execute(RemoteWebDriver.java:601)
at org.openqa.selenium.remote.RemoteWebDriver.findElement(RemoteWebDriver.java:371)
at org.openqa.selenium.remote.RemoteWebDriver.findElementByXPath(RemoteWebDriver.java:473)
at org.openqa.selenium.By$ByXPath.findElement(By.java:361)
at org.openqa.selenium.remote.RemoteWebDriver.findElement(RemoteWebDriver.java:363)
at Peugeot.HomePagePEComposants.CheckTheYoutubeIconePresence(HomePagePEComposants.java:84)
at Peugeot.ProdHomePageComponentsPeugeotSpainTest.TheYoutubeIconeIsPresent(ProdHomePageComponentsPeugeotSpainTest.java:66)
at sun.reflect.NativeMethodAccessorImpl.invoke0(Native Method)
at sun.reflect.NativeMethodAccessorImpl.invoke(NativeMethodAccessorImpl.java:62)
at sun.reflect.DelegatingMethodAccessorImpl.invoke(DelegatingMethodAccessorImpl.java:43)
at java.lang.reflect.Method.invoke(Method.java:498)
at org.testng.internal.MethodInvocationHelper.invokeMethod(MethodInvocationHelper.java:124)
at org.testng.internal.Invoker.invokeMethod(Invoker.java:580)
at org.testng.internal.Invoker.invokeTestMethod(Invoker.java:716)
at org.testng.internal.Invoker.invokeTestMethods(Invoker.java:988)
at org.testng.internal.TestMethodWorker.invokeTestMethods(TestMethodWorker.java:125)
at org.testng.internal.TestMethodWorker.run(TestMethodWorker.java:109)
at java.util.concurrent.ThreadPoolExecutor.runWorker(ThreadPoolExecutor.java:1149)
at java.util.concurrent.ThreadPoolExecutor$Worker.run(ThreadPoolExecutor.java:624)
at java.lang.Thread.run(Thread.java:748)
]]>
            </full-stacktrace>
          </exception> <!-- org.openqa.selenium.NoSuchElementException -->
          <reporter-output>
          </reporter-output>
        </test-method> <!-- TheYoutubeIconeIsPresent -->
        <test-method status="FAIL" signature="GotTwiterPageWhenClickingTheTwiterIcone()[pri:13, instance:Peugeot.ProdHomePageComponentsPeugeotSpainTest@63440df3]" name="GotTwiterPageWhenClickingTheTwiterIcone" duration-ms="27" started-at="2019-04-11T13:35:52Z" finished-at="2019-04-11T13:35:52Z">
          <exception class="org.openqa.selenium.NoSuchElementException">
            <message>
              <![CDATA[no such element: Unable to locate element: {"method":"xpath","selector":"//div[@class='ico-tweeter']"}
  (Session info: chrome=73.0.3683.103)
  (Driver info: chromedriver=73.0.3683.68 (47787ec04b6e38e22703e856e101e840b65afe72),platform=Windows NT 10.0.14393 x86_64) (WARNING: The server did not provide any stacktrace information)
Command duration or timeout: 0 milliseconds
For documentation on this error, please visit: http://seleniumhq.org/exceptions/no_such_element.html
Build info: version: '3.9.1', revision: '63f7b50', time: '2018-02-07T22:42:28.403Z'
System info: host: 'B1009809', ip: '10.82.56.205', os.name: 'Windows 10', os.arch: 'amd64', os.version: '10.0', java.version: '1.8.0_181'
Driver info: org.openqa.selenium.chrome.ChromeDriver
Capabilities {acceptInsecureCerts: false, acceptSslCerts: false, applicationCacheEnabled: false, browserConnectionEnabled: false, browserName: chrome, chrome: {chromedriverVersion: 73.0.3683.68 (47787ec04b6e3..., userDataDir: C:\Users\E562418\AppData\Lo...}, cssSelectorsEnabled: true, databaseEnabled: false, goog:chromeOptions: {debuggerAddress: localhost:56711}, handlesAlerts: true, hasTouchScreen: false, javascriptEnabled: true, locationContextEnabled: true, mobileEmulationEnabled: false, nativeEvents: true, networkConnectionEnabled: false, pageLoadStrategy: normal, platform: XP, platformName: XP, proxy: Proxy(), rotatable: false, setWindowRect: true, strictFileInteractability: false, takesHeapSnapshot: true, takesScreenshot: true, timeouts: {implicit: 0, pageLoad: 300000, script: 30000}, unexpectedAlertBehaviour: ignore, unhandledPromptBehavior: ignore, version: 73.0.3683.103, webStorageEnabled: true}
Session ID: 65304484b2420aca5ec887a8de1f278c
*** Element info: {Using=xpath, value=//div[@class='ico-tweeter']}]]>
            </message>
            <full-stacktrace>
              <![CDATA[org.openqa.selenium.NoSuchElementException: no such element: Unable to locate element: {"method":"xpath","selector":"//div[@class='ico-tweeter']"}
  (Session info: chrome=73.0.3683.103)
  (Driver info: chromedriver=73.0.3683.68 (47787ec04b6e38e22703e856e101e840b65afe72),platform=Windows NT 10.0.14393 x86_64) (WARNING: The server did not provide any stacktrace information)
Command duration or timeout: 0 milliseconds
For documentation on this error, please visit: http://seleniumhq.org/exceptions/no_such_element.html
Build info: version: '3.9.1', revision: '63f7b50', time: '2018-02-07T22:42:28.403Z'
System info: host: 'B1009809', ip: '10.82.56.205', os.name: 'Windows 10', os.arch: 'amd64', os.version: '10.0', java.version: '1.8.0_181'
Driver info: org.openqa.selenium.chrome.ChromeDriver
Capabilities {acceptInsecureCerts: false, acceptSslCerts: false, applicationCacheEnabled: false, browserConnectionEnabled: false, browserName: chrome, chrome: {chromedriverVersion: 73.0.3683.68 (47787ec04b6e3..., userDataDir: C:\Users\E562418\AppData\Lo...}, cssSelectorsEnabled: true, databaseEnabled: false, goog:chromeOptions: {debuggerAddress: localhost:56711}, handlesAlerts: true, hasTouchScreen: false, javascriptEnabled: true, locationContextEnabled: true, mobileEmulationEnabled: false, nativeEvents: true, networkConnectionEnabled: false, pageLoadStrategy: normal, platform: XP, platformName: XP, proxy: Proxy(), rotatable: false, setWindowRect: true, strictFileInteractability: false, takesHeapSnapshot: true, takesScreenshot: true, timeouts: {implicit: 0, pageLoad: 300000, script: 30000}, unexpectedAlertBehaviour: ignore, unhandledPromptBehavior: ignore, version: 73.0.3683.103, webStorageEnabled: true}
Session ID: 65304484b2420aca5ec887a8de1f278c
*** Element info: {Using=xpath, value=//div[@class='ico-tweeter']}
at sun.reflect.NativeConstructorAccessorImpl.newInstance0(Native Method)
at sun.reflect.NativeConstructorAccessorImpl.newInstance(NativeConstructorAccessorImpl.java:62)
at sun.reflect.DelegatingConstructorAccessorImpl.newInstance(DelegatingConstructorAccessorImpl.java:45)
at java.lang.reflect.Constructor.newInstance(Constructor.java:423)
at org.openqa.selenium.remote.ErrorHandler.createThrowable(ErrorHandler.java:214)
at org.openqa.selenium.remote.ErrorHandler.throwIfResponseFailed(ErrorHandler.java:166)
at org.openqa.selenium.remote.http.JsonHttpResponseCodec.reconstructValue(JsonHttpResponseCodec.java:40)
at org.openqa.selenium.remote.http.AbstractHttpResponseCodec.decode(AbstractHttpResponseCodec.java:80)
at org.openqa.selenium.remote.http.AbstractHttpResponseCodec.decode(AbstractHttpResponseCodec.java:44)
at org.openqa.selenium.remote.HttpCommandExecutor.execute(HttpCommandExecutor.java:160)
at org.openqa.selenium.remote.service.DriverCommandExecutor.execute(DriverCommandExecutor.java:83)
at org.openqa.selenium.remote.RemoteWebDriver.execute(RemoteWebDriver.java:601)
at org.openqa.selenium.remote.RemoteWebDriver.findElement(RemoteWebDriver.java:371)
at org.openqa.selenium.remote.RemoteWebDriver.findElementByXPath(RemoteWebDriver.java:473)
at org.openqa.selenium.By$ByXPath.findElement(By.java:361)
at org.openqa.selenium.remote.RemoteWebDriver.findElement(RemoteWebDriver.java:363)
at Peugeot.HomePagePEComposants.CheckClickOnTwiterIcone(HomePagePEComposants.java:89)
at Peugeot.ProdHomePageComponentsPeugeotSpainTest.GotTwiterPageWhenClickingTheTwiterIcone(ProdHomePageComponentsPeugeotSpainTest.java:71)
at sun.reflect.NativeMethodAccessorImpl.invoke0(Native Method)
at sun.reflect.NativeMethodAccessorImpl.invoke(NativeMethodAccessorImpl.java:62)
at sun.reflect.DelegatingMethodAccessorImpl.invoke(DelegatingMethodAccessorImpl.java:43)
at java.lang.reflect.Method.invoke(Method.java:498)
at org.testng.internal.MethodInvocationHelper.invokeMethod(MethodInvocationHelper.java:124)
at org.testng.internal.Invoker.invokeMethod(Invoker.java:580)
at org.testng.internal.Invoker.invokeTestMethod(Invoker.java:716)
at org.testng.internal.Invoker.invokeTestMethods(Invoker.java:988)
at org.testng.internal.TestMethodWorker.invokeTestMethods(TestMethodWorker.java:125)
at org.testng.internal.TestMethodWorker.run(TestMethodWorker.java:109)
at java.util.concurrent.ThreadPoolExecutor.runWorker(ThreadPoolExecutor.java:1149)
at java.util.concurrent.ThreadPoolExecutor$Worker.run(ThreadPoolExecutor.java:624)
at java.lang.Thread.run(Thread.java:748)
]]>
            </full-stacktrace>
          </exception> <!-- org.openqa.selenium.NoSuchElementException -->
          <reporter-output>
          </reporter-output>
        </test-method> <!-- GotTwiterPageWhenClickingTheTwiterIcone -->
        <test-method status="FAIL" signature="GotFacebookPageWhenClickingTheFacebookIcone()[pri:14, instance:Peugeot.ProdHomePageComponentsPeugeotSpainTest@63440df3]" name="GotFacebookPageWhenClickingTheFacebookIcone" duration-ms="93" started-at="2019-04-11T13:36:00Z" finished-at="2019-04-11T13:36:00Z">
          <exception class="org.openqa.selenium.NoSuchElementException">
            <message>
              <![CDATA[no such element: Unable to locate element: {"method":"xpath","selector":"//div[@class='ico-facebook']"}
  (Session info: chrome=73.0.3683.103)
  (Driver info: chromedriver=73.0.3683.68 (47787ec04b6e38e22703e856e101e840b65afe72),platform=Windows NT 10.0.14393 x86_64) (WARNING: The server did not provide any stacktrace information)
Command duration or timeout: 0 milliseconds
For documentation on this error, please visit: http://seleniumhq.org/exceptions/no_such_element.html
Build info: version: '3.9.1', revision: '63f7b50', time: '2018-02-07T22:42:28.403Z'
System info: host: 'B1009809', ip: '10.82.56.205', os.name: 'Windows 10', os.arch: 'amd64', os.version: '10.0', java.version: '1.8.0_181'
Driver info: org.openqa.selenium.chrome.ChromeDriver
Capabilities {acceptInsecureCerts: false, acceptSslCerts: false, applicationCacheEnabled: false, browserConnectionEnabled: false, browserName: chrome, chrome: {chromedriverVersion: 73.0.3683.68 (47787ec04b6e3..., userDataDir: C:\Users\E562418\AppData\Lo...}, cssSelectorsEnabled: true, databaseEnabled: false, goog:chromeOptions: {debuggerAddress: localhost:56711}, handlesAlerts: true, hasTouchScreen: false, javascriptEnabled: true, locationContextEnabled: true, mobileEmulationEnabled: false, nativeEvents: true, networkConnectionEnabled: false, pageLoadStrategy: normal, platform: XP, platformName: XP, proxy: Proxy(), rotatable: false, setWindowRect: true, strictFileInteractability: false, takesHeapSnapshot: true, takesScreenshot: true, timeouts: {implicit: 0, pageLoad: 300000, script: 30000}, unexpectedAlertBehaviour: ignore, unhandledPromptBehavior: ignore, version: 73.0.3683.103, webStorageEnabled: true}
Session ID: 65304484b2420aca5ec887a8de1f278c
*** Element info: {Using=xpath, value=//div[@class='ico-facebook']}]]>
            </message>
            <full-stacktrace>
              <![CDATA[org.openqa.selenium.NoSuchElementException: no such element: Unable to locate element: {"method":"xpath","selector":"//div[@class='ico-facebook']"}
  (Session info: chrome=73.0.3683.103)
  (Driver info: chromedriver=73.0.3683.68 (47787ec04b6e38e22703e856e101e840b65afe72),platform=Windows NT 10.0.14393 x86_64) (WARNING: The server did not provide any stacktrace information)
Command duration or timeout: 0 milliseconds
For documentation on this error, please visit: http://seleniumhq.org/exceptions/no_such_element.html
Build info: version: '3.9.1', revision: '63f7b50', time: '2018-02-07T22:42:28.403Z'
System info: host: 'B1009809', ip: '10.82.56.205', os.name: 'Windows 10', os.arch: 'amd64', os.version: '10.0', java.version: '1.8.0_181'
Driver info: org.openqa.selenium.chrome.ChromeDriver
Capabilities {acceptInsecureCerts: false, acceptSslCerts: false, applicationCacheEnabled: false, browserConnectionEnabled: false, browserName: chrome, chrome: {chromedriverVersion: 73.0.3683.68 (47787ec04b6e3..., userDataDir: C:\Users\E562418\AppData\Lo...}, cssSelectorsEnabled: true, databaseEnabled: false, goog:chromeOptions: {debuggerAddress: localhost:56711}, handlesAlerts: true, hasTouchScreen: false, javascriptEnabled: true, locationContextEnabled: true, mobileEmulationEnabled: false, nativeEvents: true, networkConnectionEnabled: false, pageLoadStrategy: normal, platform: XP, platformName: XP, proxy: Proxy(), rotatable: false, setWindowRect: true, strictFileInteractability: false, takesHeapSnapshot: true, takesScreenshot: true, timeouts: {implicit: 0, pageLoad: 300000, script: 30000}, unexpectedAlertBehaviour: ignore, unhandledPromptBehavior: ignore, version: 73.0.3683.103, webStorageEnabled: true}
Session ID: 65304484b2420aca5ec887a8de1f278c
*** Element info: {Using=xpath, value=//div[@class='ico-facebook']}
at sun.reflect.NativeConstructorAccessorImpl.newInstance0(Native Method)
at sun.reflect.NativeConstructorAccessorImpl.newInstance(NativeConstructorAccessorImpl.java:62)
at sun.reflect.DelegatingConstructorAccessorImpl.newInstance(DelegatingConstructorAccessorImpl.java:45)
at java.lang.reflect.Constructor.newInstance(Constructor.java:423)
at org.openqa.selenium.remote.ErrorHandler.createThrowable(ErrorHandler.java:214)
at org.openqa.selenium.remote.ErrorHandler.throwIfResponseFailed(ErrorHandler.java:166)
at org.openqa.selenium.remote.http.JsonHttpResponseCodec.reconstructValue(JsonHttpResponseCodec.java:40)
at org.openqa.selenium.remote.http.AbstractHttpResponseCodec.decode(AbstractHttpResponseCodec.java:80)
at org.openqa.selenium.remote.http.AbstractHttpResponseCodec.decode(AbstractHttpResponseCodec.java:44)
at org.openqa.selenium.remote.HttpCommandExecutor.execute(HttpCommandExecutor.java:160)
at org.openqa.selenium.remote.service.DriverCommandExecutor.execute(DriverCommandExecutor.java:83)
at org.openqa.selenium.remote.RemoteWebDriver.execute(RemoteWebDriver.java:601)
at org.openqa.selenium.remote.RemoteWebDriver.findElement(RemoteWebDriver.java:371)
at org.openqa.selenium.remote.RemoteWebDriver.findElementByXPath(RemoteWebDriver.java:473)
at org.openqa.selenium.By$ByXPath.findElement(By.java:361)
at org.openqa.selenium.remote.RemoteWebDriver.findElement(RemoteWebDriver.java:363)
at Peugeot.HomePagePEComposants.CheckClickOnFacebookIcone(HomePagePEComposants.java:101)
at Peugeot.ProdHomePageComponentsPeugeotSpainTest.GotFacebookPageWhenClickingTheFacebookIcone(ProdHomePageComponentsPeugeotSpainTest.java:77)
at sun.reflect.NativeMethodAccessorImpl.invoke0(Native Method)
at sun.reflect.NativeMethodAccessorImpl.invoke(NativeMethodAccessorImpl.java:62)
at sun.reflect.DelegatingMethodAccessorImpl.invoke(DelegatingMethodAccessorImpl.java:43)
at java.lang.reflect.Method.invoke(Method.java:498)
at org.testng.internal.MethodInvocationHelper.invokeMethod(MethodInvocationHelper.java:124)
at org.testng.internal.Invoker.invokeMethod(Invoker.java:580)
at org.testng.internal.Invoker.invokeTestMethod(Invoker.java:716)
at org.testng.internal.Invoker.invokeTestMethods(Invoker.java:988)
at org.testng.internal.TestMethodWorker.invokeTestMethods(TestMethodWorker.java:125)
at org.testng.internal.TestMethodWorker.run(TestMethodWorker.java:109)
at java.util.concurrent.ThreadPoolExecutor.runWorker(ThreadPoolExecutor.java:1149)
at java.util.concurrent.ThreadPoolExecutor$Worker.run(ThreadPoolExecutor.java:624)
at java.lang.Thread.run(Thread.java:748)
]]>
            </full-stacktrace>
          </exception> <!-- org.openqa.selenium.NoSuchElementException -->
          <reporter-output>
          </reporter-output>
        </test-method> <!-- GotFacebookPageWhenClickingTheFacebookIcone -->
        <test-method status="FAIL" signature="GotYoutubePageWhenClickingTheyoutubeIcone()[pri:15, instance:Peugeot.ProdHomePageComponentsPeugeotSpainTest@63440df3]" name="GotYoutubePageWhenClickingTheyoutubeIcone" duration-ms="80" started-at="2019-04-11T13:36:13Z" finished-at="2019-04-11T13:36:13Z">
          <exception class="org.openqa.selenium.NoSuchElementException">
            <message>
              <![CDATA[no such element: Unable to locate element: {"method":"xpath","selector":"//div[@class='ico-youtube']"}
  (Session info: chrome=73.0.3683.103)
  (Driver info: chromedriver=73.0.3683.68 (47787ec04b6e38e22703e856e101e840b65afe72),platform=Windows NT 10.0.14393 x86_64) (WARNING: The server did not provide any stacktrace information)
Command duration or timeout: 0 milliseconds
For documentation on this error, please visit: http://seleniumhq.org/exceptions/no_such_element.html
Build info: version: '3.9.1', revision: '63f7b50', time: '2018-02-07T22:42:28.403Z'
System info: host: 'B1009809', ip: '10.82.56.205', os.name: 'Windows 10', os.arch: 'amd64', os.version: '10.0', java.version: '1.8.0_181'
Driver info: org.openqa.selenium.chrome.ChromeDriver
Capabilities {acceptInsecureCerts: false, acceptSslCerts: false, applicationCacheEnabled: false, browserConnectionEnabled: false, browserName: chrome, chrome: {chromedriverVersion: 73.0.3683.68 (47787ec04b6e3..., userDataDir: C:\Users\E562418\AppData\Lo...}, cssSelectorsEnabled: true, databaseEnabled: false, goog:chromeOptions: {debuggerAddress: localhost:56711}, handlesAlerts: true, hasTouchScreen: false, javascriptEnabled: true, locationContextEnabled: true, mobileEmulationEnabled: false, nativeEvents: true, networkConnectionEnabled: false, pageLoadStrategy: normal, platform: XP, platformName: XP, proxy: Proxy(), rotatable: false, setWindowRect: true, strictFileInteractability: false, takesHeapSnapshot: true, takesScreenshot: true, timeouts: {implicit: 0, pageLoad: 300000, script: 30000}, unexpectedAlertBehaviour: ignore, unhandledPromptBehavior: ignore, version: 73.0.3683.103, webStorageEnabled: true}
Session ID: 65304484b2420aca5ec887a8de1f278c
*** Element info: {Using=xpath, value=//div[@class='ico-youtube']}]]>
            </message>
            <full-stacktrace>
              <![CDATA[org.openqa.selenium.NoSuchElementException: no such element: Unable to locate element: {"method":"xpath","selector":"//div[@class='ico-youtube']"}
  (Session info: chrome=73.0.3683.103)
  (Driver info: chromedriver=73.0.3683.68 (47787ec04b6e38e22703e856e101e840b65afe72),platform=Windows NT 10.0.14393 x86_64) (WARNING: The server did not provide any stacktrace information)
Command duration or timeout: 0 milliseconds
For documentation on this error, please visit: http://seleniumhq.org/exceptions/no_such_element.html
Build info: version: '3.9.1', revision: '63f7b50', time: '2018-02-07T22:42:28.403Z'
System info: host: 'B1009809', ip: '10.82.56.205', os.name: 'Windows 10', os.arch: 'amd64', os.version: '10.0', java.version: '1.8.0_181'
Driver info: org.openqa.selenium.chrome.ChromeDriver
Capabilities {acceptInsecureCerts: false, acceptSslCerts: false, applicationCacheEnabled: false, browserConnectionEnabled: false, browserName: chrome, chrome: {chromedriverVersion: 73.0.3683.68 (47787ec04b6e3..., userDataDir: C:\Users\E562418\AppData\Lo...}, cssSelectorsEnabled: true, databaseEnabled: false, goog:chromeOptions: {debuggerAddress: localhost:56711}, handlesAlerts: true, hasTouchScreen: false, javascriptEnabled: true, locationContextEnabled: true, mobileEmulationEnabled: false, nativeEvents: true, networkConnectionEnabled: false, pageLoadStrategy: normal, platform: XP, platformName: XP, proxy: Proxy(), rotatable: false, setWindowRect: true, strictFileInteractability: false, takesHeapSnapshot: true, takesScreenshot: true, timeouts: {implicit: 0, pageLoad: 300000, script: 30000}, unexpectedAlertBehaviour: ignore, unhandledPromptBehavior: ignore, version: 73.0.3683.103, webStorageEnabled: true}
Session ID: 65304484b2420aca5ec887a8de1f278c
*** Element info: {Using=xpath, value=//div[@class='ico-youtube']}
at sun.reflect.NativeConstructorAccessorImpl.newInstance0(Native Method)
at sun.reflect.NativeConstructorAccessorImpl.newInstance(NativeConstructorAccessorImpl.java:62)
at sun.reflect.DelegatingConstructorAccessorImpl.newInstance(DelegatingConstructorAccessorImpl.java:45)
at java.lang.reflect.Constructor.newInstance(Constructor.java:423)
at org.openqa.selenium.remote.ErrorHandler.createThrowable(ErrorHandler.java:214)
at org.openqa.selenium.remote.ErrorHandler.throwIfResponseFailed(ErrorHandler.java:166)
at org.openqa.selenium.remote.http.JsonHttpResponseCodec.reconstructValue(JsonHttpResponseCodec.java:40)
at org.openqa.selenium.remote.http.AbstractHttpResponseCodec.decode(AbstractHttpResponseCodec.java:80)
at org.openqa.selenium.remote.http.AbstractHttpResponseCodec.decode(AbstractHttpResponseCodec.java:44)
at org.openqa.selenium.remote.HttpCommandExecutor.execute(HttpCommandExecutor.java:160)
at org.openqa.selenium.remote.service.DriverCommandExecutor.execute(DriverCommandExecutor.java:83)
at org.openqa.selenium.remote.RemoteWebDriver.execute(RemoteWebDriver.java:601)
at org.openqa.selenium.remote.RemoteWebDriver.findElement(RemoteWebDriver.java:371)
at org.openqa.selenium.remote.RemoteWebDriver.findElementByXPath(RemoteWebDriver.java:473)
at org.openqa.selenium.By$ByXPath.findElement(By.java:361)
at org.openqa.selenium.remote.RemoteWebDriver.findElement(RemoteWebDriver.java:363)
at Peugeot.HomePagePEComposants.CheckClickOnYoutubeIcone(HomePagePEComposants.java:112)
at Peugeot.ProdHomePageComponentsPeugeotSpainTest.GotYoutubePageWhenClickingTheyoutubeIcone(ProdHomePageComponentsPeugeotSpainTest.java:83)
at sun.reflect.NativeMethodAccessorImpl.invoke0(Native Method)
at sun.reflect.NativeMethodAccessorImpl.invoke(NativeMethodAccessorImpl.java:62)
at sun.reflect.DelegatingMethodAccessorImpl.invoke(DelegatingMethodAccessorImpl.java:43)
at java.lang.reflect.Method.invoke(Method.java:498)
at org.testng.internal.MethodInvocationHelper.invokeMethod(MethodInvocationHelper.java:124)
at org.testng.internal.Invoker.invokeMethod(Invoker.java:580)
at org.testng.internal.Invoker.invokeTestMethod(Invoker.java:716)
at org.testng.internal.Invoker.invokeTestMethods(Invoker.java:988)
at org.testng.internal.TestMethodWorker.invokeTestMethods(TestMethodWorker.java:125)
at org.testng.internal.TestMethodWorker.run(TestMethodWorker.java:109)
at java.util.concurrent.ThreadPoolExecutor.runWorker(ThreadPoolExecutor.java:1149)
at java.util.concurrent.ThreadPoolExecutor$Worker.run(ThreadPoolExecutor.java:624)
at java.lang.Thread.run(Thread.java:748)
]]>
            </full-stacktrace>
          </exception> <!-- org.openqa.selenium.NoSuchElementException -->
          <reporter-output>
          </reporter-output>
        </test-method> <!-- GotYoutubePageWhenClickingTheyoutubeIcone -->
        <test-method status="PASS" signature="TheUserGeneralConditionsTextIsPresent()[pri:16, instance:Peugeot.ProdHomePageComponentsPeugeotSpainTest@63440df3]" name="TheUserGeneralConditionsTextIsPresent" duration-ms="90" started-at="2019-04-11T13:36:18Z" finished-at="2019-04-11T13:36:18Z">
          <reporter-output>
          </reporter-output>
        </test-method> <!-- TheUserGeneralConditionsTextIsPresent -->
        <test-method status="PASS" signature="TheCookiesTextIsPresent()[pri:18, instance:Peugeot.ProdHomePageComponentsPeugeotSpainTest@63440df3]" name="TheCookiesTextIsPresent" duration-ms="35" started-at="2019-04-11T13:36:19Z" finished-at="2019-04-11T13:36:19Z">
          <reporter-output>
          </reporter-output>
        </test-method> <!-- TheCookiesTextIsPresent -->
        <test-method status="PASS" signature="GotTheUserGeneralConditionsPage()[pri:19, instance:Peugeot.ProdHomePageComponentsPeugeotSpainTest@63440df3]" name="GotTheUserGeneralConditionsPage" duration-ms="3509" started-at="2019-04-11T13:36:26Z" finished-at="2019-04-11T13:36:29Z">
          <reporter-output>
          </reporter-output>
        </test-method> <!-- GotTheUserGeneralConditionsPage -->
        <test-method status="FAIL" signature="GotTheCookiesPopUp()[pri:21, instance:Peugeot.ProdHomePageComponentsPeugeotSpainTest@63440df3]" name="GotTheCookiesPopUp" duration-ms="13507" started-at="2019-04-11T13:36:44Z" finished-at="2019-04-11T13:36:58Z">
          <exception class="org.openqa.selenium.TimeoutException">
            <message>
              <![CDATA[timeout
  (Session info: chrome=73.0.3683.103)
  (Driver info: chromedriver=73.0.3683.68 (47787ec04b6e38e22703e856e101e840b65afe72),platform=Windows NT 10.0.14393 x86_64) (WARNING: The server did not provide any stacktrace information)
Command duration or timeout: 0 milliseconds
Build info: version: '3.9.1', revision: '63f7b50', time: '2018-02-07T22:42:28.403Z'
System info: host: 'B1009809', ip: '10.82.56.205', os.name: 'Windows 10', os.arch: 'amd64', os.version: '10.0', java.version: '1.8.0_181'
Driver info: org.openqa.selenium.chrome.ChromeDriver
Capabilities {acceptInsecureCerts: false, acceptSslCerts: false, applicationCacheEnabled: false, browserConnectionEnabled: false, browserName: chrome, chrome: {chromedriverVersion: 73.0.3683.68 (47787ec04b6e3..., userDataDir: C:\Users\E562418\AppData\Lo...}, cssSelectorsEnabled: true, databaseEnabled: false, goog:chromeOptions: {debuggerAddress: localhost:56711}, handlesAlerts: true, hasTouchScreen: false, javascriptEnabled: true, locationContextEnabled: true, mobileEmulationEnabled: false, nativeEvents: true, networkConnectionEnabled: false, pageLoadStrategy: normal, platform: XP, platformName: XP, proxy: Proxy(), rotatable: false, setWindowRect: true, strictFileInteractability: false, takesHeapSnapshot: true, takesScreenshot: true, timeouts: {implicit: 0, pageLoad: 300000, script: 30000}, unexpectedAlertBehaviour: ignore, unhandledPromptBehavior: ignore, version: 73.0.3683.103, webStorageEnabled: true}
Session ID: 65304484b2420aca5ec887a8de1f278c]]>
            </message>
            <full-stacktrace>
              <![CDATA[org.openqa.selenium.TimeoutException: timeout
  (Session info: chrome=73.0.3683.103)
  (Driver info: chromedriver=73.0.3683.68 (47787ec04b6e38e22703e856e101e840b65afe72),platform=Windows NT 10.0.14393 x86_64) (WARNING: The server did not provide any stacktrace information)
Command duration or timeout: 0 milliseconds
Build info: version: '3.9.1', revision: '63f7b50', time: '2018-02-07T22:42:28.403Z'
System info: host: 'B1009809', ip: '10.82.56.205', os.name: 'Windows 10', os.arch: 'amd64', os.version: '10.0', java.version: '1.8.0_181'
Driver info: org.openqa.selenium.chrome.ChromeDriver
Capabilities {acceptInsecureCerts: false, acceptSslCerts: false, applicationCacheEnabled: false, browserConnectionEnabled: false, browserName: chrome, chrome: {chromedriverVersion: 73.0.3683.68 (47787ec04b6e3..., userDataDir: C:\Users\E562418\AppData\Lo...}, cssSelectorsEnabled: true, databaseEnabled: false, goog:chromeOptions: {debuggerAddress: localhost:56711}, handlesAlerts: true, hasTouchScreen: false, javascriptEnabled: true, locationContextEnabled: true, mobileEmulationEnabled: false, nativeEvents: true, networkConnectionEnabled: false, pageLoadStrategy: normal, platform: XP, platformName: XP, proxy: Proxy(), rotatable: false, setWindowRect: true, strictFileInteractability: false, takesHeapSnapshot: true, takesScreenshot: true, timeouts: {implicit: 0, pageLoad: 300000, script: 30000}, unexpectedAlertBehaviour: ignore, unhandledPromptBehavior: ignore, version: 73.0.3683.103, webStorageEnabled: true}
Session ID: 65304484b2420aca5ec887a8de1f278c
at sun.reflect.NativeConstructorAccessorImpl.newInstance0(Native Method)
at sun.reflect.NativeConstructorAccessorImpl.newInstance(NativeConstructorAccessorImpl.java:62)
at sun.reflect.DelegatingConstructorAccessorImpl.newInstance(DelegatingConstructorAccessorImpl.java:45)
at java.lang.reflect.Constructor.newInstance(Constructor.java:423)
at org.openqa.selenium.remote.ErrorHandler.createThrowable(ErrorHandler.java:214)
at org.openqa.selenium.remote.ErrorHandler.throwIfResponseFailed(ErrorHandler.java:166)
at org.openqa.selenium.remote.http.JsonHttpResponseCodec.reconstructValue(JsonHttpResponseCodec.java:40)
at org.openqa.selenium.remote.http.AbstractHttpResponseCodec.decode(AbstractHttpResponseCodec.java:80)
at org.openqa.selenium.remote.http.AbstractHttpResponseCodec.decode(AbstractHttpResponseCodec.java:44)
at org.openqa.selenium.remote.HttpCommandExecutor.execute(HttpCommandExecutor.java:160)
at org.openqa.selenium.remote.service.DriverCommandExecutor.execute(DriverCommandExecutor.java:83)
at org.openqa.selenium.remote.RemoteWebDriver.execute(RemoteWebDriver.java:601)
at org.openqa.selenium.remote.RemoteWebElement.execute(RemoteWebElement.java:279)
at org.openqa.selenium.remote.RemoteWebElement.click(RemoteWebElement.java:83)
at Peugeot.HomePagePEComposants.CheckClickOnCookies(HomePagePEComposants.java:164)
at Peugeot.ProdHomePageComponentsPeugeotSpainTest.GotTheCookiesPopUp(ProdHomePageComponentsPeugeotSpainTest.java:110)
at sun.reflect.NativeMethodAccessorImpl.invoke0(Native Method)
at sun.reflect.NativeMethodAccessorImpl.invoke(NativeMethodAccessorImpl.java:62)
at sun.reflect.DelegatingMethodAccessorImpl.invoke(DelegatingMethodAccessorImpl.java:43)
at java.lang.reflect.Method.invoke(Method.java:498)
at org.testng.internal.MethodInvocationHelper.invokeMethod(MethodInvocationHelper.java:124)
at org.testng.internal.Invoker.invokeMethod(Invoker.java:580)
at org.testng.internal.Invoker.invokeTestMethod(Invoker.java:716)
at org.testng.internal.Invoker.invokeTestMethods(Invoker.java:988)
at org.testng.internal.TestMethodWorker.invokeTestMethods(TestMethodWorker.java:125)
at org.testng.internal.TestMethodWorker.run(TestMethodWorker.java:109)
at java.util.concurrent.ThreadPoolExecutor.runWorker(ThreadPoolExecutor.java:1149)
at java.util.concurrent.ThreadPoolExecutor$Worker.run(ThreadPoolExecutor.java:624)
at java.lang.Thread.run(Thread.java:748)
]]>
            </full-stacktrace>
          </exception> <!-- org.openqa.selenium.TimeoutException -->
          <reporter-output>
          </reporter-output>
        </test-method> <!-- GotTheCookiesPopUp -->
      </class> <!-- Peugeot.ProdHomePageComponentsPeugeotSpainTest -->
    </test> <!-- HomePageComponents -->
  </suite> <!-- TestAllHome -->
</testng-results>
