<?xml version="1.0" encoding="UTF-8"?>
<!-- Generated by org.testng.reporters.JUnitXMLReporter -->
<testsuite hostname="B1009809" ignored="0" name="HomePageComponents" tests="61" failures="3" timestamp="02 mai 2019 15:19:43 GMT" time="165.804" errors="0">
  <testcase name="ThePageTitleisCorrect" time="0.292" classname="Peugeot.ProdHomePageComponentsPeugeotBelgiumNLTest"/>
  <testcase name="ThePeugeotLogoIsDisplayed" time="0.254" classname="Peugeot.ProdHomePageComponentsPeugeotFranceTest"/>
  <testcase name="ThePeugeotLogoIsDisplayed" time="0.076" classname="Peugeot.ProdHomePageComponentsPeugeotItalyTest"/>
  <testcase name="ThePeugeotLogoIsDisplayed" time="0.08" classname="Peugeot.ProdHomePageComponentsPeugeotSpainTest"/>
  <testcase name="ThePeugeotLogoIsDisplayed" time="0.072" classname="Peugeot.ProdHomePageComponentsPeugeotBelgiumFRTest"/>
  <testcase name="ThePeugeotLogoIsDisplayed" time="0.048" classname="Peugeot.ProdHomePageComponentsPeugeotBelgiumNLTest"/>
  <testcase name="TheMySaveIconIsDisplayed" time="0.068" classname="Peugeot.ProdHomePageComponentsPeugeotFranceTest"/>
  <testcase name="TheTextUnderThePageTitleIsCorrect" time="0.065" classname="Peugeot.ProdHomePageComponentsPeugeotBelgiumNLTest"/>
  <testcase name="TheMySaveTextIsDisplayed" time="0.056" classname="Peugeot.ProdHomePageComponentsPeugeotFranceTest"/>
  <testcase name="GotToHomePageWhenClickingOnThePeugeotLogo" time="8.142" classname="Peugeot.ProdHomePageComponentsPeugeotBelgiumNLTest">
    <failure type="java.lang.AssertionError">
      <![CDATA[java.lang.AssertionError
at Peugeot.ProdHomePageComponentsPeugeotBelgiumNLTest.GotToHomePageWhenClickingOnThePeugeotLogo(ProdHomePageComponentsPeugeotBelgiumNLTest.java:47)
at java.util.concurrent.ThreadPoolExecutor.runWorker(ThreadPoolExecutor.java:1149)
at java.util.concurrent.ThreadPoolExecutor$Worker.run(ThreadPoolExecutor.java:624)
at java.lang.Thread.run(Thread.java:748)
... Removed 10 stack frames]]>
    </failure>
  </testcase> <!-- GotToHomePageWhenClickingOnThePeugeotLogo -->
  <testcase name="TheNeedHelpIconeIsDisplayed" time="0.044" classname="Peugeot.ProdHomePageComponentsPeugeotFranceTest"/>
  <testcase name="TheYoutubeIconeIsPresent" time="0.048" classname="Peugeot.ProdHomePageComponentsPeugeotBelgiumNLTest"/>
  <testcase name="TheNeedHelpTextIsDisplayed" time="0.048" classname="Peugeot.ProdHomePageComponentsPeugeotFranceTest"/>
  <testcase name="GotYoutubePageWhenClickingTheyoutubeIcone" time="4.603" classname="Peugeot.ProdHomePageComponentsPeugeotBelgiumNLTest"/>
  <testcase name="TheTextUnderThePageTitleIsCorrect" time="0.068" classname="Peugeot.ProdHomePageComponentsPeugeotFranceTest"/>
  <testcase name="TheTextUnderThePageTitleIsCorrect" time="0.064" classname="Peugeot.ProdHomePageComponentsPeugeotItalyTest"/>
  <testcase name="TheTextUnderThePageTitleIsCorrect" time="0.084" classname="Peugeot.ProdHomePageComponentsPeugeotSpainTest"/>
  <testcase name="TheTextUnderThePageTitleIsCorrect" time="0.056" classname="Peugeot.ProdHomePageComponentsPeugeotBelgiumFRTest">
    <failure type="java.lang.AssertionError">
      <![CDATA[java.lang.AssertionError
at Peugeot.ProdHomePageComponentsPeugeotBelgiumFRTest.TheTextUnderThePageTitleIsCorrect(ProdHomePageComponentsPeugeotBelgiumFRTest.java:41)
at java.util.concurrent.ThreadPoolExecutor.runWorker(ThreadPoolExecutor.java:1149)
at java.util.concurrent.ThreadPoolExecutor$Worker.run(ThreadPoolExecutor.java:624)
at java.lang.Thread.run(Thread.java:748)
... Removed 10 stack frames]]>
    </failure>
  </testcase> <!-- TheTextUnderThePageTitleIsCorrect -->
  <testcase name="TheUserGeneralConditionsTextIsPresent" time="0.08" classname="Peugeot.ProdHomePageComponentsPeugeotBelgiumNLTest"/>
  <testcase name="GotToHomePageWhenClickingOnThePeugeotLogo" time="6.894" classname="Peugeot.ProdHomePageComponentsPeugeotFranceTest"/>
  <testcase name="GotToHomePageWhenClickingOnThePeugeotLogo" time="9.529" classname="Peugeot.ProdHomePageComponentsPeugeotItalyTest"/>
  <testcase name="GotToHomePageWhenClickingOnThePeugeotLogo" time="48.51" classname="Peugeot.ProdHomePageComponentsPeugeotSpainTest"/>
  <testcase name="GotToHomePageWhenClickingOnThePeugeotLogo" time="1.855" classname="Peugeot.ProdHomePageComponentsPeugeotBelgiumFRTest"/>
  <testcase name="GotTheUserGeneralConditionsPage" time="3.378" classname="Peugeot.ProdHomePageComponentsPeugeotBelgiumNLTest"/>
  <testcase name="GotAPopupWhenClickingOnNeedHelpBotton" time="3.445" classname="Peugeot.ProdHomePageComponentsPeugeotFranceTest"/>
  <testcase name="TheTwiterIconeIsPresent" time="0.068" classname="Peugeot.ProdHomePageComponentsPeugeotFranceTest"/>
  <testcase name="TheTwiterIconeIsPresent" time="0.064" classname="Peugeot.ProdHomePageComponentsPeugeotItalyTest"/>
  <testcase name="TheFacebookIconeIsPresent" time="0.04" classname="Peugeot.ProdHomePageComponentsPeugeotFranceTest"/>
  <testcase name="TheFacebookIconeIsPresent" time="0.048" classname="Peugeot.ProdHomePageComponentsPeugeotItalyTest"/>
  <testcase name="TheFacebookIconeIsPresent" time="0.048" classname="Peugeot.ProdHomePageComponentsPeugeotSpainTest"/>
  <testcase name="TheFacebookIconeIsPresent" time="0.056" classname="Peugeot.ProdHomePageComponentsPeugeotBelgiumFRTest"/>
  <testcase name="TheYoutubeIconeIsPresent" time="0.048" classname="Peugeot.ProdHomePageComponentsPeugeotFranceTest"/>
  <testcase name="TheYoutubeIconeIsPresent" time="0.044" classname="Peugeot.ProdHomePageComponentsPeugeotItalyTest"/>
  <testcase name="TheYoutubeIconeIsPresent" time="0.036" classname="Peugeot.ProdHomePageComponentsPeugeotBelgiumFRTest"/>
  <testcase name="GotTwiterPageWhenClickingTheTwiterIcone" time="5.007" classname="Peugeot.ProdHomePageComponentsPeugeotFranceTest"/>
  <testcase name="GotTwiterPageWhenClickingTheTwiterIcone" time="5.371" classname="Peugeot.ProdHomePageComponentsPeugeotItalyTest"/>
  <testcase name="GotFacebookPageWhenClickingTheFacebookIcone" time="8.139" classname="Peugeot.ProdHomePageComponentsPeugeotFranceTest"/>
  <testcase name="GotFacebookPageWhenClickingTheFacebookIcone" time="3.548" classname="Peugeot.ProdHomePageComponentsPeugeotItalyTest"/>
  <testcase name="GotFacebookPageWhenClickingTheFacebookIcone" time="3.573" classname="Peugeot.ProdHomePageComponentsPeugeotSpainTest"/>
  <testcase name="GotFacebookPageWhenClickingTheFacebookIcone" time="3.449" classname="Peugeot.ProdHomePageComponentsPeugeotBelgiumFRTest"/>
  <testcase name="GotYoutubePageWhenClickingTheyoutubeIcone" time="5.431" classname="Peugeot.ProdHomePageComponentsPeugeotFranceTest"/>
  <testcase name="GotYoutubePageWhenClickingTheyoutubeIcone" time="4.887" classname="Peugeot.ProdHomePageComponentsPeugeotItalyTest"/>
  <testcase name="GotYoutubePageWhenClickingTheyoutubeIcone" time="4.887" classname="Peugeot.ProdHomePageComponentsPeugeotBelgiumFRTest"/>
  <testcase name="TheUserGeneralConditionsTextIsPresent" time="0.12" classname="Peugeot.ProdHomePageComponentsPeugeotFranceTest"/>
  <testcase name="TheUserGeneralConditionsTextIsPresent" time="0.104" classname="Peugeot.ProdHomePageComponentsPeugeotItalyTest"/>
  <testcase name="TheUserGeneralConditionsTextIsPresent" time="0.1" classname="Peugeot.ProdHomePageComponentsPeugeotSpainTest"/>
  <testcase name="TheUserGeneralConditionsTextIsPresent" time="0.112" classname="Peugeot.ProdHomePageComponentsPeugeotBelgiumFRTest"/>
  <testcase name="TheSellGeneralConditionsTextIsPresent" time="0.048" classname="Peugeot.ProdHomePageComponentsPeugeotFranceTest"/>
  <testcase name="TheCookiesTextIsPresent" time="0.048" classname="Peugeot.ProdHomePageComponentsPeugeotFranceTest"/>
  <testcase name="TheCookiesTextIsPresent" time="0.048" classname="Peugeot.ProdHomePageComponentsPeugeotItalyTest"/>
  <testcase name="TheCookiesTextIsPresent" time="0.045" classname="Peugeot.ProdHomePageComponentsPeugeotSpainTest"/>
  <testcase name="TheCookiesTextIsPresent" time="0.044" classname="Peugeot.ProdHomePageComponentsPeugeotBelgiumFRTest"/>
  <testcase name="GotTheUserGeneralConditionsPDF" time="3.424" classname="Peugeot.ProdHomePageComponentsPeugeotFranceTest"/>
  <testcase name="GotTheGeneralInformationPage" time="3.462" classname="Peugeot.ProdHomePageComponentsPeugeotItalyTest"/>
  <testcase name="GotTheUserGeneralConditionsPage" time="3.452" classname="Peugeot.ProdHomePageComponentsPeugeotSpainTest"/>
  <testcase name="GotTheUserGeneralConditionsPage" time="3.415" classname="Peugeot.ProdHomePageComponentsPeugeotBelgiumFRTest"/>
  <testcase name="GotTheSellGeneralConditionsPDF" time="3.471" classname="Peugeot.ProdHomePageComponentsPeugeotFranceTest"/>
  <testcase name="GotTheCookiesPopUp" time="4.222" classname="Peugeot.ProdHomePageComponentsPeugeotFranceTest"/>
  <testcase name="GotTheCookiesPopUp" time="3.793" classname="Peugeot.ProdHomePageComponentsPeugeotItalyTest"/>
  <testcase name="GotTheCookiesPopUp" time="3.754" classname="Peugeot.ProdHomePageComponentsPeugeotSpainTest"/>
  <testcase name="GotTheCookiesPopUp" time="3.235" classname="Peugeot.ProdHomePageComponentsPeugeotBelgiumFRTest">
    <failure type="org.openqa.selenium.NoSuchElementException" message="no such element: Unable to locate element: {&amp;quot;method&amp;quot;:&amp;quot;xpath&amp;quot;,&amp;quot;selector&amp;quot;:&amp;quot;//p[@id=&amp;apos;_psaihm_title&amp;apos;]&amp;quot;}
  (Session info: chrome=73.0.3683.103)
  (Driver info: chromedriver=73.0.3683.68 (47787ec04b6e38e22703e856e101e840b65afe72),platform=Windows NT 10.0.14393 x86_64) (WARNING: The server did not provide any stacktrace information)
Command duration or timeout: 0 milliseconds
For documentation on this error, please visit: http://seleniumhq.org/exceptions/no_such_element.html
Build info: version: &amp;apos;3.9.1&amp;apos;, revision: &amp;apos;63f7b50&amp;apos;, time: &amp;apos;2018-02-07T22:42:28.403Z&amp;apos;
System info: host: &amp;apos;B1009809&amp;apos;, ip: &amp;apos;10.82.56.205&amp;apos;, os.name: &amp;apos;Windows 10&amp;apos;, os.arch: &amp;apos;amd64&amp;apos;, os.version: &amp;apos;10.0&amp;apos;, java.version: &amp;apos;1.8.0_181&amp;apos;
Driver info: org.openqa.selenium.chrome.ChromeDriver
Capabilities {acceptInsecureCerts: false, acceptSslCerts: false, applicationCacheEnabled: false, browserConnectionEnabled: false, browserName: chrome, chrome: {chromedriverVersion: 73.0.3683.68 (47787ec04b6e3..., userDataDir: C:\Users\E562418\AppData\Lo...}, cssSelectorsEnabled: true, databaseEnabled: false, goog:chromeOptions: {debuggerAddress: localhost:51043}, handlesAlerts: true, hasTouchScreen: false, javascriptEnabled: true, locationContextEnabled: true, mobileEmulationEnabled: false, nativeEvents: true, networkConnectionEnabled: false, pageLoadStrategy: normal, platform: XP, platformName: XP, proxy: Proxy(), rotatable: false, setWindowRect: true, strictFileInteractability: false, takesHeapSnapshot: true, takesScreenshot: true, timeouts: {implicit: 0, pageLoad: 300000, script: 30000}, unexpectedAlertBehaviour: ignore, unhandledPromptBehavior: ignore, version: 73.0.3683.103, webStorageEnabled: true}
Session ID: d722475c8ebe232cc1ae622240e376b5
*** Element info: {Using=xpath, value=//p[@id=&amp;apos;_psaihm_title&amp;apos;]}">
      <![CDATA[org.openqa.selenium.NoSuchElementException: no such element: Unable to locate element: {"method":"xpath","selector":"//p[@id='_psaihm_title']"}
  (Session info: chrome=73.0.3683.103)
  (Driver info: chromedriver=73.0.3683.68 (47787ec04b6e38e22703e856e101e840b65afe72),platform=Windows NT 10.0.14393 x86_64) (WARNING: The server did not provide any stacktrace information)
Command duration or timeout: 0 milliseconds
For documentation on this error, please visit: http://seleniumhq.org/exceptions/no_such_element.html
Build info: version: '3.9.1', revision: '63f7b50', time: '2018-02-07T22:42:28.403Z'
System info: host: 'B1009809', ip: '10.82.56.205', os.name: 'Windows 10', os.arch: 'amd64', os.version: '10.0', java.version: '1.8.0_181'
Driver info: org.openqa.selenium.chrome.ChromeDriver
Capabilities {acceptInsecureCerts: false, acceptSslCerts: false, applicationCacheEnabled: false, browserConnectionEnabled: false, browserName: chrome, chrome: {chromedriverVersion: 73.0.3683.68 (47787ec04b6e3..., userDataDir: C:\Users\E562418\AppData\Lo...}, cssSelectorsEnabled: true, databaseEnabled: false, goog:chromeOptions: {debuggerAddress: localhost:51043}, handlesAlerts: true, hasTouchScreen: false, javascriptEnabled: true, locationContextEnabled: true, mobileEmulationEnabled: false, nativeEvents: true, networkConnectionEnabled: false, pageLoadStrategy: normal, platform: XP, platformName: XP, proxy: Proxy(), rotatable: false, setWindowRect: true, strictFileInteractability: false, takesHeapSnapshot: true, takesScreenshot: true, timeouts: {implicit: 0, pageLoad: 300000, script: 30000}, unexpectedAlertBehaviour: ignore, unhandledPromptBehavior: ignore, version: 73.0.3683.103, webStorageEnabled: true}
Session ID: d722475c8ebe232cc1ae622240e376b5
*** Element info: {Using=xpath, value=//p[@id='_psaihm_title']}
at org.openqa.selenium.remote.ErrorHandler.createThrowable(ErrorHandler.java:214)
at org.openqa.selenium.remote.ErrorHandler.throwIfResponseFailed(ErrorHandler.java:166)
at org.openqa.selenium.remote.http.JsonHttpResponseCodec.reconstructValue(JsonHttpResponseCodec.java:40)
at org.openqa.selenium.remote.http.AbstractHttpResponseCodec.decode(AbstractHttpResponseCodec.java:80)
at org.openqa.selenium.remote.http.AbstractHttpResponseCodec.decode(AbstractHttpResponseCodec.java:44)
at org.openqa.selenium.remote.HttpCommandExecutor.execute(HttpCommandExecutor.java:160)
at org.openqa.selenium.remote.service.DriverCommandExecutor.execute(DriverCommandExecutor.java:83)
at org.openqa.selenium.remote.RemoteWebDriver.execute(RemoteWebDriver.java:601)
at org.openqa.selenium.remote.RemoteWebDriver.findElement(RemoteWebDriver.java:371)
at org.openqa.selenium.remote.RemoteWebDriver.findElementByXPath(RemoteWebDriver.java:473)
at org.openqa.selenium.By$ByXPath.findElement(By.java:361)
at org.openqa.selenium.remote.RemoteWebDriver.findElement(RemoteWebDriver.java:363)
at Peugeot.HomePagePEComposants.CheckClickOnCookies(HomePagePEComposants.java:163)
at Peugeot.ProdHomePageComponentsPeugeotBelgiumFRTest.GotTheCookiesPopUp(ProdHomePageComponentsPeugeotBelgiumFRTest.java:98)
at java.util.concurrent.ThreadPoolExecutor.runWorker(ThreadPoolExecutor.java:1149)
at java.util.concurrent.ThreadPoolExecutor$Worker.run(ThreadPoolExecutor.java:624)
at java.lang.Thread.run(Thread.java:748)
... Removed 14 stack frames]]>
    </failure>
  </testcase> <!-- GotTheCookiesPopUp -->
</testsuite> <!-- HomePageComponents -->
