<html>
<head>
<title>TestNG:  HomePageComponents</title>
<link href="../testng.css" rel="stylesheet" type="text/css" />
<link href="../my-testng.css" rel="stylesheet" type="text/css" />

<style type="text/css">
.log { display: none;} 
.stack-trace { display: none;} 
</style>
<script type="text/javascript">
<!--
function flip(e) {
  current = e.style.display;
  if (current == 'block') {
    e.style.display = 'none';
    return 0;
  }
  else {
    e.style.display = 'block';
    return 1;
  }
}

function toggleBox(szDivId, elem, msg1, msg2)
{
  var res = -1;  if (document.getElementById) {
    res = flip(document.getElementById(szDivId));
  }
  else if (document.all) {
    // this is the way old msie versions work
    res = flip(document.all[szDivId]);
  }
  if(elem) {
    if(res == 0) elem.innerHTML = msg1; else elem.innerHTML = msg2;
  }

}

function toggleAllBoxes() {
  if (document.getElementsByTagName) {
    d = document.getElementsByTagName('div');
    for (i = 0; i < d.length; i++) {
      if (d[i].className == 'log') {
        flip(d[i]);
      }
    }
  }
}

// -->
</script>

</head>
<body>
<h2 align='center'>HomePageComponents</h2><table border='1' align="center">
<tr>
<td>Tests passed/Failed/Skipped:</td><td>55/10/0</td>
</tr><tr>
<td>Started on:</td><td>Thu Apr 11 15:35:12 CEST 2019</td>
</tr>
<tr><td>Total time:</td><td>109 seconds (109363 ms)</td>
</tr><tr>
<td>Included groups:</td><td></td>
</tr><tr>
<td>Excluded groups:</td><td></td>
</tr>
</table><p/>
<small><i>(Hover the method name to see the test class name)</i></small><p/>
<table width='100%' border='1' class='invocation-failed'>
<tr><td colspan='4' align='center'><b>FAILED TESTS</b></td></tr>
<tr><td><b>Test method</b></td>
<td width="30%"><b>Exception</b></td>
<td width="10%"><b>Time (seconds)</b></td>
<td><b>Instance</b></td>
</tr>
<tr>
<td title='Peugeot.ProdHomePageComponentsPeugeotSpainTest.GotFacebookPageWhenClickingTheFacebookIcone()'><b>GotFacebookPageWhenClickingTheFacebookIcone</b><br>Test class: Peugeot.ProdHomePageComponentsPeugeotSpainTest</td>
<td><div><pre>org.openqa.selenium.NoSuchElementException: no such element: Unable to locate element: {&quot;method&quot;:&quot;xpath&quot;,&quot;selector&quot;:&quot;//div[@class=&apos;ico-facebook&apos;]&quot;}
  (Session info: chrome=73.0.3683.103)
  (Driver info: chromedriver=73.0.3683.68 (47787ec04b6e38e22703e856e101e840b65afe72),platform=Windows NT 10.0.14393 x86_64) (WARNING: The server did not provide any stacktrace information)
Command duration or timeout: 0 milliseconds
For documentation on this error, please visit: http://seleniumhq.org/exceptions/no_such_element.html
Build info: version: &apos;3.9.1&apos;, revision: &apos;63f7b50&apos;, time: &apos;2018-02-07T22:42:28.403Z&apos;
System info: host: &apos;B1009809&apos;, ip: &apos;10.82.56.205&apos;, os.name: &apos;Windows 10&apos;, os.arch: &apos;amd64&apos;, os.version: &apos;10.0&apos;, java.version: &apos;1.8.0_181&apos;
Driver info: org.openqa.selenium.chrome.ChromeDriver
Capabilities {acceptInsecureCerts: false, acceptSslCerts: false, applicationCacheEnabled: false, browserConnectionEnabled: false, browserName: chrome, chrome: {chromedriverVersion: 73.0.3683.68 (47787ec04b6e3..., userDataDir: C:\Users\E562418\AppData\Lo...}, cssSelectorsEnabled: true, databaseEnabled: false, goog:chromeOptions: {debuggerAddress: localhost:56711}, handlesAlerts: true, hasTouchScreen: false, javascriptEnabled: true, locationContextEnabled: true, mobileEmulationEnabled: false, nativeEvents: true, networkConnectionEnabled: false, pageLoadStrategy: normal, platform: XP, platformName: XP, proxy: Proxy(), rotatable: false, setWindowRect: true, strictFileInteractability: false, takesHeapSnapshot: true, takesScreenshot: true, timeouts: {implicit: 0, pageLoad: 300000, script: 30000}, unexpectedAlertBehaviour: ignore, unhandledPromptBehavior: ignore, version: 73.0.3683.103, webStorageEnabled: true}
Session ID: 65304484b2420aca5ec887a8de1f278c
*** Element info: {Using=xpath, value=//div[@class=&apos;ico-facebook&apos;]}
	at org.openqa.selenium.remote.ErrorHandler.createThrowable(ErrorHandler.java:214)
	at org.openqa.selenium.remote.ErrorHandler.throwIfResponseFailed(ErrorHandler.java:166)
	at org.openqa.selenium.remote.http.JsonHttpResponseCodec.reconstructValue(JsonHttpResponseCodec.java:40)
	at org.openqa.selenium.remote.http.AbstractHttpResponseCodec.decode(AbstractHttpResponseCodec.java:80)
	at org.openqa.selenium.remote.http.AbstractHttpResponseCodec.decode(AbstractHttpResponseCodec.java:44)
	at org.openqa.selenium.remote.HttpCommandExecutor.execute(HttpCommandExecutor.java:160)
	at org.openqa.selenium.remote.service.DriverCommandExecutor.execute(DriverCommandExecutor.java:83)
	at org.openqa.selenium.remote.RemoteWebDriver.execute(RemoteWebDriver.java:601)
	at org.openqa.selenium.remote.RemoteWebDriver.findElement(RemoteWebDriver.java:371)
	at org.openqa.selenium.remote.RemoteWebDriver.findElementByXPath(RemoteWebDriver.java:473)
	at org.openqa.selenium.By$ByXPath.findElement(By.java:361)
	at org.openqa.selenium.remote.RemoteWebDriver.findElement(RemoteWebDriver.java:363)
	at Peugeot.HomePagePEComposants.CheckClickOnFacebookIcone(HomePagePEComposants.java:101)
	at Peugeot.ProdHomePageComponentsPeugeotSpainTest.GotFacebookPageWhenClickingTheFacebookIcone(ProdHomePageComponentsPeugeotSpainTest.java:77)
	at java.util.concurrent.ThreadPoolExecutor.runWorker(ThreadPoolExecutor.java:1149)
	at java.util.concurrent.ThreadPoolExecutor$Worker.run(ThreadPoolExecutor.java:624)
	at java.lang.Thread.run(Thread.java:748)
... Removed 14 stack frames</pre></div><a href='#' onClick='toggleBox("stack-trace841193550", this, "Click to show all stack frames", "Click to hide stack frames")'>Click to show all stack frames</a>
<div class='stack-trace' id='stack-trace841193550'><pre>org.openqa.selenium.NoSuchElementException: no such element: Unable to locate element: {&quot;method&quot;:&quot;xpath&quot;,&quot;selector&quot;:&quot;//div[@class=&apos;ico-facebook&apos;]&quot;}
  (Session info: chrome=73.0.3683.103)
  (Driver info: chromedriver=73.0.3683.68 (47787ec04b6e38e22703e856e101e840b65afe72),platform=Windows NT 10.0.14393 x86_64) (WARNING: The server did not provide any stacktrace information)
Command duration or timeout: 0 milliseconds
For documentation on this error, please visit: http://seleniumhq.org/exceptions/no_such_element.html
Build info: version: &apos;3.9.1&apos;, revision: &apos;63f7b50&apos;, time: &apos;2018-02-07T22:42:28.403Z&apos;
System info: host: &apos;B1009809&apos;, ip: &apos;10.82.56.205&apos;, os.name: &apos;Windows 10&apos;, os.arch: &apos;amd64&apos;, os.version: &apos;10.0&apos;, java.version: &apos;1.8.0_181&apos;
Driver info: org.openqa.selenium.chrome.ChromeDriver
Capabilities {acceptInsecureCerts: false, acceptSslCerts: false, applicationCacheEnabled: false, browserConnectionEnabled: false, browserName: chrome, chrome: {chromedriverVersion: 73.0.3683.68 (47787ec04b6e3..., userDataDir: C:\Users\E562418\AppData\Lo...}, cssSelectorsEnabled: true, databaseEnabled: false, goog:chromeOptions: {debuggerAddress: localhost:56711}, handlesAlerts: true, hasTouchScreen: false, javascriptEnabled: true, locationContextEnabled: true, mobileEmulationEnabled: false, nativeEvents: true, networkConnectionEnabled: false, pageLoadStrategy: normal, platform: XP, platformName: XP, proxy: Proxy(), rotatable: false, setWindowRect: true, strictFileInteractability: false, takesHeapSnapshot: true, takesScreenshot: true, timeouts: {implicit: 0, pageLoad: 300000, script: 30000}, unexpectedAlertBehaviour: ignore, unhandledPromptBehavior: ignore, version: 73.0.3683.103, webStorageEnabled: true}
Session ID: 65304484b2420aca5ec887a8de1f278c
*** Element info: {Using=xpath, value=//div[@class=&apos;ico-facebook&apos;]}
	at sun.reflect.NativeConstructorAccessorImpl.newInstance0(Native Method)
	at sun.reflect.NativeConstructorAccessorImpl.newInstance(NativeConstructorAccessorImpl.java:62)
	at sun.reflect.DelegatingConstructorAccessorImpl.newInstance(DelegatingConstructorAccessorImpl.java:45)
	at java.lang.reflect.Constructor.newInstance(Constructor.java:423)
	at org.openqa.selenium.remote.ErrorHandler.createThrowable(ErrorHandler.java:214)
	at org.openqa.selenium.remote.ErrorHandler.throwIfResponseFailed(ErrorHandler.java:166)
	at org.openqa.selenium.remote.http.JsonHttpResponseCodec.reconstructValue(JsonHttpResponseCodec.java:40)
	at org.openqa.selenium.remote.http.AbstractHttpResponseCodec.decode(AbstractHttpResponseCodec.java:80)
	at org.openqa.selenium.remote.http.AbstractHttpResponseCodec.decode(AbstractHttpResponseCodec.java:44)
	at org.openqa.selenium.remote.HttpCommandExecutor.execute(HttpCommandExecutor.java:160)
	at org.openqa.selenium.remote.service.DriverCommandExecutor.execute(DriverCommandExecutor.java:83)
	at org.openqa.selenium.remote.RemoteWebDriver.execute(RemoteWebDriver.java:601)
	at org.openqa.selenium.remote.RemoteWebDriver.findElement(RemoteWebDriver.java:371)
	at org.openqa.selenium.remote.RemoteWebDriver.findElementByXPath(RemoteWebDriver.java:473)
	at org.openqa.selenium.By$ByXPath.findElement(By.java:361)
	at org.openqa.selenium.remote.RemoteWebDriver.findElement(RemoteWebDriver.java:363)
	at Peugeot.HomePagePEComposants.CheckClickOnFacebookIcone(HomePagePEComposants.java:101)
	at Peugeot.ProdHomePageComponentsPeugeotSpainTest.GotFacebookPageWhenClickingTheFacebookIcone(ProdHomePageComponentsPeugeotSpainTest.java:77)
	at sun.reflect.NativeMethodAccessorImpl.invoke0(Native Method)
	at sun.reflect.NativeMethodAccessorImpl.invoke(NativeMethodAccessorImpl.java:62)
	at sun.reflect.DelegatingMethodAccessorImpl.invoke(DelegatingMethodAccessorImpl.java:43)
	at java.lang.reflect.Method.invoke(Method.java:498)
	at org.testng.internal.MethodInvocationHelper.invokeMethod(MethodInvocationHelper.java:124)
	at org.testng.internal.Invoker.invokeMethod(Invoker.java:580)
	at org.testng.internal.Invoker.invokeTestMethod(Invoker.java:716)
	at org.testng.internal.Invoker.invokeTestMethods(Invoker.java:988)
	at org.testng.internal.TestMethodWorker.invokeTestMethods(TestMethodWorker.java:125)
	at org.testng.internal.TestMethodWorker.run(TestMethodWorker.java:109)
	at java.util.concurrent.ThreadPoolExecutor.runWorker(ThreadPoolExecutor.java:1149)
	at java.util.concurrent.ThreadPoolExecutor$Worker.run(ThreadPoolExecutor.java:624)
	at java.lang.Thread.run(Thread.java:748)
</pre></div></td>
<td>0</td>
<td>Peugeot.ProdHomePageComponentsPeugeotSpainTest@63440df3</td></tr>
<tr>
<td title='Peugeot.ProdHomePageComponentsPeugeotSpainTest.GotTheCookiesPopUp()'><b>GotTheCookiesPopUp</b><br>Test class: Peugeot.ProdHomePageComponentsPeugeotSpainTest</td>
<td><div><pre>org.openqa.selenium.TimeoutException: timeout
  (Session info: chrome=73.0.3683.103)
  (Driver info: chromedriver=73.0.3683.68 (47787ec04b6e38e22703e856e101e840b65afe72),platform=Windows NT 10.0.14393 x86_64) (WARNING: The server did not provide any stacktrace information)
Command duration or timeout: 0 milliseconds
Build info: version: &apos;3.9.1&apos;, revision: &apos;63f7b50&apos;, time: &apos;2018-02-07T22:42:28.403Z&apos;
System info: host: &apos;B1009809&apos;, ip: &apos;10.82.56.205&apos;, os.name: &apos;Windows 10&apos;, os.arch: &apos;amd64&apos;, os.version: &apos;10.0&apos;, java.version: &apos;1.8.0_181&apos;
Driver info: org.openqa.selenium.chrome.ChromeDriver
Capabilities {acceptInsecureCerts: false, acceptSslCerts: false, applicationCacheEnabled: false, browserConnectionEnabled: false, browserName: chrome, chrome: {chromedriverVersion: 73.0.3683.68 (47787ec04b6e3..., userDataDir: C:\Users\E562418\AppData\Lo...}, cssSelectorsEnabled: true, databaseEnabled: false, goog:chromeOptions: {debuggerAddress: localhost:56711}, handlesAlerts: true, hasTouchScreen: false, javascriptEnabled: true, locationContextEnabled: true, mobileEmulationEnabled: false, nativeEvents: true, networkConnectionEnabled: false, pageLoadStrategy: normal, platform: XP, platformName: XP, proxy: Proxy(), rotatable: false, setWindowRect: true, strictFileInteractability: false, takesHeapSnapshot: true, takesScreenshot: true, timeouts: {implicit: 0, pageLoad: 300000, script: 30000}, unexpectedAlertBehaviour: ignore, unhandledPromptBehavior: ignore, version: 73.0.3683.103, webStorageEnabled: true}
Session ID: 65304484b2420aca5ec887a8de1f278c
	at org.openqa.selenium.remote.ErrorHandler.createThrowable(ErrorHandler.java:214)
	at org.openqa.selenium.remote.ErrorHandler.throwIfResponseFailed(ErrorHandler.java:166)
	at org.openqa.selenium.remote.http.JsonHttpResponseCodec.reconstructValue(JsonHttpResponseCodec.java:40)
	at org.openqa.selenium.remote.http.AbstractHttpResponseCodec.decode(AbstractHttpResponseCodec.java:80)
	at org.openqa.selenium.remote.http.AbstractHttpResponseCodec.decode(AbstractHttpResponseCodec.java:44)
	at org.openqa.selenium.remote.HttpCommandExecutor.execute(HttpCommandExecutor.java:160)
	at org.openqa.selenium.remote.service.DriverCommandExecutor.execute(DriverCommandExecutor.java:83)
	at org.openqa.selenium.remote.RemoteWebDriver.execute(RemoteWebDriver.java:601)
	at org.openqa.selenium.remote.RemoteWebElement.execute(RemoteWebElement.java:279)
	at org.openqa.selenium.remote.RemoteWebElement.click(RemoteWebElement.java:83)
	at Peugeot.HomePagePEComposants.CheckClickOnCookies(HomePagePEComposants.java:164)
	at Peugeot.ProdHomePageComponentsPeugeotSpainTest.GotTheCookiesPopUp(ProdHomePageComponentsPeugeotSpainTest.java:110)
	at java.util.concurrent.ThreadPoolExecutor.runWorker(ThreadPoolExecutor.java:1149)
	at java.util.concurrent.ThreadPoolExecutor$Worker.run(ThreadPoolExecutor.java:624)
	at java.lang.Thread.run(Thread.java:748)
... Removed 14 stack frames</pre></div><a href='#' onClick='toggleBox("stack-trace1529125627", this, "Click to show all stack frames", "Click to hide stack frames")'>Click to show all stack frames</a>
<div class='stack-trace' id='stack-trace1529125627'><pre>org.openqa.selenium.TimeoutException: timeout
  (Session info: chrome=73.0.3683.103)
  (Driver info: chromedriver=73.0.3683.68 (47787ec04b6e38e22703e856e101e840b65afe72),platform=Windows NT 10.0.14393 x86_64) (WARNING: The server did not provide any stacktrace information)
Command duration or timeout: 0 milliseconds
Build info: version: &apos;3.9.1&apos;, revision: &apos;63f7b50&apos;, time: &apos;2018-02-07T22:42:28.403Z&apos;
System info: host: &apos;B1009809&apos;, ip: &apos;10.82.56.205&apos;, os.name: &apos;Windows 10&apos;, os.arch: &apos;amd64&apos;, os.version: &apos;10.0&apos;, java.version: &apos;1.8.0_181&apos;
Driver info: org.openqa.selenium.chrome.ChromeDriver
Capabilities {acceptInsecureCerts: false, acceptSslCerts: false, applicationCacheEnabled: false, browserConnectionEnabled: false, browserName: chrome, chrome: {chromedriverVersion: 73.0.3683.68 (47787ec04b6e3..., userDataDir: C:\Users\E562418\AppData\Lo...}, cssSelectorsEnabled: true, databaseEnabled: false, goog:chromeOptions: {debuggerAddress: localhost:56711}, handlesAlerts: true, hasTouchScreen: false, javascriptEnabled: true, locationContextEnabled: true, mobileEmulationEnabled: false, nativeEvents: true, networkConnectionEnabled: false, pageLoadStrategy: normal, platform: XP, platformName: XP, proxy: Proxy(), rotatable: false, setWindowRect: true, strictFileInteractability: false, takesHeapSnapshot: true, takesScreenshot: true, timeouts: {implicit: 0, pageLoad: 300000, script: 30000}, unexpectedAlertBehaviour: ignore, unhandledPromptBehavior: ignore, version: 73.0.3683.103, webStorageEnabled: true}
Session ID: 65304484b2420aca5ec887a8de1f278c
	at sun.reflect.NativeConstructorAccessorImpl.newInstance0(Native Method)
	at sun.reflect.NativeConstructorAccessorImpl.newInstance(NativeConstructorAccessorImpl.java:62)
	at sun.reflect.DelegatingConstructorAccessorImpl.newInstance(DelegatingConstructorAccessorImpl.java:45)
	at java.lang.reflect.Constructor.newInstance(Constructor.java:423)
	at org.openqa.selenium.remote.ErrorHandler.createThrowable(ErrorHandler.java:214)
	at org.openqa.selenium.remote.ErrorHandler.throwIfResponseFailed(ErrorHandler.java:166)
	at org.openqa.selenium.remote.http.JsonHttpResponseCodec.reconstructValue(JsonHttpResponseCodec.java:40)
	at org.openqa.selenium.remote.http.AbstractHttpResponseCodec.decode(AbstractHttpResponseCodec.java:80)
	at org.openqa.selenium.remote.http.AbstractHttpResponseCodec.decode(AbstractHttpResponseCodec.java:44)
	at org.openqa.selenium.remote.HttpCommandExecutor.execute(HttpCommandExecutor.java:160)
	at org.openqa.selenium.remote.service.DriverCommandExecutor.execute(DriverCommandExecutor.java:83)
	at org.openqa.selenium.remote.RemoteWebDriver.execute(RemoteWebDriver.java:601)
	at org.openqa.selenium.remote.RemoteWebElement.execute(RemoteWebElement.java:279)
	at org.openqa.selenium.remote.RemoteWebElement.click(RemoteWebElement.java:83)
	at Peugeot.HomePagePEComposants.CheckClickOnCookies(HomePagePEComposants.java:164)
	at Peugeot.ProdHomePageComponentsPeugeotSpainTest.GotTheCookiesPopUp(ProdHomePageComponentsPeugeotSpainTest.java:110)
	at sun.reflect.NativeMethodAccessorImpl.invoke0(Native Method)
	at sun.reflect.NativeMethodAccessorImpl.invoke(NativeMethodAccessorImpl.java:62)
	at sun.reflect.DelegatingMethodAccessorImpl.invoke(DelegatingMethodAccessorImpl.java:43)
	at java.lang.reflect.Method.invoke(Method.java:498)
	at org.testng.internal.MethodInvocationHelper.invokeMethod(MethodInvocationHelper.java:124)
	at org.testng.internal.Invoker.invokeMethod(Invoker.java:580)
	at org.testng.internal.Invoker.invokeTestMethod(Invoker.java:716)
	at org.testng.internal.Invoker.invokeTestMethods(Invoker.java:988)
	at org.testng.internal.TestMethodWorker.invokeTestMethods(TestMethodWorker.java:125)
	at org.testng.internal.TestMethodWorker.run(TestMethodWorker.java:109)
	at java.util.concurrent.ThreadPoolExecutor.runWorker(ThreadPoolExecutor.java:1149)
	at java.util.concurrent.ThreadPoolExecutor$Worker.run(ThreadPoolExecutor.java:624)
	at java.lang.Thread.run(Thread.java:748)
</pre></div></td>
<td>13</td>
<td>Peugeot.ProdHomePageComponentsPeugeotSpainTest@63440df3</td></tr>
<tr>
<td title='Peugeot.ProdHomePageComponentsPeugeotBelgiumFRTest.GotTheCookiesPopUp()'><b>GotTheCookiesPopUp</b><br>Test class: Peugeot.ProdHomePageComponentsPeugeotBelgiumFRTest</td>
<td><div><pre>org.openqa.selenium.NoSuchElementException: no such element: Unable to locate element: {&quot;method&quot;:&quot;xpath&quot;,&quot;selector&quot;:&quot;//p[@id=&apos;_psaihm_title&apos;]&quot;}
  (Session info: chrome=73.0.3683.103)
  (Driver info: chromedriver=73.0.3683.68 (47787ec04b6e38e22703e856e101e840b65afe72),platform=Windows NT 10.0.14393 x86_64) (WARNING: The server did not provide any stacktrace information)
Command duration or timeout: 0 milliseconds
For documentation on this error, please visit: http://seleniumhq.org/exceptions/no_such_element.html
Build info: version: &apos;3.9.1&apos;, revision: &apos;63f7b50&apos;, time: &apos;2018-02-07T22:42:28.403Z&apos;
System info: host: &apos;B1009809&apos;, ip: &apos;10.82.56.205&apos;, os.name: &apos;Windows 10&apos;, os.arch: &apos;amd64&apos;, os.version: &apos;10.0&apos;, java.version: &apos;1.8.0_181&apos;
Driver info: org.openqa.selenium.chrome.ChromeDriver
Capabilities {acceptInsecureCerts: false, acceptSslCerts: false, applicationCacheEnabled: false, browserConnectionEnabled: false, browserName: chrome, chrome: {chromedriverVersion: 73.0.3683.68 (47787ec04b6e3..., userDataDir: C:\Users\E562418\AppData\Lo...}, cssSelectorsEnabled: true, databaseEnabled: false, goog:chromeOptions: {debuggerAddress: localhost:56408}, handlesAlerts: true, hasTouchScreen: false, javascriptEnabled: true, locationContextEnabled: true, mobileEmulationEnabled: false, nativeEvents: true, networkConnectionEnabled: false, pageLoadStrategy: normal, platform: XP, platformName: XP, proxy: Proxy(), rotatable: false, setWindowRect: true, strictFileInteractability: false, takesHeapSnapshot: true, takesScreenshot: true, timeouts: {implicit: 0, pageLoad: 300000, script: 30000}, unexpectedAlertBehaviour: ignore, unhandledPromptBehavior: ignore, version: 73.0.3683.103, webStorageEnabled: true}
Session ID: 82ec8d797c44779e4bf9195ef6f6366e
*** Element info: {Using=xpath, value=//p[@id=&apos;_psaihm_title&apos;]}
	at org.openqa.selenium.remote.ErrorHandler.createThrowable(ErrorHandler.java:214)
	at org.openqa.selenium.remote.ErrorHandler.throwIfResponseFailed(ErrorHandler.java:166)
	at org.openqa.selenium.remote.http.JsonHttpResponseCodec.reconstructValue(JsonHttpResponseCodec.java:40)
	at org.openqa.selenium.remote.http.AbstractHttpResponseCodec.decode(AbstractHttpResponseCodec.java:80)
	at org.openqa.selenium.remote.http.AbstractHttpResponseCodec.decode(AbstractHttpResponseCodec.java:44)
	at org.openqa.selenium.remote.HttpCommandExecutor.execute(HttpCommandExecutor.java:160)
	at org.openqa.selenium.remote.service.DriverCommandExecutor.execute(DriverCommandExecutor.java:83)
	at org.openqa.selenium.remote.RemoteWebDriver.execute(RemoteWebDriver.java:601)
	at org.openqa.selenium.remote.RemoteWebDriver.findElement(RemoteWebDriver.java:371)
	at org.openqa.selenium.remote.RemoteWebDriver.findElementByXPath(RemoteWebDriver.java:473)
	at org.openqa.selenium.By$ByXPath.findElement(By.java:361)
	at org.openqa.selenium.remote.RemoteWebDriver.findElement(RemoteWebDriver.java:363)
	at Peugeot.HomePagePEComposants.CheckClickOnCookies(HomePagePEComposants.java:163)
	at Peugeot.ProdHomePageComponentsPeugeotBelgiumFRTest.GotTheCookiesPopUp(ProdHomePageComponentsPeugeotBelgiumFRTest.java:98)
	at java.util.concurrent.ThreadPoolExecutor.runWorker(ThreadPoolExecutor.java:1149)
	at java.util.concurrent.ThreadPoolExecutor$Worker.run(ThreadPoolExecutor.java:624)
	at java.lang.Thread.run(Thread.java:748)
... Removed 14 stack frames</pre></div><a href='#' onClick='toggleBox("stack-trace594668116", this, "Click to show all stack frames", "Click to hide stack frames")'>Click to show all stack frames</a>
<div class='stack-trace' id='stack-trace594668116'><pre>org.openqa.selenium.NoSuchElementException: no such element: Unable to locate element: {&quot;method&quot;:&quot;xpath&quot;,&quot;selector&quot;:&quot;//p[@id=&apos;_psaihm_title&apos;]&quot;}
  (Session info: chrome=73.0.3683.103)
  (Driver info: chromedriver=73.0.3683.68 (47787ec04b6e38e22703e856e101e840b65afe72),platform=Windows NT 10.0.14393 x86_64) (WARNING: The server did not provide any stacktrace information)
Command duration or timeout: 0 milliseconds
For documentation on this error, please visit: http://seleniumhq.org/exceptions/no_such_element.html
Build info: version: &apos;3.9.1&apos;, revision: &apos;63f7b50&apos;, time: &apos;2018-02-07T22:42:28.403Z&apos;
System info: host: &apos;B1009809&apos;, ip: &apos;10.82.56.205&apos;, os.name: &apos;Windows 10&apos;, os.arch: &apos;amd64&apos;, os.version: &apos;10.0&apos;, java.version: &apos;1.8.0_181&apos;
Driver info: org.openqa.selenium.chrome.ChromeDriver
Capabilities {acceptInsecureCerts: false, acceptSslCerts: false, applicationCacheEnabled: false, browserConnectionEnabled: false, browserName: chrome, chrome: {chromedriverVersion: 73.0.3683.68 (47787ec04b6e3..., userDataDir: C:\Users\E562418\AppData\Lo...}, cssSelectorsEnabled: true, databaseEnabled: false, goog:chromeOptions: {debuggerAddress: localhost:56408}, handlesAlerts: true, hasTouchScreen: false, javascriptEnabled: true, locationContextEnabled: true, mobileEmulationEnabled: false, nativeEvents: true, networkConnectionEnabled: false, pageLoadStrategy: normal, platform: XP, platformName: XP, proxy: Proxy(), rotatable: false, setWindowRect: true, strictFileInteractability: false, takesHeapSnapshot: true, takesScreenshot: true, timeouts: {implicit: 0, pageLoad: 300000, script: 30000}, unexpectedAlertBehaviour: ignore, unhandledPromptBehavior: ignore, version: 73.0.3683.103, webStorageEnabled: true}
Session ID: 82ec8d797c44779e4bf9195ef6f6366e
*** Element info: {Using=xpath, value=//p[@id=&apos;_psaihm_title&apos;]}
	at sun.reflect.NativeConstructorAccessorImpl.newInstance0(Native Method)
	at sun.reflect.NativeConstructorAccessorImpl.newInstance(NativeConstructorAccessorImpl.java:62)
	at sun.reflect.DelegatingConstructorAccessorImpl.newInstance(DelegatingConstructorAccessorImpl.java:45)
	at java.lang.reflect.Constructor.newInstance(Constructor.java:423)
	at org.openqa.selenium.remote.ErrorHandler.createThrowable(ErrorHandler.java:214)
	at org.openqa.selenium.remote.ErrorHandler.throwIfResponseFailed(ErrorHandler.java:166)
	at org.openqa.selenium.remote.http.JsonHttpResponseCodec.reconstructValue(JsonHttpResponseCodec.java:40)
	at org.openqa.selenium.remote.http.AbstractHttpResponseCodec.decode(AbstractHttpResponseCodec.java:80)
	at org.openqa.selenium.remote.http.AbstractHttpResponseCodec.decode(AbstractHttpResponseCodec.java:44)
	at org.openqa.selenium.remote.HttpCommandExecutor.execute(HttpCommandExecutor.java:160)
	at org.openqa.selenium.remote.service.DriverCommandExecutor.execute(DriverCommandExecutor.java:83)
	at org.openqa.selenium.remote.RemoteWebDriver.execute(RemoteWebDriver.java:601)
	at org.openqa.selenium.remote.RemoteWebDriver.findElement(RemoteWebDriver.java:371)
	at org.openqa.selenium.remote.RemoteWebDriver.findElementByXPath(RemoteWebDriver.java:473)
	at org.openqa.selenium.By$ByXPath.findElement(By.java:361)
	at org.openqa.selenium.remote.RemoteWebDriver.findElement(RemoteWebDriver.java:363)
	at Peugeot.HomePagePEComposants.CheckClickOnCookies(HomePagePEComposants.java:163)
	at Peugeot.ProdHomePageComponentsPeugeotBelgiumFRTest.GotTheCookiesPopUp(ProdHomePageComponentsPeugeotBelgiumFRTest.java:98)
	at sun.reflect.NativeMethodAccessorImpl.invoke0(Native Method)
	at sun.reflect.NativeMethodAccessorImpl.invoke(NativeMethodAccessorImpl.java:62)
	at sun.reflect.DelegatingMethodAccessorImpl.invoke(DelegatingMethodAccessorImpl.java:43)
	at java.lang.reflect.Method.invoke(Method.java:498)
	at org.testng.internal.MethodInvocationHelper.invokeMethod(MethodInvocationHelper.java:124)
	at org.testng.internal.Invoker.invokeMethod(Invoker.java:580)
	at org.testng.internal.Invoker.invokeTestMethod(Invoker.java:716)
	at org.testng.internal.Invoker.invokeTestMethods(Invoker.java:988)
	at org.testng.internal.TestMethodWorker.invokeTestMethods(TestMethodWorker.java:125)
	at org.testng.internal.TestMethodWorker.run(TestMethodWorker.java:109)
	at java.util.concurrent.ThreadPoolExecutor.runWorker(ThreadPoolExecutor.java:1149)
	at java.util.concurrent.ThreadPoolExecutor$Worker.run(ThreadPoolExecutor.java:624)
	at java.lang.Thread.run(Thread.java:748)
</pre></div></td>
<td>3</td>
<td>Peugeot.ProdHomePageComponentsPeugeotBelgiumFRTest@3aeaafa6</td></tr>
<tr>
<td title='Peugeot.ProdHomePageComponentsPeugeotBelgiumNLTest.GotToHomePageWhenClickingOnThePeugeotLogo()'><b>GotToHomePageWhenClickingOnThePeugeotLogo</b><br>Test class: Peugeot.ProdHomePageComponentsPeugeotBelgiumNLTest</td>
<td><div><pre>java.lang.AssertionError
	at Peugeot.ProdHomePageComponentsPeugeotBelgiumNLTest.GotToHomePageWhenClickingOnThePeugeotLogo(ProdHomePageComponentsPeugeotBelgiumNLTest.java:47)
	at java.util.concurrent.ThreadPoolExecutor.runWorker(ThreadPoolExecutor.java:1149)
	at java.util.concurrent.ThreadPoolExecutor$Worker.run(ThreadPoolExecutor.java:624)
	at java.lang.Thread.run(Thread.java:748)
... Removed 10 stack frames</pre></div><a href='#' onClick='toggleBox("stack-trace111148290", this, "Click to show all stack frames", "Click to hide stack frames")'>Click to show all stack frames</a>
<div class='stack-trace' id='stack-trace111148290'><pre>java.lang.AssertionError
	at Peugeot.ProdHomePageComponentsPeugeotBelgiumNLTest.GotToHomePageWhenClickingOnThePeugeotLogo(ProdHomePageComponentsPeugeotBelgiumNLTest.java:47)
	at sun.reflect.NativeMethodAccessorImpl.invoke0(Native Method)
	at sun.reflect.NativeMethodAccessorImpl.invoke(NativeMethodAccessorImpl.java:62)
	at sun.reflect.DelegatingMethodAccessorImpl.invoke(DelegatingMethodAccessorImpl.java:43)
	at java.lang.reflect.Method.invoke(Method.java:498)
	at org.testng.internal.MethodInvocationHelper.invokeMethod(MethodInvocationHelper.java:124)
	at org.testng.internal.Invoker.invokeMethod(Invoker.java:580)
	at org.testng.internal.Invoker.invokeTestMethod(Invoker.java:716)
	at org.testng.internal.Invoker.invokeTestMethods(Invoker.java:988)
	at org.testng.internal.TestMethodWorker.invokeTestMethods(TestMethodWorker.java:125)
	at org.testng.internal.TestMethodWorker.run(TestMethodWorker.java:109)
	at java.util.concurrent.ThreadPoolExecutor.runWorker(ThreadPoolExecutor.java:1149)
	at java.util.concurrent.ThreadPoolExecutor$Worker.run(ThreadPoolExecutor.java:624)
	at java.lang.Thread.run(Thread.java:748)
</pre></div></td>
<td>4</td>
<td>Peugeot.ProdHomePageComponentsPeugeotBelgiumNLTest@76a3e297</td></tr>
<tr>
<td title='Peugeot.ProdHomePageComponentsPeugeotSpainTest.GotTwiterPageWhenClickingTheTwiterIcone()'><b>GotTwiterPageWhenClickingTheTwiterIcone</b><br>Test class: Peugeot.ProdHomePageComponentsPeugeotSpainTest</td>
<td><div><pre>org.openqa.selenium.NoSuchElementException: no such element: Unable to locate element: {&quot;method&quot;:&quot;xpath&quot;,&quot;selector&quot;:&quot;//div[@class=&apos;ico-tweeter&apos;]&quot;}
  (Session info: chrome=73.0.3683.103)
  (Driver info: chromedriver=73.0.3683.68 (47787ec04b6e38e22703e856e101e840b65afe72),platform=Windows NT 10.0.14393 x86_64) (WARNING: The server did not provide any stacktrace information)
Command duration or timeout: 0 milliseconds
For documentation on this error, please visit: http://seleniumhq.org/exceptions/no_such_element.html
Build info: version: &apos;3.9.1&apos;, revision: &apos;63f7b50&apos;, time: &apos;2018-02-07T22:42:28.403Z&apos;
System info: host: &apos;B1009809&apos;, ip: &apos;10.82.56.205&apos;, os.name: &apos;Windows 10&apos;, os.arch: &apos;amd64&apos;, os.version: &apos;10.0&apos;, java.version: &apos;1.8.0_181&apos;
Driver info: org.openqa.selenium.chrome.ChromeDriver
Capabilities {acceptInsecureCerts: false, acceptSslCerts: false, applicationCacheEnabled: false, browserConnectionEnabled: false, browserName: chrome, chrome: {chromedriverVersion: 73.0.3683.68 (47787ec04b6e3..., userDataDir: C:\Users\E562418\AppData\Lo...}, cssSelectorsEnabled: true, databaseEnabled: false, goog:chromeOptions: {debuggerAddress: localhost:56711}, handlesAlerts: true, hasTouchScreen: false, javascriptEnabled: true, locationContextEnabled: true, mobileEmulationEnabled: false, nativeEvents: true, networkConnectionEnabled: false, pageLoadStrategy: normal, platform: XP, platformName: XP, proxy: Proxy(), rotatable: false, setWindowRect: true, strictFileInteractability: false, takesHeapSnapshot: true, takesScreenshot: true, timeouts: {implicit: 0, pageLoad: 300000, script: 30000}, unexpectedAlertBehaviour: ignore, unhandledPromptBehavior: ignore, version: 73.0.3683.103, webStorageEnabled: true}
Session ID: 65304484b2420aca5ec887a8de1f278c
*** Element info: {Using=xpath, value=//div[@class=&apos;ico-tweeter&apos;]}
	at org.openqa.selenium.remote.ErrorHandler.createThrowable(ErrorHandler.java:214)
	at org.openqa.selenium.remote.ErrorHandler.throwIfResponseFailed(ErrorHandler.java:166)
	at org.openqa.selenium.remote.http.JsonHttpResponseCodec.reconstructValue(JsonHttpResponseCodec.java:40)
	at org.openqa.selenium.remote.http.AbstractHttpResponseCodec.decode(AbstractHttpResponseCodec.java:80)
	at org.openqa.selenium.remote.http.AbstractHttpResponseCodec.decode(AbstractHttpResponseCodec.java:44)
	at org.openqa.selenium.remote.HttpCommandExecutor.execute(HttpCommandExecutor.java:160)
	at org.openqa.selenium.remote.service.DriverCommandExecutor.execute(DriverCommandExecutor.java:83)
	at org.openqa.selenium.remote.RemoteWebDriver.execute(RemoteWebDriver.java:601)
	at org.openqa.selenium.remote.RemoteWebDriver.findElement(RemoteWebDriver.java:371)
	at org.openqa.selenium.remote.RemoteWebDriver.findElementByXPath(RemoteWebDriver.java:473)
	at org.openqa.selenium.By$ByXPath.findElement(By.java:361)
	at org.openqa.selenium.remote.RemoteWebDriver.findElement(RemoteWebDriver.java:363)
	at Peugeot.HomePagePEComposants.CheckClickOnTwiterIcone(HomePagePEComposants.java:89)
	at Peugeot.ProdHomePageComponentsPeugeotSpainTest.GotTwiterPageWhenClickingTheTwiterIcone(ProdHomePageComponentsPeugeotSpainTest.java:71)
	at java.util.concurrent.ThreadPoolExecutor.runWorker(ThreadPoolExecutor.java:1149)
	at java.util.concurrent.ThreadPoolExecutor$Worker.run(ThreadPoolExecutor.java:624)
	at java.lang.Thread.run(Thread.java:748)
... Removed 14 stack frames</pre></div><a href='#' onClick='toggleBox("stack-trace1513638323", this, "Click to show all stack frames", "Click to hide stack frames")'>Click to show all stack frames</a>
<div class='stack-trace' id='stack-trace1513638323'><pre>org.openqa.selenium.NoSuchElementException: no such element: Unable to locate element: {&quot;method&quot;:&quot;xpath&quot;,&quot;selector&quot;:&quot;//div[@class=&apos;ico-tweeter&apos;]&quot;}
  (Session info: chrome=73.0.3683.103)
  (Driver info: chromedriver=73.0.3683.68 (47787ec04b6e38e22703e856e101e840b65afe72),platform=Windows NT 10.0.14393 x86_64) (WARNING: The server did not provide any stacktrace information)
Command duration or timeout: 0 milliseconds
For documentation on this error, please visit: http://seleniumhq.org/exceptions/no_such_element.html
Build info: version: &apos;3.9.1&apos;, revision: &apos;63f7b50&apos;, time: &apos;2018-02-07T22:42:28.403Z&apos;
System info: host: &apos;B1009809&apos;, ip: &apos;10.82.56.205&apos;, os.name: &apos;Windows 10&apos;, os.arch: &apos;amd64&apos;, os.version: &apos;10.0&apos;, java.version: &apos;1.8.0_181&apos;
Driver info: org.openqa.selenium.chrome.ChromeDriver
Capabilities {acceptInsecureCerts: false, acceptSslCerts: false, applicationCacheEnabled: false, browserConnectionEnabled: false, browserName: chrome, chrome: {chromedriverVersion: 73.0.3683.68 (47787ec04b6e3..., userDataDir: C:\Users\E562418\AppData\Lo...}, cssSelectorsEnabled: true, databaseEnabled: false, goog:chromeOptions: {debuggerAddress: localhost:56711}, handlesAlerts: true, hasTouchScreen: false, javascriptEnabled: true, locationContextEnabled: true, mobileEmulationEnabled: false, nativeEvents: true, networkConnectionEnabled: false, pageLoadStrategy: normal, platform: XP, platformName: XP, proxy: Proxy(), rotatable: false, setWindowRect: true, strictFileInteractability: false, takesHeapSnapshot: true, takesScreenshot: true, timeouts: {implicit: 0, pageLoad: 300000, script: 30000}, unexpectedAlertBehaviour: ignore, unhandledPromptBehavior: ignore, version: 73.0.3683.103, webStorageEnabled: true}
Session ID: 65304484b2420aca5ec887a8de1f278c
*** Element info: {Using=xpath, value=//div[@class=&apos;ico-tweeter&apos;]}
	at sun.reflect.NativeConstructorAccessorImpl.newInstance0(Native Method)
	at sun.reflect.NativeConstructorAccessorImpl.newInstance(NativeConstructorAccessorImpl.java:62)
	at sun.reflect.DelegatingConstructorAccessorImpl.newInstance(DelegatingConstructorAccessorImpl.java:45)
	at java.lang.reflect.Constructor.newInstance(Constructor.java:423)
	at org.openqa.selenium.remote.ErrorHandler.createThrowable(ErrorHandler.java:214)
	at org.openqa.selenium.remote.ErrorHandler.throwIfResponseFailed(ErrorHandler.java:166)
	at org.openqa.selenium.remote.http.JsonHttpResponseCodec.reconstructValue(JsonHttpResponseCodec.java:40)
	at org.openqa.selenium.remote.http.AbstractHttpResponseCodec.decode(AbstractHttpResponseCodec.java:80)
	at org.openqa.selenium.remote.http.AbstractHttpResponseCodec.decode(AbstractHttpResponseCodec.java:44)
	at org.openqa.selenium.remote.HttpCommandExecutor.execute(HttpCommandExecutor.java:160)
	at org.openqa.selenium.remote.service.DriverCommandExecutor.execute(DriverCommandExecutor.java:83)
	at org.openqa.selenium.remote.RemoteWebDriver.execute(RemoteWebDriver.java:601)
	at org.openqa.selenium.remote.RemoteWebDriver.findElement(RemoteWebDriver.java:371)
	at org.openqa.selenium.remote.RemoteWebDriver.findElementByXPath(RemoteWebDriver.java:473)
	at org.openqa.selenium.By$ByXPath.findElement(By.java:361)
	at org.openqa.selenium.remote.RemoteWebDriver.findElement(RemoteWebDriver.java:363)
	at Peugeot.HomePagePEComposants.CheckClickOnTwiterIcone(HomePagePEComposants.java:89)
	at Peugeot.ProdHomePageComponentsPeugeotSpainTest.GotTwiterPageWhenClickingTheTwiterIcone(ProdHomePageComponentsPeugeotSpainTest.java:71)
	at sun.reflect.NativeMethodAccessorImpl.invoke0(Native Method)
	at sun.reflect.NativeMethodAccessorImpl.invoke(NativeMethodAccessorImpl.java:62)
	at sun.reflect.DelegatingMethodAccessorImpl.invoke(DelegatingMethodAccessorImpl.java:43)
	at java.lang.reflect.Method.invoke(Method.java:498)
	at org.testng.internal.MethodInvocationHelper.invokeMethod(MethodInvocationHelper.java:124)
	at org.testng.internal.Invoker.invokeMethod(Invoker.java:580)
	at org.testng.internal.Invoker.invokeTestMethod(Invoker.java:716)
	at org.testng.internal.Invoker.invokeTestMethods(Invoker.java:988)
	at org.testng.internal.TestMethodWorker.invokeTestMethods(TestMethodWorker.java:125)
	at org.testng.internal.TestMethodWorker.run(TestMethodWorker.java:109)
	at java.util.concurrent.ThreadPoolExecutor.runWorker(ThreadPoolExecutor.java:1149)
	at java.util.concurrent.ThreadPoolExecutor$Worker.run(ThreadPoolExecutor.java:624)
	at java.lang.Thread.run(Thread.java:748)
</pre></div></td>
<td>0</td>
<td>Peugeot.ProdHomePageComponentsPeugeotSpainTest@63440df3</td></tr>
<tr>
<td title='Peugeot.ProdHomePageComponentsPeugeotSpainTest.GotYoutubePageWhenClickingTheyoutubeIcone()'><b>GotYoutubePageWhenClickingTheyoutubeIcone</b><br>Test class: Peugeot.ProdHomePageComponentsPeugeotSpainTest</td>
<td><div><pre>org.openqa.selenium.NoSuchElementException: no such element: Unable to locate element: {&quot;method&quot;:&quot;xpath&quot;,&quot;selector&quot;:&quot;//div[@class=&apos;ico-youtube&apos;]&quot;}
  (Session info: chrome=73.0.3683.103)
  (Driver info: chromedriver=73.0.3683.68 (47787ec04b6e38e22703e856e101e840b65afe72),platform=Windows NT 10.0.14393 x86_64) (WARNING: The server did not provide any stacktrace information)
Command duration or timeout: 0 milliseconds
For documentation on this error, please visit: http://seleniumhq.org/exceptions/no_such_element.html
Build info: version: &apos;3.9.1&apos;, revision: &apos;63f7b50&apos;, time: &apos;2018-02-07T22:42:28.403Z&apos;
System info: host: &apos;B1009809&apos;, ip: &apos;10.82.56.205&apos;, os.name: &apos;Windows 10&apos;, os.arch: &apos;amd64&apos;, os.version: &apos;10.0&apos;, java.version: &apos;1.8.0_181&apos;
Driver info: org.openqa.selenium.chrome.ChromeDriver
Capabilities {acceptInsecureCerts: false, acceptSslCerts: false, applicationCacheEnabled: false, browserConnectionEnabled: false, browserName: chrome, chrome: {chromedriverVersion: 73.0.3683.68 (47787ec04b6e3..., userDataDir: C:\Users\E562418\AppData\Lo...}, cssSelectorsEnabled: true, databaseEnabled: false, goog:chromeOptions: {debuggerAddress: localhost:56711}, handlesAlerts: true, hasTouchScreen: false, javascriptEnabled: true, locationContextEnabled: true, mobileEmulationEnabled: false, nativeEvents: true, networkConnectionEnabled: false, pageLoadStrategy: normal, platform: XP, platformName: XP, proxy: Proxy(), rotatable: false, setWindowRect: true, strictFileInteractability: false, takesHeapSnapshot: true, takesScreenshot: true, timeouts: {implicit: 0, pageLoad: 300000, script: 30000}, unexpectedAlertBehaviour: ignore, unhandledPromptBehavior: ignore, version: 73.0.3683.103, webStorageEnabled: true}
Session ID: 65304484b2420aca5ec887a8de1f278c
*** Element info: {Using=xpath, value=//div[@class=&apos;ico-youtube&apos;]}
	at org.openqa.selenium.remote.ErrorHandler.createThrowable(ErrorHandler.java:214)
	at org.openqa.selenium.remote.ErrorHandler.throwIfResponseFailed(ErrorHandler.java:166)
	at org.openqa.selenium.remote.http.JsonHttpResponseCodec.reconstructValue(JsonHttpResponseCodec.java:40)
	at org.openqa.selenium.remote.http.AbstractHttpResponseCodec.decode(AbstractHttpResponseCodec.java:80)
	at org.openqa.selenium.remote.http.AbstractHttpResponseCodec.decode(AbstractHttpResponseCodec.java:44)
	at org.openqa.selenium.remote.HttpCommandExecutor.execute(HttpCommandExecutor.java:160)
	at org.openqa.selenium.remote.service.DriverCommandExecutor.execute(DriverCommandExecutor.java:83)
	at org.openqa.selenium.remote.RemoteWebDriver.execute(RemoteWebDriver.java:601)
	at org.openqa.selenium.remote.RemoteWebDriver.findElement(RemoteWebDriver.java:371)
	at org.openqa.selenium.remote.RemoteWebDriver.findElementByXPath(RemoteWebDriver.java:473)
	at org.openqa.selenium.By$ByXPath.findElement(By.java:361)
	at org.openqa.selenium.remote.RemoteWebDriver.findElement(RemoteWebDriver.java:363)
	at Peugeot.HomePagePEComposants.CheckClickOnYoutubeIcone(HomePagePEComposants.java:112)
	at Peugeot.ProdHomePageComponentsPeugeotSpainTest.GotYoutubePageWhenClickingTheyoutubeIcone(ProdHomePageComponentsPeugeotSpainTest.java:83)
	at java.util.concurrent.ThreadPoolExecutor.runWorker(ThreadPoolExecutor.java:1149)
	at java.util.concurrent.ThreadPoolExecutor$Worker.run(ThreadPoolExecutor.java:624)
	at java.lang.Thread.run(Thread.java:748)
... Removed 14 stack frames</pre></div><a href='#' onClick='toggleBox("stack-trace541290280", this, "Click to show all stack frames", "Click to hide stack frames")'>Click to show all stack frames</a>
<div class='stack-trace' id='stack-trace541290280'><pre>org.openqa.selenium.NoSuchElementException: no such element: Unable to locate element: {&quot;method&quot;:&quot;xpath&quot;,&quot;selector&quot;:&quot;//div[@class=&apos;ico-youtube&apos;]&quot;}
  (Session info: chrome=73.0.3683.103)
  (Driver info: chromedriver=73.0.3683.68 (47787ec04b6e38e22703e856e101e840b65afe72),platform=Windows NT 10.0.14393 x86_64) (WARNING: The server did not provide any stacktrace information)
Command duration or timeout: 0 milliseconds
For documentation on this error, please visit: http://seleniumhq.org/exceptions/no_such_element.html
Build info: version: &apos;3.9.1&apos;, revision: &apos;63f7b50&apos;, time: &apos;2018-02-07T22:42:28.403Z&apos;
System info: host: &apos;B1009809&apos;, ip: &apos;10.82.56.205&apos;, os.name: &apos;Windows 10&apos;, os.arch: &apos;amd64&apos;, os.version: &apos;10.0&apos;, java.version: &apos;1.8.0_181&apos;
Driver info: org.openqa.selenium.chrome.ChromeDriver
Capabilities {acceptInsecureCerts: false, acceptSslCerts: false, applicationCacheEnabled: false, browserConnectionEnabled: false, browserName: chrome, chrome: {chromedriverVersion: 73.0.3683.68 (47787ec04b6e3..., userDataDir: C:\Users\E562418\AppData\Lo...}, cssSelectorsEnabled: true, databaseEnabled: false, goog:chromeOptions: {debuggerAddress: localhost:56711}, handlesAlerts: true, hasTouchScreen: false, javascriptEnabled: true, locationContextEnabled: true, mobileEmulationEnabled: false, nativeEvents: true, networkConnectionEnabled: false, pageLoadStrategy: normal, platform: XP, platformName: XP, proxy: Proxy(), rotatable: false, setWindowRect: true, strictFileInteractability: false, takesHeapSnapshot: true, takesScreenshot: true, timeouts: {implicit: 0, pageLoad: 300000, script: 30000}, unexpectedAlertBehaviour: ignore, unhandledPromptBehavior: ignore, version: 73.0.3683.103, webStorageEnabled: true}
Session ID: 65304484b2420aca5ec887a8de1f278c
*** Element info: {Using=xpath, value=//div[@class=&apos;ico-youtube&apos;]}
	at sun.reflect.NativeConstructorAccessorImpl.newInstance0(Native Method)
	at sun.reflect.NativeConstructorAccessorImpl.newInstance(NativeConstructorAccessorImpl.java:62)
	at sun.reflect.DelegatingConstructorAccessorImpl.newInstance(DelegatingConstructorAccessorImpl.java:45)
	at java.lang.reflect.Constructor.newInstance(Constructor.java:423)
	at org.openqa.selenium.remote.ErrorHandler.createThrowable(ErrorHandler.java:214)
	at org.openqa.selenium.remote.ErrorHandler.throwIfResponseFailed(ErrorHandler.java:166)
	at org.openqa.selenium.remote.http.JsonHttpResponseCodec.reconstructValue(JsonHttpResponseCodec.java:40)
	at org.openqa.selenium.remote.http.AbstractHttpResponseCodec.decode(AbstractHttpResponseCodec.java:80)
	at org.openqa.selenium.remote.http.AbstractHttpResponseCodec.decode(AbstractHttpResponseCodec.java:44)
	at org.openqa.selenium.remote.HttpCommandExecutor.execute(HttpCommandExecutor.java:160)
	at org.openqa.selenium.remote.service.DriverCommandExecutor.execute(DriverCommandExecutor.java:83)
	at org.openqa.selenium.remote.RemoteWebDriver.execute(RemoteWebDriver.java:601)
	at org.openqa.selenium.remote.RemoteWebDriver.findElement(RemoteWebDriver.java:371)
	at org.openqa.selenium.remote.RemoteWebDriver.findElementByXPath(RemoteWebDriver.java:473)
	at org.openqa.selenium.By$ByXPath.findElement(By.java:361)
	at org.openqa.selenium.remote.RemoteWebDriver.findElement(RemoteWebDriver.java:363)
	at Peugeot.HomePagePEComposants.CheckClickOnYoutubeIcone(HomePagePEComposants.java:112)
	at Peugeot.ProdHomePageComponentsPeugeotSpainTest.GotYoutubePageWhenClickingTheyoutubeIcone(ProdHomePageComponentsPeugeotSpainTest.java:83)
	at sun.reflect.NativeMethodAccessorImpl.invoke0(Native Method)
	at sun.reflect.NativeMethodAccessorImpl.invoke(NativeMethodAccessorImpl.java:62)
	at sun.reflect.DelegatingMethodAccessorImpl.invoke(DelegatingMethodAccessorImpl.java:43)
	at java.lang.reflect.Method.invoke(Method.java:498)
	at org.testng.internal.MethodInvocationHelper.invokeMethod(MethodInvocationHelper.java:124)
	at org.testng.internal.Invoker.invokeMethod(Invoker.java:580)
	at org.testng.internal.Invoker.invokeTestMethod(Invoker.java:716)
	at org.testng.internal.Invoker.invokeTestMethods(Invoker.java:988)
	at org.testng.internal.TestMethodWorker.invokeTestMethods(TestMethodWorker.java:125)
	at org.testng.internal.TestMethodWorker.run(TestMethodWorker.java:109)
	at java.util.concurrent.ThreadPoolExecutor.runWorker(ThreadPoolExecutor.java:1149)
	at java.util.concurrent.ThreadPoolExecutor$Worker.run(ThreadPoolExecutor.java:624)
	at java.lang.Thread.run(Thread.java:748)
</pre></div></td>
<td>0</td>
<td>Peugeot.ProdHomePageComponentsPeugeotSpainTest@63440df3</td></tr>
<tr>
<td title='Peugeot.ProdHomePageComponentsPeugeotSpainTest.TheFacebookIconeIsPresent()'><b>TheFacebookIconeIsPresent</b><br>Test class: Peugeot.ProdHomePageComponentsPeugeotSpainTest</td>
<td><div><pre>org.openqa.selenium.NoSuchElementException: no such element: Unable to locate element: {&quot;method&quot;:&quot;xpath&quot;,&quot;selector&quot;:&quot;//div[@class=&apos;ico-facebook&apos;]&quot;}
  (Session info: chrome=73.0.3683.103)
  (Driver info: chromedriver=73.0.3683.68 (47787ec04b6e38e22703e856e101e840b65afe72),platform=Windows NT 10.0.14393 x86_64) (WARNING: The server did not provide any stacktrace information)
Command duration or timeout: 0 milliseconds
For documentation on this error, please visit: http://seleniumhq.org/exceptions/no_such_element.html
Build info: version: &apos;3.9.1&apos;, revision: &apos;63f7b50&apos;, time: &apos;2018-02-07T22:42:28.403Z&apos;
System info: host: &apos;B1009809&apos;, ip: &apos;10.82.56.205&apos;, os.name: &apos;Windows 10&apos;, os.arch: &apos;amd64&apos;, os.version: &apos;10.0&apos;, java.version: &apos;1.8.0_181&apos;
Driver info: org.openqa.selenium.chrome.ChromeDriver
Capabilities {acceptInsecureCerts: false, acceptSslCerts: false, applicationCacheEnabled: false, browserConnectionEnabled: false, browserName: chrome, chrome: {chromedriverVersion: 73.0.3683.68 (47787ec04b6e3..., userDataDir: C:\Users\E562418\AppData\Lo...}, cssSelectorsEnabled: true, databaseEnabled: false, goog:chromeOptions: {debuggerAddress: localhost:56711}, handlesAlerts: true, hasTouchScreen: false, javascriptEnabled: true, locationContextEnabled: true, mobileEmulationEnabled: false, nativeEvents: true, networkConnectionEnabled: false, pageLoadStrategy: normal, platform: XP, platformName: XP, proxy: Proxy(), rotatable: false, setWindowRect: true, strictFileInteractability: false, takesHeapSnapshot: true, takesScreenshot: true, timeouts: {implicit: 0, pageLoad: 300000, script: 30000}, unexpectedAlertBehaviour: ignore, unhandledPromptBehavior: ignore, version: 73.0.3683.103, webStorageEnabled: true}
Session ID: 65304484b2420aca5ec887a8de1f278c
*** Element info: {Using=xpath, value=//div[@class=&apos;ico-facebook&apos;]}
	at org.openqa.selenium.remote.ErrorHandler.createThrowable(ErrorHandler.java:214)
	at org.openqa.selenium.remote.ErrorHandler.throwIfResponseFailed(ErrorHandler.java:166)
	at org.openqa.selenium.remote.http.JsonHttpResponseCodec.reconstructValue(JsonHttpResponseCodec.java:40)
	at org.openqa.selenium.remote.http.AbstractHttpResponseCodec.decode(AbstractHttpResponseCodec.java:80)
	at org.openqa.selenium.remote.http.AbstractHttpResponseCodec.decode(AbstractHttpResponseCodec.java:44)
	at org.openqa.selenium.remote.HttpCommandExecutor.execute(HttpCommandExecutor.java:160)
	at org.openqa.selenium.remote.service.DriverCommandExecutor.execute(DriverCommandExecutor.java:83)
	at org.openqa.selenium.remote.RemoteWebDriver.execute(RemoteWebDriver.java:601)
	at org.openqa.selenium.remote.RemoteWebDriver.findElement(RemoteWebDriver.java:371)
	at org.openqa.selenium.remote.RemoteWebDriver.findElementByXPath(RemoteWebDriver.java:473)
	at org.openqa.selenium.By$ByXPath.findElement(By.java:361)
	at org.openqa.selenium.remote.RemoteWebDriver.findElement(RemoteWebDriver.java:363)
	at Peugeot.HomePagePEComposants.CheckTheFacebookIconePresence(HomePagePEComposants.java:79)
	at Peugeot.ProdHomePageComponentsPeugeotSpainTest.TheFacebookIconeIsPresent(ProdHomePageComponentsPeugeotSpainTest.java:60)
	at java.util.concurrent.ThreadPoolExecutor.runWorker(ThreadPoolExecutor.java:1149)
	at java.util.concurrent.ThreadPoolExecutor$Worker.run(ThreadPoolExecutor.java:624)
	at java.lang.Thread.run(Thread.java:748)
... Removed 14 stack frames</pre></div><a href='#' onClick='toggleBox("stack-trace996553304", this, "Click to show all stack frames", "Click to hide stack frames")'>Click to show all stack frames</a>
<div class='stack-trace' id='stack-trace996553304'><pre>org.openqa.selenium.NoSuchElementException: no such element: Unable to locate element: {&quot;method&quot;:&quot;xpath&quot;,&quot;selector&quot;:&quot;//div[@class=&apos;ico-facebook&apos;]&quot;}
  (Session info: chrome=73.0.3683.103)
  (Driver info: chromedriver=73.0.3683.68 (47787ec04b6e38e22703e856e101e840b65afe72),platform=Windows NT 10.0.14393 x86_64) (WARNING: The server did not provide any stacktrace information)
Command duration or timeout: 0 milliseconds
For documentation on this error, please visit: http://seleniumhq.org/exceptions/no_such_element.html
Build info: version: &apos;3.9.1&apos;, revision: &apos;63f7b50&apos;, time: &apos;2018-02-07T22:42:28.403Z&apos;
System info: host: &apos;B1009809&apos;, ip: &apos;10.82.56.205&apos;, os.name: &apos;Windows 10&apos;, os.arch: &apos;amd64&apos;, os.version: &apos;10.0&apos;, java.version: &apos;1.8.0_181&apos;
Driver info: org.openqa.selenium.chrome.ChromeDriver
Capabilities {acceptInsecureCerts: false, acceptSslCerts: false, applicationCacheEnabled: false, browserConnectionEnabled: false, browserName: chrome, chrome: {chromedriverVersion: 73.0.3683.68 (47787ec04b6e3..., userDataDir: C:\Users\E562418\AppData\Lo...}, cssSelectorsEnabled: true, databaseEnabled: false, goog:chromeOptions: {debuggerAddress: localhost:56711}, handlesAlerts: true, hasTouchScreen: false, javascriptEnabled: true, locationContextEnabled: true, mobileEmulationEnabled: false, nativeEvents: true, networkConnectionEnabled: false, pageLoadStrategy: normal, platform: XP, platformName: XP, proxy: Proxy(), rotatable: false, setWindowRect: true, strictFileInteractability: false, takesHeapSnapshot: true, takesScreenshot: true, timeouts: {implicit: 0, pageLoad: 300000, script: 30000}, unexpectedAlertBehaviour: ignore, unhandledPromptBehavior: ignore, version: 73.0.3683.103, webStorageEnabled: true}
Session ID: 65304484b2420aca5ec887a8de1f278c
*** Element info: {Using=xpath, value=//div[@class=&apos;ico-facebook&apos;]}
	at sun.reflect.NativeConstructorAccessorImpl.newInstance0(Native Method)
	at sun.reflect.NativeConstructorAccessorImpl.newInstance(NativeConstructorAccessorImpl.java:62)
	at sun.reflect.DelegatingConstructorAccessorImpl.newInstance(DelegatingConstructorAccessorImpl.java:45)
	at java.lang.reflect.Constructor.newInstance(Constructor.java:423)
	at org.openqa.selenium.remote.ErrorHandler.createThrowable(ErrorHandler.java:214)
	at org.openqa.selenium.remote.ErrorHandler.throwIfResponseFailed(ErrorHandler.java:166)
	at org.openqa.selenium.remote.http.JsonHttpResponseCodec.reconstructValue(JsonHttpResponseCodec.java:40)
	at org.openqa.selenium.remote.http.AbstractHttpResponseCodec.decode(AbstractHttpResponseCodec.java:80)
	at org.openqa.selenium.remote.http.AbstractHttpResponseCodec.decode(AbstractHttpResponseCodec.java:44)
	at org.openqa.selenium.remote.HttpCommandExecutor.execute(HttpCommandExecutor.java:160)
	at org.openqa.selenium.remote.service.DriverCommandExecutor.execute(DriverCommandExecutor.java:83)
	at org.openqa.selenium.remote.RemoteWebDriver.execute(RemoteWebDriver.java:601)
	at org.openqa.selenium.remote.RemoteWebDriver.findElement(RemoteWebDriver.java:371)
	at org.openqa.selenium.remote.RemoteWebDriver.findElementByXPath(RemoteWebDriver.java:473)
	at org.openqa.selenium.By$ByXPath.findElement(By.java:361)
	at org.openqa.selenium.remote.RemoteWebDriver.findElement(RemoteWebDriver.java:363)
	at Peugeot.HomePagePEComposants.CheckTheFacebookIconePresence(HomePagePEComposants.java:79)
	at Peugeot.ProdHomePageComponentsPeugeotSpainTest.TheFacebookIconeIsPresent(ProdHomePageComponentsPeugeotSpainTest.java:60)
	at sun.reflect.NativeMethodAccessorImpl.invoke0(Native Method)
	at sun.reflect.NativeMethodAccessorImpl.invoke(NativeMethodAccessorImpl.java:62)
	at sun.reflect.DelegatingMethodAccessorImpl.invoke(DelegatingMethodAccessorImpl.java:43)
	at java.lang.reflect.Method.invoke(Method.java:498)
	at org.testng.internal.MethodInvocationHelper.invokeMethod(MethodInvocationHelper.java:124)
	at org.testng.internal.Invoker.invokeMethod(Invoker.java:580)
	at org.testng.internal.Invoker.invokeTestMethod(Invoker.java:716)
	at org.testng.internal.Invoker.invokeTestMethods(Invoker.java:988)
	at org.testng.internal.TestMethodWorker.invokeTestMethods(TestMethodWorker.java:125)
	at org.testng.internal.TestMethodWorker.run(TestMethodWorker.java:109)
	at java.util.concurrent.ThreadPoolExecutor.runWorker(ThreadPoolExecutor.java:1149)
	at java.util.concurrent.ThreadPoolExecutor$Worker.run(ThreadPoolExecutor.java:624)
	at java.lang.Thread.run(Thread.java:748)
</pre></div></td>
<td>0</td>
<td>Peugeot.ProdHomePageComponentsPeugeotSpainTest@63440df3</td></tr>
<tr>
<td title='Peugeot.ProdHomePageComponentsPeugeotBelgiumFRTest.TheTextUnderThePageTitleIsCorrect()'><b>TheTextUnderThePageTitleIsCorrect</b><br>Test class: Peugeot.ProdHomePageComponentsPeugeotBelgiumFRTest</td>
<td><div><pre>java.lang.AssertionError
	at Peugeot.ProdHomePageComponentsPeugeotBelgiumFRTest.TheTextUnderThePageTitleIsCorrect(ProdHomePageComponentsPeugeotBelgiumFRTest.java:41)
	at java.util.concurrent.ThreadPoolExecutor.runWorker(ThreadPoolExecutor.java:1149)
	at java.util.concurrent.ThreadPoolExecutor$Worker.run(ThreadPoolExecutor.java:624)
	at java.lang.Thread.run(Thread.java:748)
... Removed 10 stack frames</pre></div><a href='#' onClick='toggleBox("stack-trace1495209793", this, "Click to show all stack frames", "Click to hide stack frames")'>Click to show all stack frames</a>
<div class='stack-trace' id='stack-trace1495209793'><pre>java.lang.AssertionError
	at Peugeot.ProdHomePageComponentsPeugeotBelgiumFRTest.TheTextUnderThePageTitleIsCorrect(ProdHomePageComponentsPeugeotBelgiumFRTest.java:41)
	at sun.reflect.NativeMethodAccessorImpl.invoke0(Native Method)
	at sun.reflect.NativeMethodAccessorImpl.invoke(NativeMethodAccessorImpl.java:62)
	at sun.reflect.DelegatingMethodAccessorImpl.invoke(DelegatingMethodAccessorImpl.java:43)
	at java.lang.reflect.Method.invoke(Method.java:498)
	at org.testng.internal.MethodInvocationHelper.invokeMethod(MethodInvocationHelper.java:124)
	at org.testng.internal.Invoker.invokeMethod(Invoker.java:580)
	at org.testng.internal.Invoker.invokeTestMethod(Invoker.java:716)
	at org.testng.internal.Invoker.invokeTestMethods(Invoker.java:988)
	at org.testng.internal.TestMethodWorker.invokeTestMethods(TestMethodWorker.java:125)
	at org.testng.internal.TestMethodWorker.run(TestMethodWorker.java:109)
	at java.util.concurrent.ThreadPoolExecutor.runWorker(ThreadPoolExecutor.java:1149)
	at java.util.concurrent.ThreadPoolExecutor$Worker.run(ThreadPoolExecutor.java:624)
	at java.lang.Thread.run(Thread.java:748)
</pre></div></td>
<td>0</td>
<td>Peugeot.ProdHomePageComponentsPeugeotBelgiumFRTest@3aeaafa6</td></tr>
<tr>
<td title='Peugeot.ProdHomePageComponentsPeugeotSpainTest.TheTwiterIconeIsPresent()'><b>TheTwiterIconeIsPresent</b><br>Test class: Peugeot.ProdHomePageComponentsPeugeotSpainTest</td>
<td><div><pre>org.openqa.selenium.NoSuchElementException: no such element: Unable to locate element: {&quot;method&quot;:&quot;xpath&quot;,&quot;selector&quot;:&quot;//div[@class=&apos;ico-tweeter&apos;]&quot;}
  (Session info: chrome=73.0.3683.103)
  (Driver info: chromedriver=73.0.3683.68 (47787ec04b6e38e22703e856e101e840b65afe72),platform=Windows NT 10.0.14393 x86_64) (WARNING: The server did not provide any stacktrace information)
Command duration or timeout: 0 milliseconds
For documentation on this error, please visit: http://seleniumhq.org/exceptions/no_such_element.html
Build info: version: &apos;3.9.1&apos;, revision: &apos;63f7b50&apos;, time: &apos;2018-02-07T22:42:28.403Z&apos;
System info: host: &apos;B1009809&apos;, ip: &apos;10.82.56.205&apos;, os.name: &apos;Windows 10&apos;, os.arch: &apos;amd64&apos;, os.version: &apos;10.0&apos;, java.version: &apos;1.8.0_181&apos;
Driver info: org.openqa.selenium.chrome.ChromeDriver
Capabilities {acceptInsecureCerts: false, acceptSslCerts: false, applicationCacheEnabled: false, browserConnectionEnabled: false, browserName: chrome, chrome: {chromedriverVersion: 73.0.3683.68 (47787ec04b6e3..., userDataDir: C:\Users\E562418\AppData\Lo...}, cssSelectorsEnabled: true, databaseEnabled: false, goog:chromeOptions: {debuggerAddress: localhost:56711}, handlesAlerts: true, hasTouchScreen: false, javascriptEnabled: true, locationContextEnabled: true, mobileEmulationEnabled: false, nativeEvents: true, networkConnectionEnabled: false, pageLoadStrategy: normal, platform: XP, platformName: XP, proxy: Proxy(), rotatable: false, setWindowRect: true, strictFileInteractability: false, takesHeapSnapshot: true, takesScreenshot: true, timeouts: {implicit: 0, pageLoad: 300000, script: 30000}, unexpectedAlertBehaviour: ignore, unhandledPromptBehavior: ignore, version: 73.0.3683.103, webStorageEnabled: true}
Session ID: 65304484b2420aca5ec887a8de1f278c
*** Element info: {Using=xpath, value=//div[@class=&apos;ico-tweeter&apos;]}
	at org.openqa.selenium.remote.ErrorHandler.createThrowable(ErrorHandler.java:214)
	at org.openqa.selenium.remote.ErrorHandler.throwIfResponseFailed(ErrorHandler.java:166)
	at org.openqa.selenium.remote.http.JsonHttpResponseCodec.reconstructValue(JsonHttpResponseCodec.java:40)
	at org.openqa.selenium.remote.http.AbstractHttpResponseCodec.decode(AbstractHttpResponseCodec.java:80)
	at org.openqa.selenium.remote.http.AbstractHttpResponseCodec.decode(AbstractHttpResponseCodec.java:44)
	at org.openqa.selenium.remote.HttpCommandExecutor.execute(HttpCommandExecutor.java:160)
	at org.openqa.selenium.remote.service.DriverCommandExecutor.execute(DriverCommandExecutor.java:83)
	at org.openqa.selenium.remote.RemoteWebDriver.execute(RemoteWebDriver.java:601)
	at org.openqa.selenium.remote.RemoteWebDriver.findElement(RemoteWebDriver.java:371)
	at org.openqa.selenium.remote.RemoteWebDriver.findElementByXPath(RemoteWebDriver.java:473)
	at org.openqa.selenium.By$ByXPath.findElement(By.java:361)
	at org.openqa.selenium.remote.RemoteWebDriver.findElement(RemoteWebDriver.java:363)
	at Peugeot.HomePagePEComposants.CheckTheTwiterIconePresence(HomePagePEComposants.java:74)
	at Peugeot.ProdHomePageComponentsPeugeotSpainTest.TheTwiterIconeIsPresent(ProdHomePageComponentsPeugeotSpainTest.java:54)
	at java.util.concurrent.ThreadPoolExecutor.runWorker(ThreadPoolExecutor.java:1149)
	at java.util.concurrent.ThreadPoolExecutor$Worker.run(ThreadPoolExecutor.java:624)
	at java.lang.Thread.run(Thread.java:748)
... Removed 14 stack frames</pre></div><a href='#' onClick='toggleBox("stack-trace1980822545", this, "Click to show all stack frames", "Click to hide stack frames")'>Click to show all stack frames</a>
<div class='stack-trace' id='stack-trace1980822545'><pre>org.openqa.selenium.NoSuchElementException: no such element: Unable to locate element: {&quot;method&quot;:&quot;xpath&quot;,&quot;selector&quot;:&quot;//div[@class=&apos;ico-tweeter&apos;]&quot;}
  (Session info: chrome=73.0.3683.103)
  (Driver info: chromedriver=73.0.3683.68 (47787ec04b6e38e22703e856e101e840b65afe72),platform=Windows NT 10.0.14393 x86_64) (WARNING: The server did not provide any stacktrace information)
Command duration or timeout: 0 milliseconds
For documentation on this error, please visit: http://seleniumhq.org/exceptions/no_such_element.html
Build info: version: &apos;3.9.1&apos;, revision: &apos;63f7b50&apos;, time: &apos;2018-02-07T22:42:28.403Z&apos;
System info: host: &apos;B1009809&apos;, ip: &apos;10.82.56.205&apos;, os.name: &apos;Windows 10&apos;, os.arch: &apos;amd64&apos;, os.version: &apos;10.0&apos;, java.version: &apos;1.8.0_181&apos;
Driver info: org.openqa.selenium.chrome.ChromeDriver
Capabilities {acceptInsecureCerts: false, acceptSslCerts: false, applicationCacheEnabled: false, browserConnectionEnabled: false, browserName: chrome, chrome: {chromedriverVersion: 73.0.3683.68 (47787ec04b6e3..., userDataDir: C:\Users\E562418\AppData\Lo...}, cssSelectorsEnabled: true, databaseEnabled: false, goog:chromeOptions: {debuggerAddress: localhost:56711}, handlesAlerts: true, hasTouchScreen: false, javascriptEnabled: true, locationContextEnabled: true, mobileEmulationEnabled: false, nativeEvents: true, networkConnectionEnabled: false, pageLoadStrategy: normal, platform: XP, platformName: XP, proxy: Proxy(), rotatable: false, setWindowRect: true, strictFileInteractability: false, takesHeapSnapshot: true, takesScreenshot: true, timeouts: {implicit: 0, pageLoad: 300000, script: 30000}, unexpectedAlertBehaviour: ignore, unhandledPromptBehavior: ignore, version: 73.0.3683.103, webStorageEnabled: true}
Session ID: 65304484b2420aca5ec887a8de1f278c
*** Element info: {Using=xpath, value=//div[@class=&apos;ico-tweeter&apos;]}
	at sun.reflect.NativeConstructorAccessorImpl.newInstance0(Native Method)
	at sun.reflect.NativeConstructorAccessorImpl.newInstance(NativeConstructorAccessorImpl.java:62)
	at sun.reflect.DelegatingConstructorAccessorImpl.newInstance(DelegatingConstructorAccessorImpl.java:45)
	at java.lang.reflect.Constructor.newInstance(Constructor.java:423)
	at org.openqa.selenium.remote.ErrorHandler.createThrowable(ErrorHandler.java:214)
	at org.openqa.selenium.remote.ErrorHandler.throwIfResponseFailed(ErrorHandler.java:166)
	at org.openqa.selenium.remote.http.JsonHttpResponseCodec.reconstructValue(JsonHttpResponseCodec.java:40)
	at org.openqa.selenium.remote.http.AbstractHttpResponseCodec.decode(AbstractHttpResponseCodec.java:80)
	at org.openqa.selenium.remote.http.AbstractHttpResponseCodec.decode(AbstractHttpResponseCodec.java:44)
	at org.openqa.selenium.remote.HttpCommandExecutor.execute(HttpCommandExecutor.java:160)
	at org.openqa.selenium.remote.service.DriverCommandExecutor.execute(DriverCommandExecutor.java:83)
	at org.openqa.selenium.remote.RemoteWebDriver.execute(RemoteWebDriver.java:601)
	at org.openqa.selenium.remote.RemoteWebDriver.findElement(RemoteWebDriver.java:371)
	at org.openqa.selenium.remote.RemoteWebDriver.findElementByXPath(RemoteWebDriver.java:473)
	at org.openqa.selenium.By$ByXPath.findElement(By.java:361)
	at org.openqa.selenium.remote.RemoteWebDriver.findElement(RemoteWebDriver.java:363)
	at Peugeot.HomePagePEComposants.CheckTheTwiterIconePresence(HomePagePEComposants.java:74)
	at Peugeot.ProdHomePageComponentsPeugeotSpainTest.TheTwiterIconeIsPresent(ProdHomePageComponentsPeugeotSpainTest.java:54)
	at sun.reflect.NativeMethodAccessorImpl.invoke0(Native Method)
	at sun.reflect.NativeMethodAccessorImpl.invoke(NativeMethodAccessorImpl.java:62)
	at sun.reflect.DelegatingMethodAccessorImpl.invoke(DelegatingMethodAccessorImpl.java:43)
	at java.lang.reflect.Method.invoke(Method.java:498)
	at org.testng.internal.MethodInvocationHelper.invokeMethod(MethodInvocationHelper.java:124)
	at org.testng.internal.Invoker.invokeMethod(Invoker.java:580)
	at org.testng.internal.Invoker.invokeTestMethod(Invoker.java:716)
	at org.testng.internal.Invoker.invokeTestMethods(Invoker.java:988)
	at org.testng.internal.TestMethodWorker.invokeTestMethods(TestMethodWorker.java:125)
	at org.testng.internal.TestMethodWorker.run(TestMethodWorker.java:109)
	at java.util.concurrent.ThreadPoolExecutor.runWorker(ThreadPoolExecutor.java:1149)
	at java.util.concurrent.ThreadPoolExecutor$Worker.run(ThreadPoolExecutor.java:624)
	at java.lang.Thread.run(Thread.java:748)
</pre></div></td>
<td>0</td>
<td>Peugeot.ProdHomePageComponentsPeugeotSpainTest@63440df3</td></tr>
<tr>
<td title='Peugeot.ProdHomePageComponentsPeugeotSpainTest.TheYoutubeIconeIsPresent()'><b>TheYoutubeIconeIsPresent</b><br>Test class: Peugeot.ProdHomePageComponentsPeugeotSpainTest</td>
<td><div><pre>org.openqa.selenium.NoSuchElementException: no such element: Unable to locate element: {&quot;method&quot;:&quot;xpath&quot;,&quot;selector&quot;:&quot;//div[@class=&apos;ico-youtube&apos;]&quot;}
  (Session info: chrome=73.0.3683.103)
  (Driver info: chromedriver=73.0.3683.68 (47787ec04b6e38e22703e856e101e840b65afe72),platform=Windows NT 10.0.14393 x86_64) (WARNING: The server did not provide any stacktrace information)
Command duration or timeout: 0 milliseconds
For documentation on this error, please visit: http://seleniumhq.org/exceptions/no_such_element.html
Build info: version: &apos;3.9.1&apos;, revision: &apos;63f7b50&apos;, time: &apos;2018-02-07T22:42:28.403Z&apos;
System info: host: &apos;B1009809&apos;, ip: &apos;10.82.56.205&apos;, os.name: &apos;Windows 10&apos;, os.arch: &apos;amd64&apos;, os.version: &apos;10.0&apos;, java.version: &apos;1.8.0_181&apos;
Driver info: org.openqa.selenium.chrome.ChromeDriver
Capabilities {acceptInsecureCerts: false, acceptSslCerts: false, applicationCacheEnabled: false, browserConnectionEnabled: false, browserName: chrome, chrome: {chromedriverVersion: 73.0.3683.68 (47787ec04b6e3..., userDataDir: C:\Users\E562418\AppData\Lo...}, cssSelectorsEnabled: true, databaseEnabled: false, goog:chromeOptions: {debuggerAddress: localhost:56711}, handlesAlerts: true, hasTouchScreen: false, javascriptEnabled: true, locationContextEnabled: true, mobileEmulationEnabled: false, nativeEvents: true, networkConnectionEnabled: false, pageLoadStrategy: normal, platform: XP, platformName: XP, proxy: Proxy(), rotatable: false, setWindowRect: true, strictFileInteractability: false, takesHeapSnapshot: true, takesScreenshot: true, timeouts: {implicit: 0, pageLoad: 300000, script: 30000}, unexpectedAlertBehaviour: ignore, unhandledPromptBehavior: ignore, version: 73.0.3683.103, webStorageEnabled: true}
Session ID: 65304484b2420aca5ec887a8de1f278c
*** Element info: {Using=xpath, value=//div[@class=&apos;ico-youtube&apos;]}
	at org.openqa.selenium.remote.ErrorHandler.createThrowable(ErrorHandler.java:214)
	at org.openqa.selenium.remote.ErrorHandler.throwIfResponseFailed(ErrorHandler.java:166)
	at org.openqa.selenium.remote.http.JsonHttpResponseCodec.reconstructValue(JsonHttpResponseCodec.java:40)
	at org.openqa.selenium.remote.http.AbstractHttpResponseCodec.decode(AbstractHttpResponseCodec.java:80)
	at org.openqa.selenium.remote.http.AbstractHttpResponseCodec.decode(AbstractHttpResponseCodec.java:44)
	at org.openqa.selenium.remote.HttpCommandExecutor.execute(HttpCommandExecutor.java:160)
	at org.openqa.selenium.remote.service.DriverCommandExecutor.execute(DriverCommandExecutor.java:83)
	at org.openqa.selenium.remote.RemoteWebDriver.execute(RemoteWebDriver.java:601)
	at org.openqa.selenium.remote.RemoteWebDriver.findElement(RemoteWebDriver.java:371)
	at org.openqa.selenium.remote.RemoteWebDriver.findElementByXPath(RemoteWebDriver.java:473)
	at org.openqa.selenium.By$ByXPath.findElement(By.java:361)
	at org.openqa.selenium.remote.RemoteWebDriver.findElement(RemoteWebDriver.java:363)
	at Peugeot.HomePagePEComposants.CheckTheYoutubeIconePresence(HomePagePEComposants.java:84)
	at Peugeot.ProdHomePageComponentsPeugeotSpainTest.TheYoutubeIconeIsPresent(ProdHomePageComponentsPeugeotSpainTest.java:66)
	at java.util.concurrent.ThreadPoolExecutor.runWorker(ThreadPoolExecutor.java:1149)
	at java.util.concurrent.ThreadPoolExecutor$Worker.run(ThreadPoolExecutor.java:624)
	at java.lang.Thread.run(Thread.java:748)
... Removed 14 stack frames</pre></div><a href='#' onClick='toggleBox("stack-trace1524226247", this, "Click to show all stack frames", "Click to hide stack frames")'>Click to show all stack frames</a>
<div class='stack-trace' id='stack-trace1524226247'><pre>org.openqa.selenium.NoSuchElementException: no such element: Unable to locate element: {&quot;method&quot;:&quot;xpath&quot;,&quot;selector&quot;:&quot;//div[@class=&apos;ico-youtube&apos;]&quot;}
  (Session info: chrome=73.0.3683.103)
  (Driver info: chromedriver=73.0.3683.68 (47787ec04b6e38e22703e856e101e840b65afe72),platform=Windows NT 10.0.14393 x86_64) (WARNING: The server did not provide any stacktrace information)
Command duration or timeout: 0 milliseconds
For documentation on this error, please visit: http://seleniumhq.org/exceptions/no_such_element.html
Build info: version: &apos;3.9.1&apos;, revision: &apos;63f7b50&apos;, time: &apos;2018-02-07T22:42:28.403Z&apos;
System info: host: &apos;B1009809&apos;, ip: &apos;10.82.56.205&apos;, os.name: &apos;Windows 10&apos;, os.arch: &apos;amd64&apos;, os.version: &apos;10.0&apos;, java.version: &apos;1.8.0_181&apos;
Driver info: org.openqa.selenium.chrome.ChromeDriver
Capabilities {acceptInsecureCerts: false, acceptSslCerts: false, applicationCacheEnabled: false, browserConnectionEnabled: false, browserName: chrome, chrome: {chromedriverVersion: 73.0.3683.68 (47787ec04b6e3..., userDataDir: C:\Users\E562418\AppData\Lo...}, cssSelectorsEnabled: true, databaseEnabled: false, goog:chromeOptions: {debuggerAddress: localhost:56711}, handlesAlerts: true, hasTouchScreen: false, javascriptEnabled: true, locationContextEnabled: true, mobileEmulationEnabled: false, nativeEvents: true, networkConnectionEnabled: false, pageLoadStrategy: normal, platform: XP, platformName: XP, proxy: Proxy(), rotatable: false, setWindowRect: true, strictFileInteractability: false, takesHeapSnapshot: true, takesScreenshot: true, timeouts: {implicit: 0, pageLoad: 300000, script: 30000}, unexpectedAlertBehaviour: ignore, unhandledPromptBehavior: ignore, version: 73.0.3683.103, webStorageEnabled: true}
Session ID: 65304484b2420aca5ec887a8de1f278c
*** Element info: {Using=xpath, value=//div[@class=&apos;ico-youtube&apos;]}
	at sun.reflect.NativeConstructorAccessorImpl.newInstance0(Native Method)
	at sun.reflect.NativeConstructorAccessorImpl.newInstance(NativeConstructorAccessorImpl.java:62)
	at sun.reflect.DelegatingConstructorAccessorImpl.newInstance(DelegatingConstructorAccessorImpl.java:45)
	at java.lang.reflect.Constructor.newInstance(Constructor.java:423)
	at org.openqa.selenium.remote.ErrorHandler.createThrowable(ErrorHandler.java:214)
	at org.openqa.selenium.remote.ErrorHandler.throwIfResponseFailed(ErrorHandler.java:166)
	at org.openqa.selenium.remote.http.JsonHttpResponseCodec.reconstructValue(JsonHttpResponseCodec.java:40)
	at org.openqa.selenium.remote.http.AbstractHttpResponseCodec.decode(AbstractHttpResponseCodec.java:80)
	at org.openqa.selenium.remote.http.AbstractHttpResponseCodec.decode(AbstractHttpResponseCodec.java:44)
	at org.openqa.selenium.remote.HttpCommandExecutor.execute(HttpCommandExecutor.java:160)
	at org.openqa.selenium.remote.service.DriverCommandExecutor.execute(DriverCommandExecutor.java:83)
	at org.openqa.selenium.remote.RemoteWebDriver.execute(RemoteWebDriver.java:601)
	at org.openqa.selenium.remote.RemoteWebDriver.findElement(RemoteWebDriver.java:371)
	at org.openqa.selenium.remote.RemoteWebDriver.findElementByXPath(RemoteWebDriver.java:473)
	at org.openqa.selenium.By$ByXPath.findElement(By.java:361)
	at org.openqa.selenium.remote.RemoteWebDriver.findElement(RemoteWebDriver.java:363)
	at Peugeot.HomePagePEComposants.CheckTheYoutubeIconePresence(HomePagePEComposants.java:84)
	at Peugeot.ProdHomePageComponentsPeugeotSpainTest.TheYoutubeIconeIsPresent(ProdHomePageComponentsPeugeotSpainTest.java:66)
	at sun.reflect.NativeMethodAccessorImpl.invoke0(Native Method)
	at sun.reflect.NativeMethodAccessorImpl.invoke(NativeMethodAccessorImpl.java:62)
	at sun.reflect.DelegatingMethodAccessorImpl.invoke(DelegatingMethodAccessorImpl.java:43)
	at java.lang.reflect.Method.invoke(Method.java:498)
	at org.testng.internal.MethodInvocationHelper.invokeMethod(MethodInvocationHelper.java:124)
	at org.testng.internal.Invoker.invokeMethod(Invoker.java:580)
	at org.testng.internal.Invoker.invokeTestMethod(Invoker.java:716)
	at org.testng.internal.Invoker.invokeTestMethods(Invoker.java:988)
	at org.testng.internal.TestMethodWorker.invokeTestMethods(TestMethodWorker.java:125)
	at org.testng.internal.TestMethodWorker.run(TestMethodWorker.java:109)
	at java.util.concurrent.ThreadPoolExecutor.runWorker(ThreadPoolExecutor.java:1149)
	at java.util.concurrent.ThreadPoolExecutor$Worker.run(ThreadPoolExecutor.java:624)
	at java.lang.Thread.run(Thread.java:748)
</pre></div></td>
<td>0</td>
<td>Peugeot.ProdHomePageComponentsPeugeotSpainTest@63440df3</td></tr>
</table><p>
<table width='100%' border='1' class='invocation-passed'>
<tr><td colspan='4' align='center'><b>PASSED TESTS</b></td></tr>
<tr><td><b>Test method</b></td>
<td width="30%"><b>Exception</b></td>
<td width="10%"><b>Time (seconds)</b></td>
<td><b>Instance</b></td>
</tr>
<tr>
<td title='Peugeot.ProdHomePageComponentsPeugeotFranceTest.GotAPopupWhenClickingOnNeedHelpBotton()'><b>GotAPopupWhenClickingOnNeedHelpBotton</b><br>Test class: Peugeot.ProdHomePageComponentsPeugeotFranceTest</td>
<td></td>
<td>3</td>
<td>Peugeot.ProdHomePageComponentsPeugeotFranceTest@a38d7a3</td></tr>
<tr>
<td title='Peugeot.ProdHomePageComponentsPeugeotFranceTest.GotFacebookPageWhenClickingTheFacebookIcone()'><b>GotFacebookPageWhenClickingTheFacebookIcone</b><br>Test class: Peugeot.ProdHomePageComponentsPeugeotFranceTest</td>
<td></td>
<td>3</td>
<td>Peugeot.ProdHomePageComponentsPeugeotFranceTest@a38d7a3</td></tr>
<tr>
<td title='Peugeot.ProdHomePageComponentsPeugeotItalyTest.GotFacebookPageWhenClickingTheFacebookIcone()'><b>GotFacebookPageWhenClickingTheFacebookIcone</b><br>Test class: Peugeot.ProdHomePageComponentsPeugeotItalyTest</td>
<td></td>
<td>3</td>
<td>Peugeot.ProdHomePageComponentsPeugeotItalyTest@77f99a05</td></tr>
<tr>
<td title='Peugeot.ProdHomePageComponentsPeugeotBelgiumFRTest.GotFacebookPageWhenClickingTheFacebookIcone()'><b>GotFacebookPageWhenClickingTheFacebookIcone</b><br>Test class: Peugeot.ProdHomePageComponentsPeugeotBelgiumFRTest</td>
<td></td>
<td>3</td>
<td>Peugeot.ProdHomePageComponentsPeugeotBelgiumFRTest@3aeaafa6</td></tr>
<tr>
<td title='Peugeot.ProdHomePageComponentsPeugeotFranceTest.GotTheCookiesPopUp()'><b>GotTheCookiesPopUp</b><br>Test class: Peugeot.ProdHomePageComponentsPeugeotFranceTest</td>
<td></td>
<td>4</td>
<td>Peugeot.ProdHomePageComponentsPeugeotFranceTest@a38d7a3</td></tr>
<tr>
<td title='Peugeot.ProdHomePageComponentsPeugeotItalyTest.GotTheCookiesPopUp()'><b>GotTheCookiesPopUp</b><br>Test class: Peugeot.ProdHomePageComponentsPeugeotItalyTest</td>
<td></td>
<td>3</td>
<td>Peugeot.ProdHomePageComponentsPeugeotItalyTest@77f99a05</td></tr>
<tr>
<td title='Peugeot.ProdHomePageComponentsPeugeotItalyTest.GotTheGeneralInformationPage()'><b>GotTheGeneralInformationPage</b><br>Test class: Peugeot.ProdHomePageComponentsPeugeotItalyTest</td>
<td></td>
<td>3</td>
<td>Peugeot.ProdHomePageComponentsPeugeotItalyTest@77f99a05</td></tr>
<tr>
<td title='Peugeot.ProdHomePageComponentsPeugeotFranceTest.GotTheSellGeneralConditionsPDF()'><b>GotTheSellGeneralConditionsPDF</b><br>Test class: Peugeot.ProdHomePageComponentsPeugeotFranceTest</td>
<td></td>
<td>3</td>
<td>Peugeot.ProdHomePageComponentsPeugeotFranceTest@a38d7a3</td></tr>
<tr>
<td title='Peugeot.ProdHomePageComponentsPeugeotFranceTest.GotTheUserGeneralConditionsPDF()'><b>GotTheUserGeneralConditionsPDF</b><br>Test class: Peugeot.ProdHomePageComponentsPeugeotFranceTest</td>
<td></td>
<td>3</td>
<td>Peugeot.ProdHomePageComponentsPeugeotFranceTest@a38d7a3</td></tr>
<tr>
<td title='Peugeot.ProdHomePageComponentsPeugeotBelgiumNLTest.GotTheUserGeneralConditionsPage()'><b>GotTheUserGeneralConditionsPage</b><br>Test class: Peugeot.ProdHomePageComponentsPeugeotBelgiumNLTest</td>
<td></td>
<td>3</td>
<td>Peugeot.ProdHomePageComponentsPeugeotBelgiumNLTest@76a3e297</td></tr>
<tr>
<td title='Peugeot.ProdHomePageComponentsPeugeotSpainTest.GotTheUserGeneralConditionsPage()'><b>GotTheUserGeneralConditionsPage</b><br>Test class: Peugeot.ProdHomePageComponentsPeugeotSpainTest</td>
<td></td>
<td>3</td>
<td>Peugeot.ProdHomePageComponentsPeugeotSpainTest@63440df3</td></tr>
<tr>
<td title='Peugeot.ProdHomePageComponentsPeugeotBelgiumFRTest.GotTheUserGeneralConditionsPage()'><b>GotTheUserGeneralConditionsPage</b><br>Test class: Peugeot.ProdHomePageComponentsPeugeotBelgiumFRTest</td>
<td></td>
<td>3</td>
<td>Peugeot.ProdHomePageComponentsPeugeotBelgiumFRTest@3aeaafa6</td></tr>
<tr>
<td title='Peugeot.ProdHomePageComponentsPeugeotFranceTest.GotToHomePageWhenClickingOnThePeugeotLogo()'><b>GotToHomePageWhenClickingOnThePeugeotLogo</b><br>Test class: Peugeot.ProdHomePageComponentsPeugeotFranceTest</td>
<td></td>
<td>3</td>
<td>Peugeot.ProdHomePageComponentsPeugeotFranceTest@a38d7a3</td></tr>
<tr>
<td title='Peugeot.ProdHomePageComponentsPeugeotItalyTest.GotToHomePageWhenClickingOnThePeugeotLogo()'><b>GotToHomePageWhenClickingOnThePeugeotLogo</b><br>Test class: Peugeot.ProdHomePageComponentsPeugeotItalyTest</td>
<td></td>
<td>2</td>
<td>Peugeot.ProdHomePageComponentsPeugeotItalyTest@77f99a05</td></tr>
<tr>
<td title='Peugeot.ProdHomePageComponentsPeugeotSpainTest.GotToHomePageWhenClickingOnThePeugeotLogo()'><b>GotToHomePageWhenClickingOnThePeugeotLogo</b><br>Test class: Peugeot.ProdHomePageComponentsPeugeotSpainTest</td>
<td></td>
<td>3</td>
<td>Peugeot.ProdHomePageComponentsPeugeotSpainTest@63440df3</td></tr>
<tr>
<td title='Peugeot.ProdHomePageComponentsPeugeotBelgiumFRTest.GotToHomePageWhenClickingOnThePeugeotLogo()'><b>GotToHomePageWhenClickingOnThePeugeotLogo</b><br>Test class: Peugeot.ProdHomePageComponentsPeugeotBelgiumFRTest</td>
<td></td>
<td>2</td>
<td>Peugeot.ProdHomePageComponentsPeugeotBelgiumFRTest@3aeaafa6</td></tr>
<tr>
<td title='Peugeot.ProdHomePageComponentsPeugeotFranceTest.GotTwiterPageWhenClickingTheTwiterIcone()'><b>GotTwiterPageWhenClickingTheTwiterIcone</b><br>Test class: Peugeot.ProdHomePageComponentsPeugeotFranceTest</td>
<td></td>
<td>4</td>
<td>Peugeot.ProdHomePageComponentsPeugeotFranceTest@a38d7a3</td></tr>
<tr>
<td title='Peugeot.ProdHomePageComponentsPeugeotItalyTest.GotTwiterPageWhenClickingTheTwiterIcone()'><b>GotTwiterPageWhenClickingTheTwiterIcone</b><br>Test class: Peugeot.ProdHomePageComponentsPeugeotItalyTest</td>
<td></td>
<td>4</td>
<td>Peugeot.ProdHomePageComponentsPeugeotItalyTest@77f99a05</td></tr>
<tr>
<td title='Peugeot.ProdHomePageComponentsPeugeotBelgiumNLTest.GotYoutubePageWhenClickingTheyoutubeIcone()'><b>GotYoutubePageWhenClickingTheyoutubeIcone</b><br>Test class: Peugeot.ProdHomePageComponentsPeugeotBelgiumNLTest</td>
<td></td>
<td>5</td>
<td>Peugeot.ProdHomePageComponentsPeugeotBelgiumNLTest@76a3e297</td></tr>
<tr>
<td title='Peugeot.ProdHomePageComponentsPeugeotFranceTest.GotYoutubePageWhenClickingTheyoutubeIcone()'><b>GotYoutubePageWhenClickingTheyoutubeIcone</b><br>Test class: Peugeot.ProdHomePageComponentsPeugeotFranceTest</td>
<td></td>
<td>5</td>
<td>Peugeot.ProdHomePageComponentsPeugeotFranceTest@a38d7a3</td></tr>
<tr>
<td title='Peugeot.ProdHomePageComponentsPeugeotItalyTest.GotYoutubePageWhenClickingTheyoutubeIcone()'><b>GotYoutubePageWhenClickingTheyoutubeIcone</b><br>Test class: Peugeot.ProdHomePageComponentsPeugeotItalyTest</td>
<td></td>
<td>4</td>
<td>Peugeot.ProdHomePageComponentsPeugeotItalyTest@77f99a05</td></tr>
<tr>
<td title='Peugeot.ProdHomePageComponentsPeugeotBelgiumFRTest.GotYoutubePageWhenClickingTheyoutubeIcone()'><b>GotYoutubePageWhenClickingTheyoutubeIcone</b><br>Test class: Peugeot.ProdHomePageComponentsPeugeotBelgiumFRTest</td>
<td></td>
<td>5</td>
<td>Peugeot.ProdHomePageComponentsPeugeotBelgiumFRTest@3aeaafa6</td></tr>
<tr>
<td title='Peugeot.ProdHomePageComponentsPeugeotFranceTest.TheCookiesTextIsPresent()'><b>TheCookiesTextIsPresent</b><br>Test class: Peugeot.ProdHomePageComponentsPeugeotFranceTest</td>
<td></td>
<td>0</td>
<td>Peugeot.ProdHomePageComponentsPeugeotFranceTest@a38d7a3</td></tr>
<tr>
<td title='Peugeot.ProdHomePageComponentsPeugeotItalyTest.TheCookiesTextIsPresent()'><b>TheCookiesTextIsPresent</b><br>Test class: Peugeot.ProdHomePageComponentsPeugeotItalyTest</td>
<td></td>
<td>0</td>
<td>Peugeot.ProdHomePageComponentsPeugeotItalyTest@77f99a05</td></tr>
<tr>
<td title='Peugeot.ProdHomePageComponentsPeugeotSpainTest.TheCookiesTextIsPresent()'><b>TheCookiesTextIsPresent</b><br>Test class: Peugeot.ProdHomePageComponentsPeugeotSpainTest</td>
<td></td>
<td>0</td>
<td>Peugeot.ProdHomePageComponentsPeugeotSpainTest@63440df3</td></tr>
<tr>
<td title='Peugeot.ProdHomePageComponentsPeugeotBelgiumFRTest.TheCookiesTextIsPresent()'><b>TheCookiesTextIsPresent</b><br>Test class: Peugeot.ProdHomePageComponentsPeugeotBelgiumFRTest</td>
<td></td>
<td>0</td>
<td>Peugeot.ProdHomePageComponentsPeugeotBelgiumFRTest@3aeaafa6</td></tr>
<tr>
<td title='Peugeot.ProdHomePageComponentsPeugeotFranceTest.TheFacebookIconeIsPresent()'><b>TheFacebookIconeIsPresent</b><br>Test class: Peugeot.ProdHomePageComponentsPeugeotFranceTest</td>
<td></td>
<td>0</td>
<td>Peugeot.ProdHomePageComponentsPeugeotFranceTest@a38d7a3</td></tr>
<tr>
<td title='Peugeot.ProdHomePageComponentsPeugeotItalyTest.TheFacebookIconeIsPresent()'><b>TheFacebookIconeIsPresent</b><br>Test class: Peugeot.ProdHomePageComponentsPeugeotItalyTest</td>
<td></td>
<td>0</td>
<td>Peugeot.ProdHomePageComponentsPeugeotItalyTest@77f99a05</td></tr>
<tr>
<td title='Peugeot.ProdHomePageComponentsPeugeotBelgiumFRTest.TheFacebookIconeIsPresent()'><b>TheFacebookIconeIsPresent</b><br>Test class: Peugeot.ProdHomePageComponentsPeugeotBelgiumFRTest</td>
<td></td>
<td>0</td>
<td>Peugeot.ProdHomePageComponentsPeugeotBelgiumFRTest@3aeaafa6</td></tr>
<tr>
<td title='Peugeot.ProdHomePageComponentsPeugeotFranceTest.TheMySaveIconIsDisplayed()'><b>TheMySaveIconIsDisplayed</b><br>Test class: Peugeot.ProdHomePageComponentsPeugeotFranceTest</td>
<td></td>
<td>0</td>
<td>Peugeot.ProdHomePageComponentsPeugeotFranceTest@a38d7a3</td></tr>
<tr>
<td title='Peugeot.ProdHomePageComponentsPeugeotFranceTest.TheMySaveTextIsDisplayed()'><b>TheMySaveTextIsDisplayed</b><br>Test class: Peugeot.ProdHomePageComponentsPeugeotFranceTest</td>
<td></td>
<td>0</td>
<td>Peugeot.ProdHomePageComponentsPeugeotFranceTest@a38d7a3</td></tr>
<tr>
<td title='Peugeot.ProdHomePageComponentsPeugeotFranceTest.TheNeedHelpIconeIsDisplayed()'><b>TheNeedHelpIconeIsDisplayed</b><br>Test class: Peugeot.ProdHomePageComponentsPeugeotFranceTest</td>
<td></td>
<td>0</td>
<td>Peugeot.ProdHomePageComponentsPeugeotFranceTest@a38d7a3</td></tr>
<tr>
<td title='Peugeot.ProdHomePageComponentsPeugeotFranceTest.TheNeedHelpTextIsDisplayed()'><b>TheNeedHelpTextIsDisplayed</b><br>Test class: Peugeot.ProdHomePageComponentsPeugeotFranceTest</td>
<td></td>
<td>0</td>
<td>Peugeot.ProdHomePageComponentsPeugeotFranceTest@a38d7a3</td></tr>
<tr>
<td title='Peugeot.ProdHomePageComponentsPeugeotBelgiumNLTest.ThePageTitleisCorrect()'><b>ThePageTitleisCorrect</b><br>Test class: Peugeot.ProdHomePageComponentsPeugeotBelgiumNLTest</td>
<td></td>
<td>0</td>
<td>Peugeot.ProdHomePageComponentsPeugeotBelgiumNLTest@76a3e297</td></tr>
<tr>
<td title='Peugeot.ProdHomePageComponentsPeugeotFranceTest.ThePeugeotLogoIsDisplayed()'><b>ThePeugeotLogoIsDisplayed</b><br>Test class: Peugeot.ProdHomePageComponentsPeugeotFranceTest</td>
<td></td>
<td>0</td>
<td>Peugeot.ProdHomePageComponentsPeugeotFranceTest@a38d7a3</td></tr>
<tr>
<td title='Peugeot.ProdHomePageComponentsPeugeotItalyTest.ThePeugeotLogoIsDisplayed()'><b>ThePeugeotLogoIsDisplayed</b><br>Test class: Peugeot.ProdHomePageComponentsPeugeotItalyTest</td>
<td></td>
<td>0</td>
<td>Peugeot.ProdHomePageComponentsPeugeotItalyTest@77f99a05</td></tr>
<tr>
<td title='Peugeot.ProdHomePageComponentsPeugeotSpainTest.ThePeugeotLogoIsDisplayed()'><b>ThePeugeotLogoIsDisplayed</b><br>Test class: Peugeot.ProdHomePageComponentsPeugeotSpainTest</td>
<td></td>
<td>1</td>
<td>Peugeot.ProdHomePageComponentsPeugeotSpainTest@63440df3</td></tr>
<tr>
<td title='Peugeot.ProdHomePageComponentsPeugeotBelgiumFRTest.ThePeugeotLogoIsDisplayed()'><b>ThePeugeotLogoIsDisplayed</b><br>Test class: Peugeot.ProdHomePageComponentsPeugeotBelgiumFRTest</td>
<td></td>
<td>0</td>
<td>Peugeot.ProdHomePageComponentsPeugeotBelgiumFRTest@3aeaafa6</td></tr>
<tr>
<td title='Peugeot.ProdHomePageComponentsPeugeotBelgiumNLTest.ThePeugeotLogoIsDisplayed()'><b>ThePeugeotLogoIsDisplayed</b><br>Test class: Peugeot.ProdHomePageComponentsPeugeotBelgiumNLTest</td>
<td></td>
<td>0</td>
<td>Peugeot.ProdHomePageComponentsPeugeotBelgiumNLTest@76a3e297</td></tr>
<tr>
<td title='Peugeot.ProdHomePageComponentsPeugeotFranceTest.TheSellGeneralConditionsTextIsPresent()'><b>TheSellGeneralConditionsTextIsPresent</b><br>Test class: Peugeot.ProdHomePageComponentsPeugeotFranceTest</td>
<td></td>
<td>0</td>
<td>Peugeot.ProdHomePageComponentsPeugeotFranceTest@a38d7a3</td></tr>
<tr>
<td title='Peugeot.ProdHomePageComponentsPeugeotBelgiumNLTest.TheTextUnderThePageTitleIsCorrect()'><b>TheTextUnderThePageTitleIsCorrect</b><br>Test class: Peugeot.ProdHomePageComponentsPeugeotBelgiumNLTest</td>
<td></td>
<td>0</td>
<td>Peugeot.ProdHomePageComponentsPeugeotBelgiumNLTest@76a3e297</td></tr>
<tr>
<td title='Peugeot.ProdHomePageComponentsPeugeotFranceTest.TheTextUnderThePageTitleIsCorrect()'><b>TheTextUnderThePageTitleIsCorrect</b><br>Test class: Peugeot.ProdHomePageComponentsPeugeotFranceTest</td>
<td></td>
<td>0</td>
<td>Peugeot.ProdHomePageComponentsPeugeotFranceTest@a38d7a3</td></tr>
<tr>
<td title='Peugeot.ProdHomePageComponentsPeugeotItalyTest.TheTextUnderThePageTitleIsCorrect()'><b>TheTextUnderThePageTitleIsCorrect</b><br>Test class: Peugeot.ProdHomePageComponentsPeugeotItalyTest</td>
<td></td>
<td>0</td>
<td>Peugeot.ProdHomePageComponentsPeugeotItalyTest@77f99a05</td></tr>
<tr>
<td title='Peugeot.ProdHomePageComponentsPeugeotSpainTest.TheTextUnderThePageTitleIsCorrect()'><b>TheTextUnderThePageTitleIsCorrect</b><br>Test class: Peugeot.ProdHomePageComponentsPeugeotSpainTest</td>
<td></td>
<td>0</td>
<td>Peugeot.ProdHomePageComponentsPeugeotSpainTest@63440df3</td></tr>
<tr>
<td title='Peugeot.ProdHomePageComponentsPeugeotFranceTest.TheTwiterIconeIsPresent()'><b>TheTwiterIconeIsPresent</b><br>Test class: Peugeot.ProdHomePageComponentsPeugeotFranceTest</td>
<td></td>
<td>0</td>
<td>Peugeot.ProdHomePageComponentsPeugeotFranceTest@a38d7a3</td></tr>
<tr>
<td title='Peugeot.ProdHomePageComponentsPeugeotItalyTest.TheTwiterIconeIsPresent()'><b>TheTwiterIconeIsPresent</b><br>Test class: Peugeot.ProdHomePageComponentsPeugeotItalyTest</td>
<td></td>
<td>0</td>
<td>Peugeot.ProdHomePageComponentsPeugeotItalyTest@77f99a05</td></tr>
<tr>
<td title='Peugeot.ProdHomePageComponentsPeugeotBelgiumNLTest.TheUserGeneralConditionsTextIsPresent()'><b>TheUserGeneralConditionsTextIsPresent</b><br>Test class: Peugeot.ProdHomePageComponentsPeugeotBelgiumNLTest</td>
<td></td>
<td>0</td>
<td>Peugeot.ProdHomePageComponentsPeugeotBelgiumNLTest@76a3e297</td></tr>
<tr>
<td title='Peugeot.ProdHomePageComponentsPeugeotFranceTest.TheUserGeneralConditionsTextIsPresent()'><b>TheUserGeneralConditionsTextIsPresent</b><br>Test class: Peugeot.ProdHomePageComponentsPeugeotFranceTest</td>
<td></td>
<td>0</td>
<td>Peugeot.ProdHomePageComponentsPeugeotFranceTest@a38d7a3</td></tr>
<tr>
<td title='Peugeot.ProdHomePageComponentsPeugeotItalyTest.TheUserGeneralConditionsTextIsPresent()'><b>TheUserGeneralConditionsTextIsPresent</b><br>Test class: Peugeot.ProdHomePageComponentsPeugeotItalyTest</td>
<td></td>
<td>0</td>
<td>Peugeot.ProdHomePageComponentsPeugeotItalyTest@77f99a05</td></tr>
<tr>
<td title='Peugeot.ProdHomePageComponentsPeugeotSpainTest.TheUserGeneralConditionsTextIsPresent()'><b>TheUserGeneralConditionsTextIsPresent</b><br>Test class: Peugeot.ProdHomePageComponentsPeugeotSpainTest</td>
<td></td>
<td>0</td>
<td>Peugeot.ProdHomePageComponentsPeugeotSpainTest@63440df3</td></tr>
<tr>
<td title='Peugeot.ProdHomePageComponentsPeugeotBelgiumFRTest.TheUserGeneralConditionsTextIsPresent()'><b>TheUserGeneralConditionsTextIsPresent</b><br>Test class: Peugeot.ProdHomePageComponentsPeugeotBelgiumFRTest</td>
<td></td>
<td>0</td>
<td>Peugeot.ProdHomePageComponentsPeugeotBelgiumFRTest@3aeaafa6</td></tr>
<tr>
<td title='Peugeot.ProdHomePageComponentsPeugeotBelgiumNLTest.TheYoutubeIconeIsPresent()'><b>TheYoutubeIconeIsPresent</b><br>Test class: Peugeot.ProdHomePageComponentsPeugeotBelgiumNLTest</td>
<td></td>
<td>0</td>
<td>Peugeot.ProdHomePageComponentsPeugeotBelgiumNLTest@76a3e297</td></tr>
<tr>
<td title='Peugeot.ProdHomePageComponentsPeugeotFranceTest.TheYoutubeIconeIsPresent()'><b>TheYoutubeIconeIsPresent</b><br>Test class: Peugeot.ProdHomePageComponentsPeugeotFranceTest</td>
<td></td>
<td>0</td>
<td>Peugeot.ProdHomePageComponentsPeugeotFranceTest@a38d7a3</td></tr>
<tr>
<td title='Peugeot.ProdHomePageComponentsPeugeotItalyTest.TheYoutubeIconeIsPresent()'><b>TheYoutubeIconeIsPresent</b><br>Test class: Peugeot.ProdHomePageComponentsPeugeotItalyTest</td>
<td></td>
<td>0</td>
<td>Peugeot.ProdHomePageComponentsPeugeotItalyTest@77f99a05</td></tr>
<tr>
<td title='Peugeot.ProdHomePageComponentsPeugeotBelgiumFRTest.TheYoutubeIconeIsPresent()'><b>TheYoutubeIconeIsPresent</b><br>Test class: Peugeot.ProdHomePageComponentsPeugeotBelgiumFRTest</td>
<td></td>
<td>0</td>
<td>Peugeot.ProdHomePageComponentsPeugeotBelgiumFRTest@3aeaafa6</td></tr>
</table><p>
</body>
</html>