<?xml version="1.0" encoding="UTF-8"?>
<!-- Generated by org.testng.reporters.JUnitReportReporter -->
<testsuite skipped="12" hostname="B1009809" name="Peugeot.PreProdHomePageComponentsPeugeotBelgiumFRTest" tests="13" failures="0" timestamp="11 avr. 2019 13:33:34 GMT" time="12.498" errors="1">
  <testcase name="BeforeTest" time="12.498" classname="Peugeot.PreProdHomePageComponentsPeugeotBelgiumFRTest">
    <error type="org.openqa.selenium.WebDriverException" message="unknown error: cannot determine loading status
from unknown error: cannot determine loading status
from disconnected: received Inspector.detached event
  (Session info: chrome=73.0.3683.103)
  (Driver info: chromedriver=73.0.3683.68 (47787ec04b6e38e22703e856e101e840b65afe72),platform=Windows NT 10.0.14393 x86_64) (WARNING: The server did not provide any stacktrace information)
Command duration or timeout: 0 milliseconds
Build info: version: &#039;3.9.1&#039;, revision: &#039;63f7b50&#039;, time: &#039;2018-02-07T22:42:28.403Z&#039;
System info: host: &#039;B1009809&#039;, ip: &#039;10.82.56.205&#039;, os.name: &#039;Windows 10&#039;, os.arch: &#039;amd64&#039;, os.version: &#039;10.0&#039;, java.version: &#039;1.8.0_181&#039;
Driver info: org.openqa.selenium.chrome.ChromeDriver
Capabilities {acceptInsecureCerts: false, acceptSslCerts: false, applicationCacheEnabled: false, browserConnectionEnabled: false, browserName: chrome, chrome: {chromedriverVersion: 73.0.3683.68 (47787ec04b6e3..., userDataDir: C:\Users\E562418\AppData\Lo...}, cssSelectorsEnabled: true, databaseEnabled: false, goog:chromeOptions: {debuggerAddress: localhost:56352}, handlesAlerts: true, hasTouchScreen: false, javascriptEnabled: true, locationContextEnabled: true, mobileEmulationEnabled: false, nativeEvents: true, networkConnectionEnabled: false, pageLoadStrategy: normal, platform: XP, platformName: XP, proxy: Proxy(), rotatable: false, setWindowRect: true, strictFileInteractability: false, takesHeapSnapshot: true, takesScreenshot: true, timeouts: {implicit: 0, pageLoad: 300000, script: 30000}, unexpectedAlertBehaviour: ignore, unhandledPromptBehavior: ignore, version: 73.0.3683.103, webStorageEnabled: true}
Session ID: a940c827808850dadf96a3cd80e3ca41">
      <![CDATA[org.openqa.selenium.WebDriverException: unknown error: cannot determine loading status
from unknown error: cannot determine loading status
from disconnected: received Inspector.detached event
  (Session info: chrome=73.0.3683.103)
  (Driver info: chromedriver=73.0.3683.68 (47787ec04b6e38e22703e856e101e840b65afe72),platform=Windows NT 10.0.14393 x86_64) (WARNING: The server did not provide any stacktrace information)
Command duration or timeout: 0 milliseconds
Build info: version: '3.9.1', revision: '63f7b50', time: '2018-02-07T22:42:28.403Z'
System info: host: 'B1009809', ip: '10.82.56.205', os.name: 'Windows 10', os.arch: 'amd64', os.version: '10.0', java.version: '1.8.0_181'
Driver info: org.openqa.selenium.chrome.ChromeDriver
Capabilities {acceptInsecureCerts: false, acceptSslCerts: false, applicationCacheEnabled: false, browserConnectionEnabled: false, browserName: chrome, chrome: {chromedriverVersion: 73.0.3683.68 (47787ec04b6e3..., userDataDir: C:\Users\E562418\AppData\Lo...}, cssSelectorsEnabled: true, databaseEnabled: false, goog:chromeOptions: {debuggerAddress: localhost:56352}, handlesAlerts: true, hasTouchScreen: false, javascriptEnabled: true, locationContextEnabled: true, mobileEmulationEnabled: false, nativeEvents: true, networkConnectionEnabled: false, pageLoadStrategy: normal, platform: XP, platformName: XP, proxy: Proxy(), rotatable: false, setWindowRect: true, strictFileInteractability: false, takesHeapSnapshot: true, takesScreenshot: true, timeouts: {implicit: 0, pageLoad: 300000, script: 30000}, unexpectedAlertBehaviour: ignore, unhandledPromptBehavior: ignore, version: 73.0.3683.103, webStorageEnabled: true}
Session ID: a940c827808850dadf96a3cd80e3ca41
at sun.reflect.NativeConstructorAccessorImpl.newInstance0(Native Method)
at sun.reflect.NativeConstructorAccessorImpl.newInstance(NativeConstructorAccessorImpl.java:62)
at sun.reflect.DelegatingConstructorAccessorImpl.newInstance(DelegatingConstructorAccessorImpl.java:45)
at java.lang.reflect.Constructor.newInstance(Constructor.java:423)
at org.openqa.selenium.remote.ErrorHandler.createThrowable(ErrorHandler.java:214)
at org.openqa.selenium.remote.ErrorHandler.throwIfResponseFailed(ErrorHandler.java:166)
at org.openqa.selenium.remote.http.JsonHttpResponseCodec.reconstructValue(JsonHttpResponseCodec.java:40)
at org.openqa.selenium.remote.http.AbstractHttpResponseCodec.decode(AbstractHttpResponseCodec.java:80)
at org.openqa.selenium.remote.http.AbstractHttpResponseCodec.decode(AbstractHttpResponseCodec.java:44)
at org.openqa.selenium.remote.HttpCommandExecutor.execute(HttpCommandExecutor.java:160)
at org.openqa.selenium.remote.service.DriverCommandExecutor.execute(DriverCommandExecutor.java:83)
at org.openqa.selenium.remote.RemoteWebDriver.execute(RemoteWebDriver.java:601)
at org.openqa.selenium.remote.RemoteWebDriver.get(RemoteWebDriver.java:325)
at Peugeot.PreProdHomePageComponentsPeugeotBelgiumFRTest.BeforeTest(PreProdHomePageComponentsPeugeotBelgiumFRTest.java:20)
at sun.reflect.NativeMethodAccessorImpl.invoke0(Native Method)
at sun.reflect.NativeMethodAccessorImpl.invoke(NativeMethodAccessorImpl.java:62)
at sun.reflect.DelegatingMethodAccessorImpl.invoke(DelegatingMethodAccessorImpl.java:43)
at java.lang.reflect.Method.invoke(Method.java:498)
at org.testng.internal.MethodInvocationHelper.invokeMethod(MethodInvocationHelper.java:124)
at org.testng.internal.MethodInvocationHelper.invokeMethodConsideringTimeout(MethodInvocationHelper.java:59)
at org.testng.internal.Invoker.invokeConfigurationMethod(Invoker.java:455)
at org.testng.internal.Invoker.invokeConfigurations(Invoker.java:222)
at org.testng.internal.Invoker.invokeConfigurations(Invoker.java:142)
at org.testng.SuiteRunner.privateRun(SuiteRunner.java:401)
at org.testng.SuiteRunner.run(SuiteRunner.java:364)
at org.testng.SuiteRunnerWorker.runSuite(SuiteRunnerWorker.java:52)
at org.testng.SuiteRunnerWorker.run(SuiteRunnerWorker.java:84)
at org.testng.TestNG.runSuitesSequentially(TestNG.java:1208)
at org.testng.TestNG.runSuitesLocally(TestNG.java:1137)
at org.testng.TestNG.runSuites(TestNG.java:1049)
at org.testng.TestNG.run(TestNG.java:1017)
at org.testng.remote.AbstractRemoteTestNG.run(AbstractRemoteTestNG.java:114)
at org.testng.remote.RemoteTestNG.initAndRun(RemoteTestNG.java:251)
at org.testng.remote.RemoteTestNG.main(RemoteTestNG.java:77)
]]>
    </error>
  </testcase> <!-- BeforeTest -->
  <testcase name="ThePageTitleisCorrect" time="0.000" classname="Peugeot.PreProdHomePageComponentsPeugeotBelgiumFRTest">
    <skipped/>
  </testcase> <!-- ThePageTitleisCorrect -->
  <testcase name="ThePeugeotLogoIsDisplayed" time="0.000" classname="Peugeot.PreProdHomePageComponentsPeugeotBelgiumFRTest">
    <skipped/>
  </testcase> <!-- ThePeugeotLogoIsDisplayed -->
  <testcase name="TheTextUnderThePageTitleIsCorrect" time="0.000" classname="Peugeot.PreProdHomePageComponentsPeugeotBelgiumFRTest">
    <skipped/>
  </testcase> <!-- TheTextUnderThePageTitleIsCorrect -->
  <testcase name="GotToHomePageWhenClickingOnThePeugeotLogo" time="0.000" classname="Peugeot.PreProdHomePageComponentsPeugeotBelgiumFRTest">
    <skipped/>
  </testcase> <!-- GotToHomePageWhenClickingOnThePeugeotLogo -->
  <testcase name="TheFacebookIconeIsPresent" time="0.000" classname="Peugeot.PreProdHomePageComponentsPeugeotBelgiumFRTest">
    <skipped/>
  </testcase> <!-- TheFacebookIconeIsPresent -->
  <testcase name="TheYoutubeIconeIsPresent" time="0.000" classname="Peugeot.PreProdHomePageComponentsPeugeotBelgiumFRTest">
    <skipped/>
  </testcase> <!-- TheYoutubeIconeIsPresent -->
  <testcase name="GotFacebookPageWhenClickingTheFacebookIcone" time="0.000" classname="Peugeot.PreProdHomePageComponentsPeugeotBelgiumFRTest">
    <skipped/>
  </testcase> <!-- GotFacebookPageWhenClickingTheFacebookIcone -->
  <testcase name="GotYoutubePageWhenClickingTheyoutubeIcone" time="0.000" classname="Peugeot.PreProdHomePageComponentsPeugeotBelgiumFRTest">
    <skipped/>
  </testcase> <!-- GotYoutubePageWhenClickingTheyoutubeIcone -->
  <testcase name="TheUserGeneralConditionsTextIsPresent" time="0.000" classname="Peugeot.PreProdHomePageComponentsPeugeotBelgiumFRTest">
    <skipped/>
  </testcase> <!-- TheUserGeneralConditionsTextIsPresent -->
  <testcase name="TheCookiesTextIsPresent" time="0.000" classname="Peugeot.PreProdHomePageComponentsPeugeotBelgiumFRTest">
    <skipped/>
  </testcase> <!-- TheCookiesTextIsPresent -->
  <testcase name="GotTheUserGeneralConditionsPage" time="0.000" classname="Peugeot.PreProdHomePageComponentsPeugeotBelgiumFRTest">
    <skipped/>
  </testcase> <!-- GotTheUserGeneralConditionsPage -->
  <testcase name="GotTheCookiesPopUp" time="0.000" classname="Peugeot.PreProdHomePageComponentsPeugeotBelgiumFRTest">
    <skipped/>
  </testcase> <!-- GotTheCookiesPopUp -->
</testsuite> <!-- Peugeot.PreProdHomePageComponentsPeugeotBelgiumFRTest -->
