<?xml version="1.0" encoding="UTF-8"?>
<!-- Generated by org.testng.reporters.JUnitReportReporter -->
<testsuite skipped="0" hostname="B1009809" name="Peugeot.ProdHomePageComponentsPeugeotBelgiumNLTest" tests="8" failures="1" timestamp="11 avr. 2019 13:37:05 GMT" time="13.564" errors="0">
  <testcase name="ThePageTitleisCorrect" time="0.147" classname="Peugeot.ProdHomePageComponentsPeugeotBelgiumNLTest"/>
  <testcase name="ThePeugeotLogoIsDisplayed" time="0.059" classname="Peugeot.ProdHomePageComponentsPeugeotBelgiumNLTest"/>
  <testcase name="TheTextUnderThePageTitleIsCorrect" time="0.065" classname="Peugeot.ProdHomePageComponentsPeugeotBelgiumNLTest"/>
  <testcase name="GotToHomePageWhenClickingOnThePeugeotLogo" time="4.335" classname="Peugeot.ProdHomePageComponentsPeugeotBelgiumNLTest">
    <failure type="java.lang.AssertionError">
      <![CDATA[java.lang.AssertionError
at Peugeot.ProdHomePageComponentsPeugeotBelgiumNLTest.GotToHomePageWhenClickingOnThePeugeotLogo(ProdHomePageComponentsPeugeotBelgiumNLTest.java:47)
at sun.reflect.NativeMethodAccessorImpl.invoke0(Native Method)
at sun.reflect.NativeMethodAccessorImpl.invoke(NativeMethodAccessorImpl.java:62)
at sun.reflect.DelegatingMethodAccessorImpl.invoke(DelegatingMethodAccessorImpl.java:43)
at java.lang.reflect.Method.invoke(Method.java:498)
at org.testng.internal.MethodInvocationHelper.invokeMethod(MethodInvocationHelper.java:124)
at org.testng.internal.Invoker.invokeMethod(Invoker.java:580)
at org.testng.internal.Invoker.invokeTestMethod(Invoker.java:716)
at org.testng.internal.Invoker.invokeTestMethods(Invoker.java:988)
at org.testng.internal.TestMethodWorker.invokeTestMethods(TestMethodWorker.java:125)
at org.testng.internal.TestMethodWorker.run(TestMethodWorker.java:109)
at java.util.concurrent.ThreadPoolExecutor.runWorker(ThreadPoolExecutor.java:1149)
at java.util.concurrent.ThreadPoolExecutor$Worker.run(ThreadPoolExecutor.java:624)
at java.lang.Thread.run(Thread.java:748)
]]>
    </failure>
  </testcase> <!-- GotToHomePageWhenClickingOnThePeugeotLogo -->
  <testcase name="TheYoutubeIconeIsPresent" time="0.053" classname="Peugeot.ProdHomePageComponentsPeugeotBelgiumNLTest"/>
  <testcase name="GotYoutubePageWhenClickingTheyoutubeIcone" time="5.323" classname="Peugeot.ProdHomePageComponentsPeugeotBelgiumNLTest"/>
  <testcase name="TheUserGeneralConditionsTextIsPresent" time="0.052" classname="Peugeot.ProdHomePageComponentsPeugeotBelgiumNLTest"/>
  <testcase name="GotTheUserGeneralConditionsPage" time="3.530" classname="Peugeot.ProdHomePageComponentsPeugeotBelgiumNLTest"/>
</testsuite> <!-- Peugeot.ProdHomePageComponentsPeugeotBelgiumNLTest -->
