<?xml version="1.0" encoding="UTF-8"?>
<!-- Generated by org.testng.reporters.JUnitReportReporter -->
<testsuite skipped="0" hostname="B1009809" name="Citroën.HPCompItTest" tests="15" failures="3" timestamp="04 Jun 2019 15:58:12 GMT" time="31.448" errors="0">
  <testcase name="ThePageTitleisCorrect" time="0.358" classname="Citroën.HPCompItTest"/>
  <testcase name="ThePageTitleBrandisCorrect" time="0.218" classname="Citroën.HPCompItTest"/>
  <testcase name="ThePeugeotLogoIsDisplayed" time="0.162" classname="Citroën.HPCompItTest"/>
  <testcase name="TheTextUnderThePageTitleIsCorrect" time="0.092" classname="Citroën.HPCompItTest"/>
  <testcase name="GotToHomePageWhenClickingOnTheCitënLogo" time="6.953" classname="Citroën.HPCompItTest"/>
  <testcase name="TheFacebookIconeIsPresent" time="0.128" classname="Citroën.HPCompItTest"/>
  <testcase name="GotFacebookPageWhenClickingTheFacebookIcone" time="4.046" classname="Citroën.HPCompItTest">
    <failure type="java.lang.AssertionError">
      <![CDATA[java.lang.AssertionError
at Citroën.HPCompItTest.GotFacebookPageWhenClickingTheFacebookIcone(HPCompItTest.java:77)
at sun.reflect.NativeMethodAccessorImpl.invoke0(Native Method)
at sun.reflect.NativeMethodAccessorImpl.invoke(NativeMethodAccessorImpl.java:62)
at sun.reflect.DelegatingMethodAccessorImpl.invoke(DelegatingMethodAccessorImpl.java:43)
at java.lang.reflect.Method.invoke(Method.java:498)
at org.testng.internal.MethodInvocationHelper.invokeMethod(MethodInvocationHelper.java:124)
at org.testng.internal.Invoker.invokeMethod(Invoker.java:580)
at org.testng.internal.Invoker.invokeTestMethod(Invoker.java:716)
at org.testng.internal.Invoker.invokeTestMethods(Invoker.java:988)
at org.testng.internal.TestMethodWorker.invokeTestMethods(TestMethodWorker.java:125)
at org.testng.internal.TestMethodWorker.run(TestMethodWorker.java:109)
at java.util.concurrent.ThreadPoolExecutor.runWorker(ThreadPoolExecutor.java:1149)
at java.util.concurrent.ThreadPoolExecutor$Worker.run(ThreadPoolExecutor.java:624)
at java.lang.Thread.run(Thread.java:748)
]]>
    </failure>
  </testcase> <!-- GotFacebookPageWhenClickingTheFacebookIcone -->
  <testcase name="TheTwiterIconeIsPresent" time="0.076" classname="Citroën.HPCompItTest"/>
  <testcase name="GotTwiterPageWhenClickingTheTwiterIcone" time="8.472" classname="Citroën.HPCompItTest">
    <failure type="java.lang.AssertionError">
      <![CDATA[java.lang.AssertionError
at Citroën.HPCompItTest.GotTwiterPageWhenClickingTheTwiterIcone(HPCompItTest.java:89)
at sun.reflect.NativeMethodAccessorImpl.invoke0(Native Method)
at sun.reflect.NativeMethodAccessorImpl.invoke(NativeMethodAccessorImpl.java:62)
at sun.reflect.DelegatingMethodAccessorImpl.invoke(DelegatingMethodAccessorImpl.java:43)
at java.lang.reflect.Method.invoke(Method.java:498)
at org.testng.internal.MethodInvocationHelper.invokeMethod(MethodInvocationHelper.java:124)
at org.testng.internal.Invoker.invokeMethod(Invoker.java:580)
at org.testng.internal.Invoker.invokeTestMethod(Invoker.java:716)
at org.testng.internal.Invoker.invokeTestMethods(Invoker.java:988)
at org.testng.internal.TestMethodWorker.invokeTestMethods(TestMethodWorker.java:125)
at org.testng.internal.TestMethodWorker.run(TestMethodWorker.java:109)
at java.util.concurrent.ThreadPoolExecutor.runWorker(ThreadPoolExecutor.java:1149)
at java.util.concurrent.ThreadPoolExecutor$Worker.run(ThreadPoolExecutor.java:624)
at java.lang.Thread.run(Thread.java:748)
]]>
    </failure>
  </testcase> <!-- GotTwiterPageWhenClickingTheTwiterIcone -->
  <testcase name="GotTheUserGeneralConditionsPDF" time="3.441" classname="Citroën.HPCompItTest">
    <failure type="java.lang.AssertionError">
      <![CDATA[java.lang.AssertionError
at Citroën.HPCompItTest.GotTheUserGeneralConditionsPDF(HPCompItTest.java:102)
at sun.reflect.NativeMethodAccessorImpl.invoke0(Native Method)
at sun.reflect.NativeMethodAccessorImpl.invoke(NativeMethodAccessorImpl.java:62)
at sun.reflect.DelegatingMethodAccessorImpl.invoke(DelegatingMethodAccessorImpl.java:43)
at java.lang.reflect.Method.invoke(Method.java:498)
at org.testng.internal.MethodInvocationHelper.invokeMethod(MethodInvocationHelper.java:124)
at org.testng.internal.Invoker.invokeMethod(Invoker.java:580)
at org.testng.internal.Invoker.invokeTestMethod(Invoker.java:716)
at org.testng.internal.Invoker.invokeTestMethods(Invoker.java:988)
at org.testng.internal.TestMethodWorker.invokeTestMethods(TestMethodWorker.java:125)
at org.testng.internal.TestMethodWorker.run(TestMethodWorker.java:109)
at java.util.concurrent.ThreadPoolExecutor.runWorker(ThreadPoolExecutor.java:1149)
at java.util.concurrent.ThreadPoolExecutor$Worker.run(ThreadPoolExecutor.java:624)
at java.lang.Thread.run(Thread.java:748)
]]>
    </failure>
  </testcase> <!-- GotTheUserGeneralConditionsPDF -->
  <testcase name="TheUserGeneralConditionsTextIsPresent" time="0.096" classname="Citroën.HPCompItTest"/>
  <testcase name="GotTheCookiesPopUp" time="3.902" classname="Citroën.HPCompItTest"/>
  <testcase name="TheCookiesTextIsPresent" time="0.056" classname="Citroën.HPCompItTest"/>
  <testcase name="TheYoutubeIconeIsPresent" time="0.060" classname="Citroën.HPCompItTest"/>
  <testcase name="GotYoutubePageWhenClickingTheyoutubeIcone" time="3.388" classname="Citroën.HPCompItTest"/>
</testsuite> <!-- Citroën.HPCompItTest -->
