<?xml version="1.0" encoding="UTF-8"?>
<!-- Generated by org.testng.reporters.JUnitReportReporter -->
<testsuite skipped="0" hostname="B1009809" name="Citroën.HPCompESTest" tests="13" failures="1" timestamp="04 Jun 2019 15:58:12 GMT" time="37.430" errors="0">
  <testcase name="ThePageTitleisCorrect" time="0.129" classname="Citroën.HPCompESTest"/>
  <testcase name="ThePageTitleBrandisCorrect" time="0.176" classname="Citroën.HPCompESTest"/>
  <testcase name="ThePeugeotLogoIsDisplayed" time="0.137" classname="Citroën.HPCompESTest"/>
  <testcase name="TheTextUnderThePageTitleIsCorrect" time="0.080" classname="Citroën.HPCompESTest"/>
  <testcase name="GotToHomePageWhenClickingOnTheCitënLogo" time="2.977" classname="Citroën.HPCompESTest"/>
  <testcase name="TheFacebookIconeIsPresent" time="0.108" classname="Citroën.HPCompESTest"/>
  <testcase name="GotFacebookPageWhenClickingTheFacebookIcone" time="3.745" classname="Citroën.HPCompESTest">
    <failure type="java.lang.AssertionError">
      <![CDATA[java.lang.AssertionError
at Citroën.HPCompESTest.GotFacebookPageWhenClickingTheFacebookIcone(HPCompESTest.java:77)
at sun.reflect.NativeMethodAccessorImpl.invoke0(Native Method)
at sun.reflect.NativeMethodAccessorImpl.invoke(NativeMethodAccessorImpl.java:62)
at sun.reflect.DelegatingMethodAccessorImpl.invoke(DelegatingMethodAccessorImpl.java:43)
at java.lang.reflect.Method.invoke(Method.java:498)
at org.testng.internal.MethodInvocationHelper.invokeMethod(MethodInvocationHelper.java:124)
at org.testng.internal.Invoker.invokeMethod(Invoker.java:580)
at org.testng.internal.Invoker.invokeTestMethod(Invoker.java:716)
at org.testng.internal.Invoker.invokeTestMethods(Invoker.java:988)
at org.testng.internal.TestMethodWorker.invokeTestMethods(TestMethodWorker.java:125)
at org.testng.internal.TestMethodWorker.run(TestMethodWorker.java:109)
at java.util.concurrent.ThreadPoolExecutor.runWorker(ThreadPoolExecutor.java:1149)
at java.util.concurrent.ThreadPoolExecutor$Worker.run(ThreadPoolExecutor.java:624)
at java.lang.Thread.run(Thread.java:748)
]]>
    </failure>
  </testcase> <!-- GotFacebookPageWhenClickingTheFacebookIcone -->
  <testcase name="TheTwiterIconeIsPresent" time="0.076" classname="Citroën.HPCompESTest"/>
  <testcase name="GotTwiterPageWhenClickingTheTwiterIcone" time="3.637" classname="Citroën.HPCompESTest"/>
  <testcase name="TheUserGeneralConditionsTextIsPresent" time="19.047" classname="Citroën.HPCompESTest"/>
  <testcase name="GotTheUserGeneralConditionsPDF" time="3.369" classname="Citroën.HPCompESTest"/>
  <testcase name="GotTheCookiesPopUp" time="3.897" classname="Citroën.HPCompESTest"/>
  <testcase name="TheCookiesTextIsPresent" time="0.052" classname="Citroën.HPCompESTest"/>
</testsuite> <!-- Citroën.HPCompESTest -->
