<?xml version="1.0" encoding="UTF-8"?>
<!-- Generated by org.testng.reporters.JUnitReportReporter -->
<testsuite skipped="0" hostname="B1009809" name="Peugeot.HPCompESTest" tests="9" failures="1" timestamp="04 Jun 2019 15:58:12 GMT" time="16.548" errors="0">
  <testcase name="ThePeugeotLogoIsDisplayed" time="0.237" classname="Peugeot.HPCompESTest"/>
  <testcase name="TheTextUnderThePageTitleIsCorrect" time="0.116" classname="Peugeot.HPCompESTest"/>
  <testcase name="GotToHomePageWhenClickingOnThePeugeotLogo" time="5.147" classname="Peugeot.HPCompESTest"/>
  <testcase name="TheFacebookIconeIsPresent" time="0.080" classname="Peugeot.HPCompESTest"/>
  <testcase name="GotFacebookPageWhenClickingTheFacebookIcone" time="3.513" classname="Peugeot.HPCompESTest"/>
  <testcase name="TheUserGeneralConditionsTextIsPresent" time="0.153" classname="Peugeot.HPCompESTest"/>
  <testcase name="TheCookiesTextIsPresent" time="0.068" classname="Peugeot.HPCompESTest"/>
  <testcase name="GotTheUserGeneralConditionsPage" time="3.401" classname="Peugeot.HPCompESTest">
    <failure type="java.lang.AssertionError">
      <![CDATA[java.lang.AssertionError
at Peugeot.HPCompESTest.GotTheUserGeneralConditionsPage(HPCompESTest.java:87)
at sun.reflect.NativeMethodAccessorImpl.invoke0(Native Method)
at sun.reflect.NativeMethodAccessorImpl.invoke(NativeMethodAccessorImpl.java:62)
at sun.reflect.DelegatingMethodAccessorImpl.invoke(DelegatingMethodAccessorImpl.java:43)
at java.lang.reflect.Method.invoke(Method.java:498)
at org.testng.internal.MethodInvocationHelper.invokeMethod(MethodInvocationHelper.java:124)
at org.testng.internal.Invoker.invokeMethod(Invoker.java:580)
at org.testng.internal.Invoker.invokeTestMethod(Invoker.java:716)
at org.testng.internal.Invoker.invokeTestMethods(Invoker.java:988)
at org.testng.internal.TestMethodWorker.invokeTestMethods(TestMethodWorker.java:125)
at org.testng.internal.TestMethodWorker.run(TestMethodWorker.java:109)
at java.util.concurrent.ThreadPoolExecutor.runWorker(ThreadPoolExecutor.java:1149)
at java.util.concurrent.ThreadPoolExecutor$Worker.run(ThreadPoolExecutor.java:624)
at java.lang.Thread.run(Thread.java:748)
]]>
    </failure>
  </testcase> <!-- GotTheUserGeneralConditionsPage -->
  <testcase name="GotTheCookiesPopUp" time="3.833" classname="Peugeot.HPCompESTest"/>
</testsuite> <!-- Peugeot.HPCompESTest -->
