<?xml version="1.0" encoding="UTF-8"?>
<!-- Generated by org.testng.reporters.JUnitReportReporter -->
<testsuite skipped="0" hostname="B1009809" name="Peugeot.HPCompBeNlTest" tests="8" failures="1" timestamp="22 May 2019 08:18:56 GMT" time="17.697" errors="0">
  <testcase name="ThePageTitleisCorrect" time="0.136" classname="Peugeot.HPCompBeNlTest"/>
  <testcase name="ThePeugeotLogoIsDisplayed" time="0.108" classname="Peugeot.HPCompBeNlTest"/>
  <testcase name="TheTextUnderThePageTitleIsCorrect" time="0.104" classname="Peugeot.HPCompBeNlTest"/>
  <testcase name="GotToHomePageWhenClickingOnThePeugeotLogo" time="9.256" classname="Peugeot.HPCompBeNlTest">
    <failure type="java.lang.AssertionError">
      <![CDATA[java.lang.AssertionError
at Peugeot.HPCompBeNlTest.GotToHomePageWhenClickingOnThePeugeotLogo(HPCompBeNlTest.java:49)
at sun.reflect.NativeMethodAccessorImpl.invoke0(Native Method)
at sun.reflect.NativeMethodAccessorImpl.invoke(NativeMethodAccessorImpl.java:62)
at sun.reflect.DelegatingMethodAccessorImpl.invoke(DelegatingMethodAccessorImpl.java:43)
at java.lang.reflect.Method.invoke(Method.java:498)
at org.testng.internal.MethodInvocationHelper.invokeMethod(MethodInvocationHelper.java:124)
at org.testng.internal.Invoker.invokeMethod(Invoker.java:580)
at org.testng.internal.Invoker.invokeTestMethod(Invoker.java:716)
at org.testng.internal.Invoker.invokeTestMethods(Invoker.java:988)
at org.testng.internal.TestMethodWorker.invokeTestMethods(TestMethodWorker.java:125)
at org.testng.internal.TestMethodWorker.run(TestMethodWorker.java:109)
at java.util.concurrent.ThreadPoolExecutor.runWorker(ThreadPoolExecutor.java:1149)
at java.util.concurrent.ThreadPoolExecutor$Worker.run(ThreadPoolExecutor.java:624)
at java.lang.Thread.run(Thread.java:748)
]]>
    </failure>
  </testcase> <!-- GotToHomePageWhenClickingOnThePeugeotLogo -->
  <testcase name="TheYoutubeIconeIsPresent" time="0.108" classname="Peugeot.HPCompBeNlTest"/>
  <testcase name="GotYoutubePageWhenClickingTheyoutubeIcone" time="3.885" classname="Peugeot.HPCompBeNlTest"/>
  <testcase name="TheUserGeneralConditionsTextIsPresent" time="0.076" classname="Peugeot.HPCompBeNlTest"/>
  <testcase name="GotTheUserGeneralConditionsPage" time="4.024" classname="Peugeot.HPCompBeNlTest"/>
</testsuite> <!-- Peugeot.HPCompBeNlTest -->
