<?xml version="1.0" encoding="UTF-8"?>
<!-- Generated by org.testng.reporters.JUnitReportReporter -->
<testsuite skipped="0" hostname="B1009809" name="Peugeot.ResultPageTestLight" tests="19" failures="1" timestamp="07 juin 2019 13:26:49 GMT" time="1078.124" errors="0">
  <testcase name="CheckThatThedeliveryDateisGreaterThanTodaysDate" time="76.281" classname="Peugeot.ResultPageTestLight"/>
  <testcase name="CheckThatTheNumberOfOfferschangesWhenChangingGearBox" time="54.247" classname="Peugeot.ResultPageTestLight"/>
  <testcase name="CheckThatTheNumberOfOfferschangesWhenChangingGearBox" time="48.890" classname="Peugeot.ResultPageTestLight"/>
  <testcase name="CheckThatTheNumberOfOfferschangesWhenChangingGearBox" time="61.749" classname="Peugeot.ResultPageTestLight"/>
  <testcase name="CheckThatTheNumberOfOfferschangesWhenChangingEngine" time="41.576" classname="Peugeot.ResultPageTestLight"/>
  <testcase name="CheckThatTheNumberOfOfferschangesWhenChangingEngine" time="49.057" classname="Peugeot.ResultPageTestLight"/>
  <testcase name="CheckThatTheNumberOfOfferschangesWhenChangingEngine" time="43.633" classname="Peugeot.ResultPageTestLight"/>
  <testcase name="CheckThatTheNumberOfOfferschangesWhenChangingFinition" time="54.141" classname="Peugeot.ResultPageTestLight"/>
  <testcase name="CheckThatTheNumberOfOfferschangesWhenChangingFinition" time="43.713" classname="Peugeot.ResultPageTestLight"/>
  <testcase name="CheckThatTheNumberOfOfferschangesWhenChangingFinition" time="46.191" classname="Peugeot.ResultPageTestLight"/>
  <testcase name="TheNumberOfOffersISGreaterWhenAddingAModel" time="48.583" classname="Peugeot.ResultPageTestLight"/>
  <testcase name="TheNumberOfOffersISGreaterWhenAddingAModel" time="39.972" classname="Peugeot.ResultPageTestLight">
    <failure type="java.lang.AssertionError">
      <![CDATA[java.lang.AssertionError
at Peugeot.ResultPageTestLight.TheNumberOfOffersISGreaterWhenAddingAModel(ResultPageTestLight.java:260)
at sun.reflect.NativeMethodAccessorImpl.invoke0(Native Method)
at sun.reflect.NativeMethodAccessorImpl.invoke(NativeMethodAccessorImpl.java:62)
at sun.reflect.DelegatingMethodAccessorImpl.invoke(DelegatingMethodAccessorImpl.java:43)
at java.lang.reflect.Method.invoke(Method.java:498)
at org.testng.internal.MethodInvocationHelper.invokeMethod(MethodInvocationHelper.java:124)
at org.testng.internal.Invoker.invokeMethod(Invoker.java:580)
at org.testng.internal.Invoker.invokeTestMethod(Invoker.java:716)
at org.testng.internal.Invoker.invokeTestMethods(Invoker.java:988)
at org.testng.internal.TestMethodWorker.invokeTestMethods(TestMethodWorker.java:125)
at org.testng.internal.TestMethodWorker.run(TestMethodWorker.java:109)
at org.testng.TestRunner.privateRun(TestRunner.java:648)
at org.testng.TestRunner.run(TestRunner.java:505)
at org.testng.SuiteRunner.runTest(SuiteRunner.java:455)
at org.testng.SuiteRunner.runSequentially(SuiteRunner.java:450)
at org.testng.SuiteRunner.privateRun(SuiteRunner.java:415)
at org.testng.SuiteRunner.run(SuiteRunner.java:364)
at org.testng.SuiteRunnerWorker.runSuite(SuiteRunnerWorker.java:52)
at org.testng.SuiteRunnerWorker.run(SuiteRunnerWorker.java:84)
at org.testng.TestNG.runSuitesSequentially(TestNG.java:1208)
at org.testng.TestNG.runSuitesLocally(TestNG.java:1137)
at org.testng.TestNG.runSuites(TestNG.java:1049)
at org.testng.TestNG.run(TestNG.java:1017)
at org.testng.remote.AbstractRemoteTestNG.run(AbstractRemoteTestNG.java:114)
at org.testng.remote.RemoteTestNG.initAndRun(RemoteTestNG.java:251)
at org.testng.remote.RemoteTestNG.main(RemoteTestNG.java:77)
]]>
    </failure>
  </testcase> <!-- TheNumberOfOffersISGreaterWhenAddingAModel -->
  <testcase name="TheNumberOfOffersISGreaterWhenAddingAModel" time="40.322" classname="Peugeot.ResultPageTestLight"/>
  <testcase name="TheNumberOfOffersIsLowerWhenChangingThePriceSlider" time="29.313" classname="Peugeot.ResultPageTestLight"/>
  <testcase name="TheNumberOfOffersIsLowerWhenChangingThePriceSlider" time="27.579" classname="Peugeot.ResultPageTestLight"/>
  <testcase name="TheNumberOfOffersIsLowerWhenChangingThePriceSlider" time="36.418" classname="Peugeot.ResultPageTestLight"/>
  <testcase name="TheNumberOfOffersIsCorrectWhenChangingTheEnergy" time="114.515" classname="Peugeot.ResultPageTestLight"/>
  <testcase name="TheNumberOfOffersIsCorrectWhenChangingTheEnergy" time="119.240" classname="Peugeot.ResultPageTestLight"/>
  <testcase name="TheNumberOfOffersIsCorrectWhenChangingTheEnergy" time="102.704" classname="Peugeot.ResultPageTestLight"/>
</testsuite> <!-- Peugeot.ResultPageTestLight -->
